============================= test session starts ==============================
platform linux -- Python 3.12.3, pytest-9.0.3, pluggy-1.6.0 -- /var/www/vltk-mobile/backend/.venv/bin/python
cachedir: .pytest_cache
rootdir: /var/www/vltk-mobile/backend
configfile: pyproject.toml
testpaths: tests
plugins: cov-7.1.0, anyio-4.13.0, asyncio-1.4.0
asyncio: mode=Mode.AUTO, debug=False, asyncio_default_fixture_loop_scope=None, asyncio_default_test_loop_scope=function
collecting ... collected 736 items

tests/e2e/test_player_journey.py::test_full_player_journey PASSED        [  0%]
tests/integration/modules/account/test_account.py::test_login_then_logout_writes_dates PASSED [  0%]
tests/integration/modules/account/test_account.py::test_logout_unknown_account PASSED [  0%]
tests/integration/modules/account/test_account.py::test_login_otp_account_blocked_when_engine_unconfigured PASSED [  0%]
tests/integration/modules/account/test_account.py::test_login_ip_limit_exceeded PASSED [  0%]
tests/integration/modules/account/test_fs02a_auth_contract.py::test_login_accepts_camelcase_accname_and_plaintext_password PASSED [  0%]
tests/integration/modules/account/test_fs02a_auth_contract.py::test_login_accepts_both_camelcase_and_snake_case PASSED [  0%]
tests/integration/modules/account/test_fs02a_auth_contract.py::test_login_rejects_extra_field PASSED [  1%]
tests/integration/modules/account/test_fs02a_auth_contract.py::test_password_stored_as_md5_uppercase_hex_32_chars PASSED [  1%]
tests/integration/modules/account/test_fs02a_auth_contract.py::test_login_with_md5_of_password_fails PASSED [  1%]
tests/integration/modules/account/test_fs02a_auth_contract.py::test_login_does_not_require_authorization_header PASSED [  1%]
tests/integration/modules/account/test_fs02a_auth_contract.py::test_login_response_has_no_token_field PASSED [  1%]
tests/integration/modules/account/test_fs02a_auth_contract.py::test_wrong_password_returns_401 PASSED [  1%]
tests/integration/modules/account/test_fs02a_auth_contract.py::test_unknown_account_returns_401_same_as_wrong_password PASSED [  1%]
tests/integration/modules/account/test_fs02a_auth_contract.py::test_banned_account_returns_403 PASSED [  2%]
tests/integration/modules/account/test_fs02a_auth_contract.py::test_logout_writes_logout_date_and_returns_200 PASSED [  2%]
tests/integration/modules/account/test_fs02a_auth_contract.py::test_logout_unknown_account_returns_401 PASSED [  2%]
tests/integration/modules/account/test_fs02a_auth_contract.py::test_full_happy_path_create_account_login_list_roles_get_player_state PASSED [  2%]
tests/integration/modules/account/test_fs02a_auth_contract.py::test_happy_path_stored_password_is_md5_upper PASSED [  2%]
tests/integration/modules/account/test_login.py::test_create_then_login_success PASSED [  2%]
tests/integration/modules/account/test_login.py::test_login_wrong_password PASSED [  2%]
tests/integration/modules/account/test_login.py::test_login_unknown_account PASSED [  2%]
tests/integration/modules/account/test_login.py::test_login_banned PASSED [  3%]
tests/integration/modules/account/test_login.py::test_duplicate_account_rejected PASSED [  3%]
tests/integration/modules/activity/test_activity.py::test_list_activities PASSED [  3%]
tests/integration/modules/activity/test_activity.py::test_get_activity PASSED [  3%]
tests/integration/modules/activity/test_activity.py::test_get_unknown_activity PASSED [  3%]
tests/integration/modules/activity/test_activity.py::test_join_activity_and_list PASSED [  3%]
tests/integration/modules/activity/test_activity.py::test_join_duplicate_rejected PASSED [  3%]
tests/integration/modules/activity/test_activity_events.py::test_dispatch_submission_records_to_db PASSED [  4%]
tests/integration/modules/activity/test_activity_events.py::test_dispatch_blocked_when_level_too_low_in_db PASSED [  4%]
tests/integration/modules/activity/test_activity_events.py::test_dispatch_blocked_when_no_item_in_db PASSED [  4%]
tests/integration/modules/activity/test_activity_events.py::test_dispatch_rejects_spoofed_role PASSED [  4%]
tests/integration/modules/activity/test_activity_events.py::test_dispatch_unknown_activity PASSED [  4%]
tests/integration/modules/combat/test_combat.py::test_create_and_get_battle PASSED [  4%]
tests/integration/modules/combat/test_combat.py::test_join_and_list_participants PASSED [  4%]
tests/integration/modules/combat/test_combat.py::test_update_score_and_resolve_ranking PASSED [  5%]
tests/integration/modules/combat/test_combat.py::test_damage_calc_parity_armor_then_resist PASSED [  5%]
tests/integration/modules/combat/test_combat.py::test_damage_calc_mana_shield_breaks PASSED [  5%]
tests/integration/modules/combat/test_combat.py::test_damage_calc_reflect_to_attacker PASSED [  5%]
tests/integration/modules/combat/test_combat.py::test_status_tick_poison_dot_and_decay PASSED [  5%]
tests/integration/modules/combat/test_combat.py::test_status_tick_poison_applies_damage PASSED [  5%]
tests/integration/modules/combat/test_combat.py::test_status_tick_stun_controls PASSED [  5%]
tests/integration/modules/combat/test_combat.py::test_status_tick_regen_every_game_update_time PASSED [  5%]
tests/integration/modules/combat/test_combat.py::test_pk_check_safe_zone_blocks PASSED [  6%]
tests/integration/modules/combat/test_combat.py::test_pk_check_battlefield_enemy_allowed PASSED [  6%]
tests/integration/modules/combat/test_combat.py::test_record_kill_awards_parity_score PASSED [  6%]
tests/integration/modules/combat/test_combat.py::test_record_kill_same_camp_rejected PASSED [  6%]
tests/integration/modules/item/test_gameplay.py::test_equip_then_unequip PASSED [  6%]
tests/integration/modules/item/test_gameplay.py::test_unequip_not_equipped_rejected PASSED [  6%]
tests/integration/modules/item/test_gameplay.py::test_equip_non_equipment_rejected PASSED [  6%]
tests/integration/modules/item/test_gameplay.py::test_equip_broken_rejected PASSED [  7%]
tests/integration/modules/item/test_gameplay.py::test_use_item_consumes_amount PASSED [  7%]
tests/integration/modules/item/test_gameplay.py::test_use_last_item_deletes PASSED [  7%]
tests/integration/modules/item/test_gameplay.py::test_use_unusable_item_rejected PASSED [  7%]
tests/integration/modules/item/test_item.py::test_add_item_and_list PASSED [  7%]
tests/integration/modules/item/test_item.py::test_add_item_stacks PASSED [  7%]
tests/integration/modules/item/test_item.py::test_add_unknown_template_rejected PASSED [  7%]
tests/integration/modules/item/test_item.py::test_remove_item PASSED     [  8%]
tests/integration/modules/item/test_item.py::test_remove_too_many_rejected PASSED [  8%]
tests/integration/modules/item/test_item.py::test_get_price PASSED       [  8%]
tests/integration/modules/map/test_map.py::test_list_maps PASSED         [  8%]
tests/integration/modules/map/test_map.py::test_get_map_by_id PASSED     [  8%]
tests/integration/modules/map/test_map.py::test_get_unknown_map PASSED   [  8%]
tests/integration/modules/map/test_map.py::test_enter_map_and_get_position PASSED [  8%]
tests/integration/modules/map/test_map.py::test_enter_map_updates_position PASSED [  8%]
tests/integration/modules/mission/test_mission.py::test_branch_full_lifecycle PASSED [  9%]
tests/integration/modules/mission/test_mission.py::test_branch_wrong_camp_rejected PASSED [  9%]
tests/integration/modules/mission/test_mission.py::test_chain_collect_lifecycle PASSED [  9%]
tests/integration/modules/mission/test_mission.py::test_chain_value_delta_with_weighted_reward PASSED [  9%]
tests/integration/modules/mission/test_mission.py::test_available_list_filters_by_level PASSED [  9%]
tests/integration/modules/player/test_player.py::test_create_state_and_get PASSED [  9%]
tests/integration/modules/player/test_player.py::test_duplicate_state_rejected PASSED [  9%]
tests/integration/modules/player/test_player.py::test_add_exp PASSED     [ 10%]
tests/integration/modules/player/test_player.py::test_translife_not_allowed_low_level PASSED [ 10%]
tests/integration/modules/player/test_player.py::test_translife_rejected_below_first_milestone PASSED [ 10%]
tests/integration/modules/player/test_player.py::test_translife_resets_level_to_one_and_attributes PASSED [ 10%]
tests/integration/modules/role/test_role.py::test_create_and_list_roles PASSED [ 10%]
tests/integration/modules/role/test_role.py::test_duplicate_role_name_rejected PASSED [ 10%]
tests/integration/modules/role/test_role.py::test_invalid_faction_rejected PASSED [ 10%]
tests/integration/modules/role/test_role.py::test_role_limit_per_account PASSED [ 11%]
tests/integration/modules/role/test_role.py::test_role_name_with_surrounding_space_rejected PASSED [ 11%]
tests/integration/modules/role/test_role.py::test_role_name_with_control_char_rejected PASSED [ 11%]
tests/integration/modules/shop/test_shop.py::test_buy_item PASSED        [ 11%]
tests/integration/modules/shop/test_shop.py::test_sell_item PASSED       [ 11%]
tests/integration/modules/shop/test_shop.py::test_sell_not_owned_rejected PASSED [ 11%]
tests/integration/modules/shop/test_shop.py::test_sell_more_than_owned_rejected PASSED [ 11%]
tests/integration/modules/shop/test_shop.py::test_buy_unknown_price_rejected PASSED [ 11%]
tests/integration/modules/shop/test_shop.py::test_transaction_history PASSED [ 12%]
tests/integration/modules/shop/test_shop.py::test_get_catalog PASSED     [ 12%]
tests/integration/modules/skill/test_skill.py::test_learn_skill_and_list PASSED [ 12%]
tests/integration/modules/skill/test_skill.py::test_learn_duplicate_rejected PASSED [ 12%]
tests/integration/modules/skill/test_skill.py::test_learn_unknown_skill_rejected PASSED [ 12%]
tests/integration/modules/skill/test_skill.py::test_level_up_skill PASSED [ 12%]
tests/integration/modules/skill/test_skill.py::test_level_up_unlearned_rejected PASSED [ 12%]
tests/integration/modules/skill/test_skill_cast_authoritative.py::test_cast_deducts_mana_real PASSED [ 13%]
tests/integration/modules/skill/test_skill_cast_authoritative.py::test_cast_rejected_when_not_enough_mana PASSED [ 13%]
tests/integration/modules/skill/test_skill_cast_authoritative.py::test_cast_cooldown_enforced_server_side PASSED [ 13%]
tests/integration/modules/skill/test_skill_cast_authoritative.py::test_cast_allowed_after_cooldown PASSED [ 13%]
tests/integration/modules/skill/test_skill_cast_authoritative.py::test_cast_unlearned_skill_rejected PASSED [ 13%]
tests/integration/modules/skill/test_skill_cast_authoritative.py::test_cast_without_player_state_rejected PASSED [ 13%]
tests/integration/modules/social/test_social.py::test_create_and_get_tong PASSED [ 13%]
tests/integration/modules/social/test_social.py::test_add_and_list_members PASSED [ 13%]
tests/integration/modules/social/test_social.py::test_change_member_rank PASSED [ 14%]
tests/integration/modules/social/test_social.py::test_add_and_list_relation PASSED [ 14%]
tests/integration/modules/social/test_social.py::test_invalid_relation_type_rejected PASSED [ 14%]
tests/integration/modules/social/test_social.py::test_remove_relation PASSED [ 14%]
tests/integration/modules/social/test_union_zhaomu.py::test_create_union_and_leader_is_member PASSED [ 14%]
tests/integration/modules/social/test_union_zhaomu.py::test_union_apply_then_join PASSED [ 14%]
tests/integration/modules/social/test_union_zhaomu.py::test_union_apply_refuse PASSED [ 14%]
tests/integration/modules/social/test_union_zhaomu.py::test_create_and_list_zhaomu PASSED [ 15%]
tests/integration/modules/social/test_union_zhaomu.py::test_zhaomu_apply_and_approve PASSED [ 15%]
tests/integration/modules/social/test_union_zhaomu.py::test_zhaomu_apply_refuse PASSED [ 15%]
tests/integration/modules/social/test_union_zhaomu.py::test_duplicate_zhaomu_rejected PASSED [ 15%]
tests/integration/modules/task/test_task.py::test_get_task_default_zero PASSED [ 15%]
tests/integration/modules/task/test_task.py::test_set_then_get_task PASSED [ 15%]
tests/integration/modules/task/test_task.py::test_set_task_overwrites PASSED [ 15%]
tests/integration/modules/task/test_task.py::test_create_task_and_list PASSED [ 16%]
tests/unit/modules/account/test_ip_limit.py::test_allow_up_to_max PASSED [ 16%]
tests/unit/modules/account/test_ip_limit.py::test_reject_over_max PASSED [ 16%]
tests/unit/modules/account/test_ip_limit.py::test_logout_frees_slot PASSED [ 16%]
tests/unit/modules/account/test_ip_limit.py::test_different_ips_independent PASSED [ 16%]
tests/unit/modules/account/test_ip_limit.py::test_disabled_bypasses_limit PASSED [ 16%]
tests/unit/modules/account/test_ip_limit.py::test_ip_override PASSED     [ 16%]
tests/unit/modules/account/test_ip_limit.py::test_default_max_matches_pc_config PASSED [ 16%]
tests/unit/modules/account/test_otp.py::test_unconfigured_not_configured PASSED [ 17%]
tests/unit/modules/account/test_otp.py::test_unconfigured_never_verifies PASSED [ 17%]
tests/unit/modules/account/test_otp.py::test_default_is_unconfigured PASSED [ 17%]
tests/unit/modules/account/test_password.py::test_hash_password_md5_uppercase_parity PASSED [ 17%]
tests/unit/modules/account/test_password.py::test_hash_password_is_32_upper_hex PASSED [ 17%]
tests/unit/modules/account/test_password.py::test_verify_password[1-C4CA4238A0B923820DCC509A6F75849B-True] PASSED [ 17%]
tests/unit/modules/account/test_password.py::test_verify_password[1-c4ca4238a0b923820dcc509a6f75849b-True] PASSED [ 17%]
tests/unit/modules/account/test_password.py::test_verify_password[sai-C4CA4238A0B923820DCC509A6F75849B-False] PASSED [ 18%]
tests/unit/modules/account/test_password.py::test_verify_password[1--False] PASSED [ 18%]
tests/unit/modules/account/test_service.py::test_login_no_otp_ok PASSED  [ 18%]
tests/unit/modules/account/test_service.py::test_login_otp_engine_not_configured_501 PASSED [ 18%]
tests/unit/modules/account/test_service.py::test_login_otp_missing_code PASSED [ 18%]
tests/unit/modules/account/test_service.py::test_login_otp_invalid_code PASSED [ 18%]
tests/unit/modules/account/test_service.py::test_login_otp_valid_code PASSED [ 18%]
tests/unit/modules/account/test_service.py::test_login_ip_limit_exceeded_429 PASSED [ 19%]
tests/unit/modules/account/test_service.py::test_login_ip_limit_ok_when_under PASSED [ 19%]
tests/unit/modules/account/test_service.py::test_logout_writes_date_and_clears_session PASSED [ 19%]
tests/unit/modules/account/test_service.py::test_logout_unknown_account_401 PASSED [ 19%]
tests/unit/modules/activity/test_activity_catalog.py::test_load_catalog_size_parity PASSED [ 19%]
tests/unit/modules/activity/test_activity_catalog.py::test_activity_id_range_parity PASSED [ 19%]
tests/unit/modules/activity/test_activity_catalog.py::test_activity_2_window_parity PASSED [ 19%]
tests/unit/modules/activity/test_activity_catalog.py::test_activity_1_unbounded_parity PASSED [ 19%]
tests/unit/modules/activity/test_activity_catalog.py::test_activity_14_bigboss_name_parity PASSED [ 20%]
tests/unit/modules/activity/test_activity_catalog.py::test_activity_15_taskgroup_parity PASSED [ 20%]
tests/unit/modules/activity/test_activity_catalog.py::test_activity_without_taskgroup_is_none PASSED [ 20%]
tests/unit/modules/activity/test_activity_catalog.py::test_get_invalid_activity_returns_none PASSED [ 20%]
tests/unit/modules/activity/test_activity_catalog.py::test_list_activities_sorted PASSED [ 20%]
tests/unit/modules/activity/test_activity_logic.py::test_fully_unbounded_always_active PASSED [ 20%]
tests/unit/modules/activity/test_activity_logic.py::test_inside_window PASSED [ 20%]
tests/unit/modules/activity/test_activity_logic.py::test_before_start PASSED [ 21%]
tests/unit/modules/activity/test_activity_logic.py::test_after_end PASSED [ 21%]
tests/unit/modules/activity/test_activity_logic.py::test_start_boundary_inclusive PASSED [ 21%]
tests/unit/modules/activity/test_activity_logic.py::test_end_boundary_inclusive PASSED [ 21%]
tests/unit/modules/activity/test_activity_logic.py::test_unbounded_start_only PASSED [ 21%]
tests/unit/modules/activity/test_activity_logic.py::test_unbounded_end_only PASSED [ 21%]
tests/unit/modules/activity/test_daily_task.py::test_local_date_yymmdd PASSED [ 21%]
tests/unit/modules/activity/test_daily_task.py::test_local_date_mmdd PASSED [ 22%]
tests/unit/modules/activity/test_daily_task.py::test_pack_base PASSED    [ 22%]
tests/unit/modules/activity/test_daily_task.py::test_get_daily_count_same_day PASSED [ 22%]
tests/unit/modules/activity/test_daily_task.py::test_get_daily_count_new_day_resets PASSED [ 22%]
tests/unit/modules/activity/test_daily_task.py::test_check_daily_pass PASSED [ 22%]
tests/unit/modules/activity/test_daily_task.py::test_check_daily_fail PASSED [ 22%]
tests/unit/modules/activity/test_daily_task.py::test_check_daily_resets_then_compares PASSED [ 22%]
tests/unit/modules/activity/test_daily_task.py::test_check_daily_lt_op PASSED [ 22%]
tests/unit/modules/activity/test_daily_task.py::test_add_daily_same_day PASSED [ 23%]
tests/unit/modules/activity/test_daily_task.py::test_add_daily_new_day_resets_first PASSED [ 23%]
tests/unit/modules/activity/test_daily_task.py::test_set_daily PASSED    [ 23%]
tests/unit/modules/activity/test_daily_task.py::test_reset_if_new_day_same PASSED [ 23%]
tests/unit/modules/activity/test_daily_task.py::test_reset_if_new_day_changed PASSED [ 23%]
tests/unit/modules/activity/test_engine.py::TestSmokeEvent::test_submission_passes_when_conditions_met PASSED [ 23%]
tests/unit/modules/activity/test_engine.py::TestSmokeEvent::test_blocked_when_level_too_low PASSED [ 23%]
tests/unit/modules/activity/test_engine.py::TestSmokeEvent::test_blocked_when_item_missing PASSED [ 24%]
tests/unit/modules/activity/test_engine.py::TestEvent3000::test_click_npc_opens_dialog_option PASSED [ 24%]
tests/unit/modules/activity/test_engine.py::TestEvent3000::test_goto_detail_show_ranking PASSED [ 24%]
tests/unit/modules/activity/test_engine.py::TestEvent3000::test_reward_claim_blocks_duplicate PASSED [ 24%]
tests/unit/modules/activity/test_engine.py::TestEvent3000::test_compose_blocked_outside_phase PASSED [ 24%]
tests/unit/modules/activity/test_engine_p10.py::test_check_task_daily_pass PASSED [ 24%]
tests/unit/modules/activity/test_engine_p10.py::test_check_task_daily_fail PASSED [ 24%]
tests/unit/modules/activity/test_engine_p10.py::test_check_task_daily_lt_remaining PASSED [ 25%]
tests/unit/modules/activity/test_engine_p10.py::test_check_task_daily_no_provider PASSED [ 25%]
tests/unit/modules/activity/test_engine_p10.py::test_check_task_daily_bad_op PASSED [ 25%]
tests/unit/modules/activity/test_engine_p10.py::test_check_kill_count_pass PASSED [ 25%]
tests/unit/modules/activity/test_engine_p10.py::test_check_kill_count_fail PASSED [ 25%]
tests/unit/modules/activity/test_engine_p10.py::test_check_kill_count_no_provider PASSED [ 25%]
tests/unit/modules/activity/test_engine_p10.py::test_require_material_list_all_present PASSED [ 25%]
tests/unit/modules/activity/test_engine_p10.py::test_require_material_list_missing_one PASSED [ 25%]
tests/unit/modules/activity/test_engine_p10.py::test_require_material_list_no_provider PASSED [ 26%]
tests/unit/modules/activity/test_engine_p10.py::test_inc_daily_task PASSED [ 26%]
tests/unit/modules/activity/test_engine_p10.py::test_inc_daily_task_no_writer PASSED [ 26%]
tests/unit/modules/activity/test_engine_p10.py::test_team_broadcast_with_name PASSED [ 26%]
tests/unit/modules/activity/test_engine_p10.py::test_team_broadcast_no_broadcaster PASSED [ 26%]
tests/unit/modules/activity/test_engine_p10.py::test_new_conditions_in_registry PASSED [ 26%]
tests/unit/modules/activity/test_engine_p10.py::test_new_actions_in_registry PASSED [ 26%]
tests/unit/modules/combat/test_battle_scoring.py::test_constants PASSED  [ 27%]
tests/unit/modules/combat/test_battle_scoring.py::test_rank_pkbonus_matrix PASSED [ 27%]
tests/unit/modules/combat/test_battle_scoring.py::test_balance_equal PASSED [ 27%]
tests/unit/modules/combat/test_battle_scoring.py::test_balance_fewer_higher PASSED [ 27%]
tests/unit/modules/combat/test_battle_scoring.py::test_balance_more_lower PASSED [ 27%]
tests/unit/modules/combat/test_battle_scoring.py::test_balance_zero PASSED [ 27%]
tests/unit/modules/combat/test_battle_scoring.py::test_kill_player_equal_camps PASSED [ 27%]
tests/unit/modules/combat/test_battle_scoring.py::test_kill_player_low_kills_high PASSED [ 27%]
tests/unit/modules/combat/test_battle_scoring.py::test_kill_player_rank_clamped PASSED [ 28%]
tests/unit/modules/combat/test_battle_scoring.py::test_kill_rank_score PASSED [ 28%]
tests/unit/modules/combat/test_battle_scoring.py::test_kill_rank_score_unknown PASSED [ 28%]
tests/unit/modules/combat/test_battle_scoring.py::test_judge_title PASSED [ 28%]
tests/unit/modules/combat/test_battle_scoring.py::test_series_kill_bonus PASSED [ 28%]
tests/unit/modules/combat/test_battle_scoring.py::test_points_to_exp PASSED [ 28%]
tests/unit/modules/combat/test_battle_scoring.py::test_game_over_winner PASSED [ 28%]
tests/unit/modules/combat/test_combat_pk_scoring.py::test_check_pk_safe_zone_blocks_attack PASSED [ 29%]
tests/unit/modules/combat/test_combat_pk_scoring.py::test_check_pk_field_allows_attack PASSED [ 29%]
tests/unit/modules/combat/test_combat_pk_scoring.py::test_check_pk_battlefield_same_camp_blocked PASSED [ 29%]
tests/unit/modules/combat/test_combat_pk_scoring.py::test_check_pk_battlefield_enemy_camp_allowed PASSED [ 29%]
tests/unit/modules/combat/test_combat_pk_scoring.py::test_record_kill_same_camp_raises PASSED [ 29%]
tests/unit/modules/combat/test_combat_pk_scoring.py::test_record_kill_awards_parity_points PASSED [ 29%]
tests/unit/modules/combat/test_combat_pk_scoring.py::test_record_kill_series_bonus_every_three PASSED [ 29%]
tests/unit/modules/combat/test_combat_pk_scoring.py::test_record_kill_low_rank_kills_high_rank_bonus PASSED [ 30%]
tests/unit/modules/combat/test_combat_resolve.py::test_no_damage_when_sum_nonpositive PASSED [ 30%]
tests/unit/modules/combat/test_combat_resolve.py::test_basic_roll_min_with_zero_rng PASSED [ 30%]
tests/unit/modules/combat/test_combat_resolve.py::test_roll_negative_range_branch PASSED [ 30%]
tests/unit/modules/combat/test_combat_resolve.py::test_physics_armor_absorbs_partial PASSED [ 30%]
tests/unit/modules/combat/test_combat_resolve.py::test_physics_armor_absorbs_all PASSED [ 30%]
tests/unit/modules/combat/test_combat_resolve.py::test_fire_uses_fire_armor PASSED [ 30%]
tests/unit/modules/combat/test_combat_resolve.py::test_resistance_scales_damage PASSED [ 30%]
tests/unit/modules/combat/test_combat_resolve.py::test_resistance_capped_by_resist_max PASSED [ 31%]
tests/unit/modules/combat/test_combat_resolve.py::test_resistance_capped_by_max_resist_constant PASSED [ 31%]
tests/unit/modules/combat/test_combat_resolve.py::test_mana_shield_absorbs_partial PASSED [ 31%]
tests/unit/modules/combat/test_combat_resolve.py::test_mana_shield_breaks_when_mana_runs_out PASSED [ 31%]
tests/unit/modules/combat/test_combat_resolve.py::test_reflect_flat_plus_percent PASSED [ 31%]
tests/unit/modules/combat/test_combat_resolve.py::test_reflect_elemental_melee_uses_range_percent PASSED [ 31%]
tests/unit/modules/combat/test_combat_resolve.py::test_reflect_physics_melee_uses_melee_percent PASSED [ 31%]
tests/unit/modules/combat/test_combat_resolve.py::test_armor_break_resets_time PASSED [ 32%]
tests/unit/modules/combat/test_combat_resolve.py::test_armor_not_broken_keeps_time PASSED [ 32%]
tests/unit/modules/combat/test_combat_resolve.py::test_mana_shield_break_resets_time PASSED [ 32%]
tests/unit/modules/combat/test_combat_resolve.py::test_no_reflect_when_is_return PASSED [ 32%]
tests/unit/modules/combat/test_combat_resolve.py::test_no_reflect_without_attacker PASSED [ 32%]
tests/unit/modules/combat/test_combat_resolve.py::test_pk_damage_rate_applies_between_players PASSED [ 32%]
tests/unit/modules/combat/test_combat_resolve.py::test_pk_rate_ignored_when_not_both_players PASSED [ 32%]
tests/unit/modules/combat/test_combat_resolve.py::test_damage_to_mana_replenish PASSED [ 33%]
tests/unit/modules/combat/test_combat_resolve.py::test_damage_to_mana_capped_at_max PASSED [ 33%]
tests/unit/modules/combat/test_combat_resolve.py::test_target_dies_when_life_below_zero PASSED [ 33%]
tests/unit/modules/combat/test_combat_resolve.py::test_target_survives_at_exactly_zero PASSED [ 33%]
tests/unit/modules/combat/test_combat_resolve.py::test_magic_ignores_armor_and_resist PASSED [ 33%]
tests/unit/modules/combat/test_combat_service_resolve.py::test_calc_damage_matches_domain_armor_resist PASSED [ 33%]
tests/unit/modules/combat/test_combat_service_resolve.py::test_calc_damage_mana_shield_break_parity PASSED [ 33%]
tests/unit/modules/combat/test_combat_service_resolve.py::test_calc_damage_reflect_and_pk_rate PASSED [ 33%]
tests/unit/modules/combat/test_combat_service_resolve.py::test_calc_damage_magic_ignores_armor PASSED [ 34%]
tests/unit/modules/combat/test_combat_service_resolve.py::test_status_tick_poison_dot_parity PASSED [ 34%]
tests/unit/modules/combat/test_combat_service_resolve.py::test_status_tick_stun_controls PASSED [ 34%]
tests/unit/modules/combat/test_combat_service_resolve.py::test_status_tick_regen_on_game_update_time PASSED [ 34%]
tests/unit/modules/combat/test_combat_service_resolve.py::test_status_tick_burn_self_damage_parity PASSED [ 34%]
tests/unit/modules/combat/test_damage.py::test_roll_zero_when_sum_nonpositive PASSED [ 34%]
tests/unit/modules/combat/test_damage.py::test_roll_equal_min_max PASSED [ 34%]
tests/unit/modules/combat/test_damage.py::test_roll_uses_rng_offset_from_min PASSED [ 35%]
tests/unit/modules/combat/test_damage.py::test_roll_floors_negative_to_zero PASSED [ 35%]
tests/unit/modules/combat/test_damage.py::test_res_below_cap_unchanged PASSED [ 35%]
tests/unit/modules/combat/test_damage.py::test_res_above_cap_diminished PASSED [ 35%]
tests/unit/modules/combat/test_damage.py::test_attrib_percent PASSED     [ 35%]
tests/unit/modules/combat/test_damage.py::test_pipeline_basic_subtracts_defense PASSED [ 35%]
tests/unit/modules/combat/test_damage.py::test_pipeline_attrib_then_defense PASSED [ 35%]
tests/unit/modules/combat/test_damage.py::test_pipeline_resistance_applied PASSED [ 36%]
tests/unit/modules/combat/test_damage.py::test_pipeline_floors_at_zero PASSED [ 36%]
tests/unit/modules/combat/test_damage.py::test_pipeline_zero_attack_zero_damage PASSED [ 36%]
tests/unit/modules/combat/test_damage.py::test_pipeline_deterministic_with_rng PASSED [ 36%]
tests/unit/modules/combat/test_damage.py::test_attrib_type_code_mapping PASSED [ 36%]
tests/unit/modules/combat/test_damage.py::test_pierce_zero_keeps_full_defense PASSED [ 36%]
tests/unit/modules/combat/test_damage.py::test_pierce_partial_reduces_defense PASSED [ 36%]
tests/unit/modules/combat/test_damage.py::test_pierce_full_ignores_defense PASSED [ 36%]
tests/unit/modules/combat/test_damage.py::test_pierce_floors_at_one PASSED [ 37%]
tests/unit/modules/combat/test_damage.py::test_resistance_factor_scales PASSED [ 37%]
tests/unit/modules/combat/test_damage.py::test_resistance_factor_zero_res_unchanged PASSED [ 37%]
tests/unit/modules/combat/test_damage.py::test_resistance_factor_full_res_zero PASSED [ 37%]
tests/unit/modules/combat/test_damage.py::test_reduce_permille_scales PASSED [ 37%]
tests/unit/modules/combat/test_damage.py::test_reduce_permille_zero_unchanged PASSED [ 37%]
tests/unit/modules/combat/test_damage.py::test_reduce_permille_full_zero PASSED [ 37%]
tests/unit/modules/combat/test_damage.py::test_lucky_triggers_when_percent_gt_roll PASSED [ 38%]
tests/unit/modules/combat/test_damage.py::test_lucky_bounds PASSED       [ 38%]
tests/unit/modules/combat/test_damage.py::test_shield_absorbs_full_when_damage_less PASSED [ 38%]
tests/unit/modules/combat/test_damage.py::test_shield_breaks_when_damage_exceeds PASSED [ 38%]
tests/unit/modules/combat/test_damage.py::test_shield_none_passthrough PASSED [ 38%]
tests/unit/modules/combat/test_damage.py::test_full_basic_pierce_and_defense PASSED [ 38%]
tests/unit/modules/combat/test_damage.py::test_full_resistance_after_pierce PASSED [ 38%]
tests/unit/modules/combat/test_damage.py::test_full_crit_doubles_with_rng PASSED [ 38%]
tests/unit/modules/combat/test_damage.py::test_full_no_crit_when_roll_high PASSED [ 39%]
tests/unit/modules/combat/test_damage.py::test_full_shield_absorbs_all PASSED [ 39%]
tests/unit/modules/combat/test_damage.py::test_full_shield_breaks_remainder_passes PASSED [ 39%]
tests/unit/modules/combat/test_damage.py::test_full_reduce_permille_applied PASSED [ 39%]
tests/unit/modules/combat/test_damage.py::test_full_zero_attack_zero_damage PASSED [ 39%]
tests/unit/modules/combat/test_damage.py::test_full_pipeline_order_pierce_then_res_then_crit PASSED [ 39%]
tests/unit/modules/combat/test_map_pk_rules.py::test_safe_zones PASSED   [ 39%]
tests/unit/modules/combat/test_map_pk_rules.py::test_pk_zones PASSED     [ 40%]
tests/unit/modules/combat/test_map_pk_rules.py::test_pk_allowed_string_input PASSED [ 40%]
tests/unit/modules/combat/test_map_pk_rules.py::test_can_attack_different_camp PASSED [ 40%]
tests/unit/modules/combat/test_map_pk_rules.py::test_can_attack_same_camp PASSED [ 40%]
tests/unit/modules/combat/test_map_pk_rules.py::test_can_attack_no_camp PASSED [ 40%]
tests/unit/modules/combat/test_map_pk_rules.py::test_punish_flags PASSED [ 40%]
tests/unit/modules/combat/test_status_effect.py::test_natural_replenish_on_update_tick PASSED [ 40%]
tests/unit/modules/combat/test_status_effect.py::test_replenish_skipped_on_non_update_frame PASSED [ 41%]
tests/unit/modules/combat/test_status_effect.py::test_replenish_capped_at_max PASSED [ 41%]
tests/unit/modules/combat/test_status_effect.py::test_sitting_regen PASSED [ 41%]
tests/unit/modules/combat/test_status_effect.py::test_armor_decays_time_then_clears PASSED [ 41%]
tests/unit/modules/combat/test_status_effect.py::test_mana_shield_decays PASSED [ 41%]
tests/unit/modules/combat/test_status_effect.py::test_poison_dot_ticks_and_damages PASSED [ 41%]
tests/unit/modules/combat/test_status_effect.py::test_poison_value1_zero_defaults_to_one PASSED [ 41%]
tests/unit/modules/combat/test_status_effect.py::test_freeze_controls_on_odd_remaining_time PASSED [ 41%]
tests/unit/modules/combat/test_status_effect.py::test_freeze_no_control_on_even_remaining PASSED [ 42%]
tests/unit/modules/combat/test_status_effect.py::test_burn_dot_self_damage PASSED [ 42%]
tests/unit/modules/combat/test_status_effect.py::test_confuse_ends_and_signals PASSED [ 42%]
tests/unit/modules/combat/test_status_effect.py::test_confuse_active_no_signal PASSED [ 42%]
tests/unit/modules/combat/test_status_effect.py::test_stun_controls PASSED [ 42%]
tests/unit/modules/combat/test_status_effect.py::test_life_state_hot_on_update_tick PASSED [ 42%]
tests/unit/modules/combat/test_status_effect.py::test_mana_state_hot_capped PASSED [ 42%]
tests/unit/modules/combat/test_status_effect.py::test_drunk_decays PASSED [ 43%]
tests/unit/modules/combat/test_status_effect.py::test_clear_normal_state_zeros_everything PASSED [ 43%]
tests/unit/modules/combat/test_status_effect.py::test_aura_auto_cast_signal_on_update_frame PASSED [ 43%]
tests/unit/modules/combat/test_status_effect.py::test_aura_no_cast_off_update_frame PASSED [ 43%]
tests/unit/modules/combat/test_status_effect.py::test_aura_no_cast_when_level_zero PASSED [ 43%]
tests/unit/modules/dialog/test_dialog_engine.py::test_default_title PASSED [ 43%]
tests/unit/modules/dialog/test_dialog_engine.py::test_add_opt_dedup_by_msg PASSED [ 43%]
tests/unit/modules/dialog/test_dialog_engine.py::test_insert_opt_position PASSED [ 44%]
tests/unit/modules/dialog/test_dialog_engine.py::test_build_display_adds_end_only_when_no_pre PASSED [ 44%]
tests/unit/modules/dialog/test_dialog_engine.py::test_build_display_adds_back_when_pre PASSED [ 44%]
tests/unit/modules/dialog/test_dialog_engine.py::test_on_select_runs_action PASSED [ 44%]
tests/unit/modules/dialog/test_dialog_engine.py::test_on_select_condition_blocks PASSED [ 44%]
tests/unit/modules/dialog/test_dialog_engine.py::test_on_select_condition_pass PASSED [ 44%]
tests/unit/modules/dialog/test_dialog_engine.py::test_on_select_confirm_required_then_executes PASSED [ 44%]
tests/unit/modules/dialog/test_dialog_engine.py::test_on_select_sub_dialog PASSED [ 44%]
tests/unit/modules/dialog/test_dialog_engine.py::test_on_select_out_of_range_is_noop PASSED [ 45%]
tests/unit/modules/dialog/test_dialog_engine.py::test_registry_add_and_get PASSED [ 45%]
tests/unit/modules/dialog/test_dialog_engine.py::test_registry_add_keeps_existing PASSED [ 45%]
tests/unit/modules/dialog/test_dialog_engine.py::test_registry_on_select_routes PASSED [ 45%]
tests/unit/modules/dialog/test_dialog_engine.py::test_registry_on_select_unknown_npc PASSED [ 45%]
tests/unit/modules/dialog/test_dialog_service.py::test_view_dialog_lists_options_with_terminal_labels PASSED [ 45%]
tests/unit/modules/dialog/test_dialog_service.py::test_view_dialog_with_pre_adds_back_label PASSED [ 45%]
tests/unit/modules/dialog/test_dialog_service.py::test_view_dialog_unknown_raises PASSED [ 46%]
tests/unit/modules/dialog/test_dialog_service.py::test_view_default_registry_has_seeded_npcs PASSED [ 46%]
tests/unit/modules/dialog/test_dialog_service.py::test_select_plain_option_runs_action PASSED [ 46%]
tests/unit/modules/dialog/test_dialog_service.py::test_select_confirm_gate PASSED [ 46%]
tests/unit/modules/dialog/test_dialog_service.py::test_select_opens_sub_dialog PASSED [ 46%]
tests/unit/modules/dialog/test_dialog_service.py::test_select_blocked_by_condition PASSED [ 46%]
tests/unit/modules/dialog/test_dialog_service.py::test_select_terminal_id_out_of_range_is_noop PASSED [ 46%]
tests/unit/modules/dialog/test_dialog_service.py::test_select_unknown_dialog_raises PASSED [ 47%]
tests/unit/modules/dialog/test_dialog_service.py::test_ai_decide_sit_when_no_candidates PASSED [ 47%]
tests/unit/modules/dialog/test_dialog_service.py::test_ai_decide_attacks_good_candidate PASSED [ 47%]
tests/unit/modules/dialog/test_dialog_service.py::test_ai_decide_return_city_low_blood PASSED [ 47%]
tests/unit/modules/dialog/test_dialog_service.py::test_ai_decide_eat_life PASSED [ 47%]
tests/unit/modules/dialog/test_dialog_service.py::test_ai_decide_invalid_state_raises PASSED [ 47%]
tests/unit/modules/dialog/test_dialog_service.py::test_ai_decide_roundtrips_state PASSED [ 47%]
tests/unit/modules/dialog/test_npc_ai.py::test_constants PASSED          [ 47%]
tests/unit/modules/dialog/test_npc_ai.py::test_miss_count_add_get PASSED [ 48%]
tests/unit/modules/dialog/test_npc_ai.py::test_miss_count_del_zeros_not_removes PASSED [ 48%]
tests/unit/modules/dialog/test_npc_ai.py::test_pick_good_npc_zero_miss_first PASSED [ 48%]
tests/unit/modules/dialog/test_npc_ai.py::test_pick_good_npc_min_miss PASSED [ 48%]
tests/unit/modules/dialog/test_npc_ai.py::test_pick_good_npc_break_on_nonpositive PASSED [ 48%]
tests/unit/modules/dialog/test_npc_ai.py::test_pick_good_npc_only_10 PASSED [ 48%]
tests/unit/modules/dialog/test_npc_ai.py::test_tick_report_time PASSED   [ 48%]
tests/unit/modules/dialog/test_npc_ai.py::test_tick_assist_skill PASSED  [ 49%]
tests/unit/modules/dialog/test_npc_ai.py::test_tick_low_blood_return_city PASSED [ 49%]
tests/unit/modules/dialog/test_npc_ai.py::test_tick_blood_eat_life PASSED [ 49%]
tests/unit/modules/dialog/test_npc_ai.py::test_tick_blood_heal_skill_when_has_magic PASSED [ 49%]
tests/unit/modules/dialog/test_npc_ai.py::test_tick_blood_eat_skipped_when_cooldown PASSED [ 49%]
tests/unit/modules/dialog/test_npc_ai.py::test_tick_low_mana_eat PASSED  [ 49%]
tests/unit/modules/dialog/test_npc_ai.py::test_tick_keep_active_range PASSED [ 49%]
tests/unit/modules/dialog/test_npc_ai.py::test_tick_free_finds_npc_and_attacks PASSED [ 50%]
tests/unit/modules/dialog/test_npc_ai.py::test_tick_free_no_npc_sits PASSED [ 50%]
tests/unit/modules/dialog/test_npc_ai.py::test_attack_gives_up_when_no_blood_drop PASSED [ 50%]
tests/unit/modules/dialog/test_npc_ai.py::test_attack_continues_when_blood_drops PASSED [ 50%]
tests/unit/modules/dialog/test_npc_ai.py::test_attack_follow_when_time_remaining PASSED [ 50%]
tests/unit/modules/dialog/test_npc_ai.py::test_sleep_decrements_then_wakes PASSED [ 50%]
tests/unit/modules/dialog/test_npc_ai.py::test_sleep_stays_when_time_left PASSED [ 50%]
tests/unit/modules/item/test_domain.py::test_templates_loaded PASSED     [ 50%]
tests/unit/modules/item/test_domain.py::test_known_template_parity PASSED [ 51%]
tests/unit/modules/item/test_domain.py::test_unknown_template_returns_none PASSED [ 51%]
tests/unit/modules/item/test_domain.py::test_goods_loaded PASSED         [ 51%]
tests/unit/modules/item/test_domain.py::test_known_goods_price_parity PASSED [ 51%]
tests/unit/modules/item/test_domain.py::test_goods_entry_loads_all_currency_columns PASSED [ 51%]
tests/unit/modules/item/test_domain.py::test_goods_row_index_lookup_parity PASSED [ 51%]
tests/unit/modules/item/test_domain.py::test_unknown_goods_price_returns_none PASSED [ 51%]
tests/unit/modules/item/test_domain.py::test_is_stackable_equipment_not_stackable PASSED [ 52%]
tests/unit/modules/item/test_domain.py::test_is_stackable_consumable_stackable PASSED [ 52%]
tests/unit/modules/item/test_economy_service.py::test_repair_deducts_money_and_restores_durability PASSED [ 52%]
tests/unit/modules/item/test_economy_service.py::test_repair_rejects_spoofed_account PASSED [ 52%]
tests/unit/modules/item/test_economy_service.py::test_repair_rejects_item_of_other_role PASSED [ 52%]
tests/unit/modules/item/test_economy_service.py::test_repair_rejects_non_durable_item PASSED [ 52%]
tests/unit/modules/item/test_economy_service.py::test_repair_rejects_when_not_enough_money PASSED [ 52%]
tests/unit/modules/item/test_economy_service.py::test_upgrade_platina_success PASSED [ 52%]
tests/unit/modules/item/test_economy_service.py::test_upgrade_platina_failure_consumes_materials PASSED [ 53%]
tests/unit/modules/item/test_economy_service.py::test_upgrade_platina_rejects_non_platina PASSED [ 53%]
tests/unit/modules/item/test_economy_service.py::test_upgrade_platina_rejects_not_enough_money PASSED [ 53%]
tests/unit/modules/item/test_economy_service.py::test_upgrade_platina_rejects_material_of_other_role PASSED [ 53%]
tests/unit/modules/item/test_gameplay.py::test_is_bound PASSED           [ 53%]
tests/unit/modules/item/test_gameplay.py::test_is_expired PASSED         [ 53%]
tests/unit/modules/item/test_gameplay.py::test_is_broken PASSED          [ 53%]
tests/unit/modules/item/test_gameplay.py::test_clamp_durability PASSED   [ 54%]
tests/unit/modules/item/test_gameplay.py::test_equip_slot_only_equipment PASSED [ 54%]
tests/unit/modules/item/test_gameplay.py::test_equip_slot_invalid_detail PASSED [ 54%]
tests/unit/modules/item/test_gameplay.py::test_dispatch_use_success PASSED [ 54%]
tests/unit/modules/item/test_gameplay.py::test_dispatch_use_expired_blocked PASSED [ 54%]
tests/unit/modules/item/test_gameplay.py::test_dispatch_use_condition_failed PASSED [ 54%]
tests/unit/modules/item/test_item_economy.py::test_constants PASSED      [ 54%]
tests/unit/modules/item/test_item_economy.py::test_itrunc_truncates_toward_zero PASSED [ 55%]
tests/unit/modules/item/test_item_economy.py::test_repair_price_formula PASSED [ 55%]
tests/unit/modules/item/test_item_economy.py::test_repair_price_with_magic_level PASSED [ 55%]
tests/unit/modules/item/test_item_economy.py::test_repair_price_script_override PASSED [ 55%]
tests/unit/modules/item/test_item_economy.py::test_repair_price_script_negative_falls_through PASSED [ 55%]
tests/unit/modules/item/test_item_economy.py::test_repair_price_no_durability PASSED [ 55%]
tests/unit/modules/item/test_item_economy.py::test_repair_price_zero_max PASSED [ 55%]
tests/unit/modules/item/test_item_economy.py::test_repair_price_header_flag PASSED [ 55%]
tests/unit/modules/item/test_item_economy.py::test_repair_price_full_durability_zero PASSED [ 56%]
tests/unit/modules/item/test_item_economy.py::test_dur_repair_price PASSED [ 56%]
tests/unit/modules/item/test_item_economy.py::test_dur_repair_price_zero_max PASSED [ 56%]
tests/unit/modules/item/test_item_economy.py::test_gold_to_platina_prob_is_one PASSED [ 56%]
tests/unit/modules/item/test_item_economy.py::test_platina_prob_ratio PASSED [ 56%]
tests/unit/modules/item/test_item_economy.py::test_platina_prob_caps_at_one PASSED [ 56%]
tests/unit/modules/item/test_item_economy.py::test_platina_prob_caps_9999 PASSED [ 56%]
tests/unit/modules/item/test_item_economy.py::test_platina_prob_unknown_level PASSED [ 57%]
tests/unit/modules/item/test_item_economy.py::test_roll_success_when_random_le_prob PASSED [ 57%]
tests/unit/modules/item/test_item_economy.py::test_roll_fail_when_prob_zero PASSED [ 57%]
tests/unit/modules/item/test_item_economy.py::test_can_upgrade_platina PASSED [ 57%]
tests/unit/modules/item/test_item_economy.py::test_bag_has_space PASSED  [ 57%]
tests/unit/modules/item/test_item_economy.py::test_bag_free_slots PASSED [ 57%]
tests/unit/modules/item/test_service.py::test_consumable_merges_stack PASSED [ 57%]
tests/unit/modules/item/test_service.py::test_equipment_never_stacks PASSED [ 58%]
tests/unit/modules/item/test_service.py::test_equipment_two_adds_two_instances PASSED [ 58%]
tests/unit/modules/map/test_constants.py::test_map_types_cover_maplist_values PASSED [ 58%]
tests/unit/modules/map/test_constants.py::test_is_valid_map_type[City-True] PASSED [ 58%]
tests/unit/modules/map/test_constants.py::test_is_valid_map_type[city-True] PASSED [ 58%]
tests/unit/modules/map/test_constants.py::test_is_valid_map_type[Battlefield-True] PASSED [ 58%]
tests/unit/modules/map/test_constants.py::test_is_valid_map_type[Unknown-False] PASSED [ 58%]
tests/unit/modules/map/test_constants.py::test_is_valid_map_type[-False] PASSED [ 58%]
tests/unit/modules/map/test_constants.py::test_map_type_name_vietnamese PASSED [ 59%]
tests/unit/modules/map/test_maplist.py::test_load_map_table_not_empty PASSED [ 59%]
tests/unit/modules/map/test_maplist.py::test_map_id_range_parity PASSED  [ 59%]
tests/unit/modules/map/test_maplist.py::test_map_1_phuong_tuong_parity PASSED [ 59%]
tests/unit/modules/map/test_maplist.py::test_map_2_hoa_son_parity PASSED [ 59%]
tests/unit/modules/map/test_maplist.py::test_map_4_kim_quang_dong_cave_parity PASSED [ 59%]
tests/unit/modules/map/test_maplist.py::test_map_44_new_world_param_parity PASSED [ 59%]
tests/unit/modules/map/test_maplist.py::test_map_42_lowercase_maptype_variant PASSED [ 60%]
tests/unit/modules/map/test_maplist.py::test_invalid_map_returns_none PASSED [ 60%]
tests/unit/modules/map/test_maplist.py::test_list_map_entries_sorted PASSED [ 60%]
tests/unit/modules/map/test_maplist.py::test_list_by_type_city PASSED    [ 60%]
tests/unit/modules/map/test_maplist.py::test_list_by_type_case_insensitive PASSED [ 60%]
tests/unit/modules/mission/test_reward.py::test_apply_reward_exp PASSED  [ 60%]
tests/unit/modules/mission/test_reward.py::test_apply_reward_item PASSED [ 60%]
tests/unit/modules/mission/test_reward.py::test_apply_reward_gold_item PASSED [ 61%]
tests/unit/modules/mission/test_reward.py::test_apply_reward_unknown_type_not_granted PASSED [ 61%]
tests/unit/modules/mission/test_state_machine.py::TestAdvanceChain::test_times_increment_within_link PASSED [ 61%]
tests/unit/modules/mission/test_state_machine.py::TestAdvanceChain::test_times_reset_and_links_count_increment PASSED [ 61%]
tests/unit/modules/mission/test_state_machine.py::TestAdvanceChain::test_loop_rollover_when_links_full PASSED [ 61%]
tests/unit/modules/mission/test_state_machine.py::TestAdvanceChain::test_loops_capped_at_max PASSED [ 61%]
tests/unit/modules/mission/test_state_machine.py::TestAdvanceChain::test_input_not_mutated PASSED [ 61%]
tests/unit/modules/mission/test_state_machine.py::TestCompletionChecks::test_collect_complete PASSED [ 61%]
tests/unit/modules/mission/test_state_machine.py::TestCompletionChecks::test_value_delta_complete PASSED [ 62%]
tests/unit/modules/mission/test_state_machine.py::TestWeightedPick::test_empty_pool PASSED [ 62%]
tests/unit/modules/mission/test_state_machine.py::TestWeightedPick::test_single_reward PASSED [ 62%]
tests/unit/modules/mission/test_state_machine.py::TestWeightedPick::test_low_roll_picks_first PASSED [ 62%]
tests/unit/modules/mission/test_state_machine.py::TestWeightedPick::test_high_roll_picks_second PASSED [ 62%]
tests/unit/modules/mission/test_state_machine.py::TestWeightedPick::test_zero_total_returns_first PASSED [ 62%]
tests/unit/modules/player/test_progression.py::test_can_translife[159-0-False] PASSED [ 62%]
tests/unit/modules/player/test_progression.py::test_can_translife[160-0-True] PASSED [ 63%]
tests/unit/modules/player/test_progression.py::test_can_translife[169-1-False] PASSED [ 63%]
tests/unit/modules/player/test_progression.py::test_can_translife[170-1-True] PASSED [ 63%]
tests/unit/modules/player/test_progression.py::test_can_translife[179-2-False] PASSED [ 63%]
tests/unit/modules/player/test_progression.py::test_can_translife[180-2-True] PASSED [ 63%]
tests/unit/modules/player/test_progression.py::test_can_translife[199-3-False] PASSED [ 63%]
tests/unit/modules/player/test_progression.py::test_can_translife[200-3-True] PASSED [ 63%]
tests/unit/modules/player/test_progression.py::test_can_translife[200-4-True] PASSED [ 63%]
tests/unit/modules/player/test_progression.py::test_can_translife[200-5-False0] PASSED [ 64%]
tests/unit/modules/player/test_progression.py::test_can_translife[200-5-False1] PASSED [ 64%]
tests/unit/modules/player/test_progression.py::test_max_trans_life_is_five PASSED [ 64%]
tests/unit/modules/player/test_progression.py::test_translife_level_limit_array PASSED [ 64%]
tests/unit/modules/player/test_progression.py::test_translife_required_level[0-160] PASSED [ 64%]
tests/unit/modules/player/test_progression.py::test_translife_required_level[1-170] PASSED [ 64%]
tests/unit/modules/player/test_progression.py::test_translife_required_level[2-180] PASSED [ 64%]
tests/unit/modules/player/test_progression.py::test_translife_required_level[3-200] PASSED [ 65%]
tests/unit/modules/player/test_progression.py::test_translife_required_level[4-200] PASSED [ 65%]
tests/unit/modules/player/test_progression.py::test_translife_required_level[5-None] PASSED [ 65%]
tests/unit/modules/player/test_progression.py::test_reached_skill_milestones[1-expected0] PASSED [ 65%]
tests/unit/modules/player/test_progression.py::test_reached_skill_milestones[90-expected1] PASSED [ 65%]
tests/unit/modules/player/test_progression.py::test_reached_skill_milestones[120-expected2] PASSED [ 65%]
tests/unit/modules/player/test_progression.py::test_reached_skill_milestones[150-expected3] PASSED [ 65%]
tests/unit/modules/player/test_progression.py::test_reached_skill_milestones[200-expected4] PASSED [ 66%]
tests/unit/modules/player/test_progression.py::test_translife_table_range_parity PASSED [ 66%]
tests/unit/modules/player/test_progression.py::test_translife_level_170_has_two_groups PASSED [ 66%]
tests/unit/modules/player/test_progression.py::test_translife_level_160_first_row_parity PASSED [ 66%]
tests/unit/modules/player/test_progression.py::test_translife_level_200_parses_only_five_groups PASSED [ 66%]
tests/unit/modules/player/test_progression.py::test_translife_gain_picks_group_by_transcount PASSED [ 66%]
tests/unit/modules/player/test_progression.py::test_translife_gain_none_when_group_missing PASSED [ 66%]
tests/unit/modules/player/test_progression.py::test_translife_time_limit_days_array PASSED [ 66%]
tests/unit/modules/player/test_progression.py::test_translife_effective_level_normal PASSED [ 67%]
tests/unit/modules/player/test_progression.py::test_translife_effective_level_xiandan_199_to_200 PASSED [ 67%]
tests/unit/modules/player/test_progression.py::test_apply_translife_reset_resets_level_to_one PASSED [ 67%]
tests/unit/modules/player/test_progression.py::test_apply_translife_reset_resets_attributes_to_base_series PASSED [ 67%]
tests/unit/modules/player/test_progression.py::test_apply_translife_reset_grants_remain_prop PASSED [ 67%]
tests/unit/modules/player/test_progression.py::test_apply_translife_reset_none_when_no_data PASSED [ 67%]
tests/unit/modules/role/test_constants.py::test_faction_count_is_ten PASSED [ 67%]
tests/unit/modules/role/test_constants.py::test_faction_names_match_nfacnumb_order PASSED [ 68%]
tests/unit/modules/role/test_constants.py::test_faction_to_series_parity PASSED [ 68%]
tests/unit/modules/role/test_constants.py::test_is_valid_faction[-1-True] PASSED [ 68%]
tests/unit/modules/role/test_constants.py::test_is_valid_faction[0-True] PASSED [ 68%]
tests/unit/modules/role/test_constants.py::test_is_valid_faction[9-True] PASSED [ 68%]
tests/unit/modules/role/test_constants.py::test_is_valid_faction[10-False] PASSED [ 68%]
tests/unit/modules/role/test_constants.py::test_is_valid_faction[-2-False] PASSED [ 68%]
tests/unit/modules/role/test_constants.py::test_is_valid_faction[100-False] PASSED [ 69%]
tests/unit/modules/role/test_constants.py::test_faction_none_constant PASSED [ 69%]
tests/unit/modules/role/test_constants.py::test_is_valid_role_name_accepts_valid[DaiHiep] PASSED [ 69%]
tests/unit/modules/role/test_constants.py::test_is_valid_role_name_accepts_valid[NgaMyTu] PASSED [ 69%]
tests/unit/modules/role/test_constants.py::test_is_valid_role_name_accepts_valid[L\xfd T\u1ea7m Hoan] PASSED [ 69%]
tests/unit/modules/role/test_constants.py::test_is_valid_role_name_accepts_valid[A] PASSED [ 69%]
tests/unit/modules/role/test_constants.py::test_is_valid_role_name_accepts_valid[xxxxxxxxxxxxxxxxxxxxxxxxxxxxxxxxxxxxxxxxxxxxxxxxxxxxxxxxxxxxxxxx] PASSED [ 69%]
tests/unit/modules/role/test_constants.py::test_is_valid_role_name_rejects_invalid[] PASSED [ 69%]
tests/unit/modules/role/test_constants.py::test_is_valid_role_name_rejects_invalid[ ] PASSED [ 70%]
tests/unit/modules/role/test_constants.py::test_is_valid_role_name_rejects_invalid[ DaiHiep] PASSED [ 70%]
tests/unit/modules/role/test_constants.py::test_is_valid_role_name_rejects_invalid[DaiHiep ] PASSED [ 70%]
tests/unit/modules/role/test_constants.py::test_is_valid_role_name_rejects_invalid[xxxxxxxxxxxxxxxxxxxxxxxxxxxxxxxxxxxxxxxxxxxxxxxxxxxxxxxxxxxxxxxxx] PASSED [ 70%]
tests/unit/modules/role/test_constants.py::test_is_valid_role_name_rejects_invalid[Bad\tName] PASSED [ 70%]
tests/unit/modules/role/test_constants.py::test_is_valid_role_name_rejects_invalid[Bad\nName] PASSED [ 70%]
tests/unit/modules/role/test_constants.py::test_is_valid_role_name_rejects_invalid[Bad\x00Name] PASSED [ 70%]
tests/unit/modules/shop/test_domain.py::test_catalogs_loaded PASSED      [ 71%]
tests/unit/modules/shop/test_domain.py::test_first_shop_catalog_parity PASSED [ 71%]
tests/unit/modules/shop/test_domain.py::test_catalog_cells_are_goods_row_indices PASSED [ 71%]
tests/unit/modules/shop/test_domain.py::test_get_shop_goods_resolves_to_goods_entries PASSED [ 71%]
tests/unit/modules/shop/test_domain.py::test_shop_offers_goods_row PASSED [ 71%]
tests/unit/modules/shop/test_domain.py::test_unknown_shop_returns_none PASSED [ 71%]
tests/unit/modules/shop/test_domain.py::test_buy_price_parity_with_goods PASSED [ 71%]
tests/unit/modules/shop/test_domain.py::test_sell_price_no_hardcoded_discount PASSED [ 72%]
tests/unit/modules/shop/test_domain.py::test_item_sell_price_formula PASSED [ 72%]
tests/unit/modules/shop/test_domain.py::test_price_none_for_unknown_item PASSED [ 72%]
tests/unit/modules/shop/test_domain.py::test_total_price PASSED          [ 72%]
tests/unit/modules/skill/test_constants.py::test_faction_skilltab_has_ten_factions PASSED [ 72%]
tests/unit/modules/skill/test_constants.py::test_every_faction_has_three_milestones PASSED [ 72%]
tests/unit/modules/skill/test_constants.py::test_faction_milestone_skills[0-90-expected0] PASSED [ 72%]
tests/unit/modules/skill/test_constants.py::test_faction_milestone_skills[0-120-expected1] PASSED [ 72%]
tests/unit/modules/skill/test_constants.py::test_faction_milestone_skills[0-150-expected2] PASSED [ 73%]
tests/unit/modules/skill/test_constants.py::test_faction_milestone_skills[2-90-expected3] PASSED [ 73%]
tests/unit/modules/skill/test_constants.py::test_faction_milestone_skills[2-150-expected4] PASSED [ 73%]
tests/unit/modules/skill/test_constants.py::test_faction_milestone_skills[9-90-expected5] PASSED [ 73%]
tests/unit/modules/skill/test_constants.py::test_is_faction_skill[0-318-True] PASSED [ 73%]
tests/unit/modules/skill/test_constants.py::test_is_faction_skill[0-709-True] PASSED [ 73%]
tests/unit/modules/skill/test_constants.py::test_is_faction_skill[0-1057-True] PASSED [ 73%]
tests/unit/modules/skill/test_constants.py::test_is_faction_skill[0-999999-False] PASSED [ 74%]
tests/unit/modules/skill/test_constants.py::test_is_faction_skill[2-1110-True] PASSED [ 74%]
tests/unit/modules/skill/test_constants.py::test_is_faction_skill[5-318-False] PASSED [ 74%]
tests/unit/modules/skill/test_constants.py::test_skill_required_milestone[0-318-90] PASSED [ 74%]
tests/unit/modules/skill/test_constants.py::test_skill_required_milestone[0-709-120] PASSED [ 74%]
tests/unit/modules/skill/test_constants.py::test_skill_required_milestone[0-1055-150] PASSED [ 74%]
tests/unit/modules/skill/test_constants.py::test_skill_required_milestone[2-1110-150] PASSED [ 74%]
tests/unit/modules/skill/test_constants.py::test_skill_required_milestone[0-999999-None] PASSED [ 75%]
tests/unit/modules/skill/test_constants.py::test_skill_required_milestone[5-318-None] PASSED [ 75%]
tests/unit/modules/skill/test_skill_cast.py::test_get_skill_cost_and_type_skill_210 PASSED [ 75%]
tests/unit/modules/skill/test_skill_cast.py::test_has_enough_resource_mana_gate PASSED [ 75%]
tests/unit/modules/skill/test_skill_cast.py::test_has_enough_resource_free_skill_always_ok PASSED [ 75%]
tests/unit/modules/skill/test_skill_cast.py::test_get_delay_per_cast_horse_vs_ground PASSED [ 75%]
tests/unit/modules/skill/test_skill_cast.py::test_get_next_cast_time_default_zero PASSED [ 75%]
tests/unit/modules/skill/test_skill_cast.py::test_is_off_cooldown PASSED [ 75%]
tests/unit/modules/skill/test_skill_cast.py::test_can_target_relation PASSED [ 76%]
tests/unit/modules/skill/test_skill_cast.py::test_in_cast_range PASSED   [ 76%]
tests/unit/modules/skill/test_skill_cast.py::test_weapon_allowed PASSED  [ 76%]
tests/unit/modules/skill/test_skill_cast.py::test_eqt_limit_ok PASSED    [ 76%]
tests/unit/modules/skill/test_skill_cast.py::test_horse_allowed PASSED   [ 76%]
tests/unit/modules/skill/test_skill_data_parser.py::test_eval_plain_number PASSED [ 76%]
tests/unit/modules/skill/test_skill_data_parser.py::test_eval_arithmetic_expr PASSED [ 76%]
tests/unit/modules/skill/test_skill_data_parser.py::test_eval_unary_negative PASSED [ 77%]
tests/unit/modules/skill/test_skill_data_parser.py::test_eval_skill_exp_func PASSED [ 77%]
tests/unit/modules/skill/test_skill_data_parser.py::test_eval_floor_func PASSED [ 77%]
tests/unit/modules/skill/test_skill_data_parser.py::test_eval_rejects_names PASSED [ 77%]
tests/unit/modules/skill/test_skill_data_parser.py::test_eval_rejects_unknown_func PASSED [ 77%]
tests/unit/modules/skill/test_skill_data_parser.py::test_eval_rejects_attribute_access PASSED [ 77%]
tests/unit/modules/skill/test_skill_data_parser.py::test_extract_block_balanced PASSED [ 77%]
tests/unit/modules/skill/test_skill_data_parser.py::test_extract_block_local_prefix PASSED [ 77%]
tests/unit/modules/skill/test_skill_data_parser.py::test_extract_block_none_when_missing PASSED [ 78%]
tests/unit/modules/skill/test_skill_data_parser.py::test_parse_simple_skill PASSED [ 78%]
tests/unit/modules/skill/test_skill_data_parser.py::test_parse_multi_pointset PASSED [ 78%]
tests/unit/modules/skill/test_skill_data_parser.py::test_parse_explicit_index_keys PASSED [ 78%]
tests/unit/modules/skill/test_skill_data_parser.py::test_parse_arithmetic_value PASSED [ 78%]
tests/unit/modules/skill/test_skill_data_parser.py::test_parse_skill_exp_func_value PASSED [ 78%]
tests/unit/modules/skill/test_skill_data_parser.py::test_parse_named_interp_func PASSED [ 78%]
tests/unit/modules/skill/test_skill_data_parser.py::test_parse_function_value_becomes_sentinel PASSED [ 79%]
tests/unit/modules/skill/test_skill_data_parser.py::test_parse_negative_values PASSED [ 79%]
tests/unit/modules/skill/test_skill_data_parser.py::test_skill_exp_func_matches_head_lua PASSED [ 79%]
tests/unit/modules/skill/test_skill_effect.py::test_line_basic PASSED    [ 79%]
tests/unit/modules/skill/test_skill_effect.py::test_line_at_endpoints PASSED [ 79%]
tests/unit/modules/skill/test_skill_effect.py::test_line_vertical_returns_y2 PASSED [ 79%]
tests/unit/modules/skill/test_skill_effect.py::test_conic_guard_negative_returns_zero PASSED [ 79%]
tests/unit/modules/skill/test_skill_effect.py::test_conic_vertical_returns_y2 PASSED [ 80%]
tests/unit/modules/skill/test_skill_effect.py::test_conic_quadratic_value PASSED [ 80%]
tests/unit/modules/skill/test_skill_effect.py::test_extrac_is_linear_not_sqrt PASSED [ 80%]
tests/unit/modules/skill/test_skill_effect.py::test_extrac_guard_negative_returns_zero PASSED [ 80%]
tests/unit/modules/skill/test_skill_effect.py::test_link_too_few_points_returns_minus_one PASSED [ 80%]
tests/unit/modules/skill/test_skill_effect.py::test_link_in_range PASSED [ 80%]
tests/unit/modules/skill/test_skill_effect.py::test_link_below_first_extrapolates PASSED [ 80%]
tests/unit/modules/skill/test_skill_effect.py::test_link_above_last_extrapolates PASSED [ 80%]
tests/unit/modules/skill/test_skill_effect.py::test_link_multi_segment_picks_correct PASSED [ 81%]
tests/unit/modules/skill/test_skill_effect.py::test_link_respects_named_func PASSED [ 81%]
tests/unit/modules/skill/test_skill_effect.py::test_skill_level_data_none_returns_zeros PASSED [ 81%]
tests/unit/modules/skill/test_skill_effect.py::test_melee_damage_return_level1 PASSED [ 81%]
tests/unit/modules/skill/test_skill_effect.py::test_melee_damage_return_level15 PASSED [ 81%]
tests/unit/modules/skill/test_skill_effect.py::test_melee_damage_return_level30 PASSED [ 81%]
tests/unit/modules/skill/test_skill_effect.py::test_add_physics_damage_endpoints PASSED [ 81%]
tests/unit/modules/skill/test_skill_effect.py::test_skill_level_data_missing_groups_default_zero PASSED [ 82%]
tests/unit/modules/skill/test_skill_effect.py::test_skill_exp_func_level1 PASSED [ 82%]
tests/unit/modules/skill/test_skill_effect.py::test_skill_exp_func_growth PASSED [ 82%]
tests/unit/modules/skill/test_skill_effect_wireup.py::test_registry_loads_known_keys PASSED [ 82%]
tests/unit/modules/skill/test_skill_effect_wireup.py::test_resolve_effect_interpolates_by_level PASSED [ 82%]
tests/unit/modules/skill/test_skill_effect_wireup.py::test_resolve_effect_matches_get_skill_level_data PASSED [ 82%]
tests/unit/modules/skill/test_skill_effect_wireup.py::test_resolve_effect_unknown_returns_none PASSED [ 82%]
tests/unit/modules/skill/test_skill_effect_wireup.py::test_skill_template_has_effect_attribs PASSED [ 83%]
tests/unit/modules/skill/test_skill_effect_wireup.py::test_many_skills_resolvable PASSED [ 83%]
tests/unit/modules/skill/test_skill_effect_wireup.py::test_compute_effects_for_skill PASSED [ 83%]
tests/unit/modules/skill/test_skill_effect_wireup.py::test_compute_effects_scales_with_level PASSED [ 83%]
tests/unit/modules/skill/test_skill_effect_wireup.py::test_compute_effects_empty_when_no_attribs PASSED [ 83%]
tests/unit/modules/skill/test_skill_logic.py::test_can_learn_skill_318_requires_level_80 PASSED [ 83%]
tests/unit/modules/skill/test_skill_logic.py::test_can_level_up_and_next_level PASSED [ 83%]
tests/unit/modules/skill/test_skill_logic.py::test_reached_skill_milestones[1-expected0] PASSED [ 83%]
tests/unit/modules/skill/test_skill_logic.py::test_reached_skill_milestones[90-expected1] PASSED [ 84%]
tests/unit/modules/skill/test_skill_logic.py::test_reached_skill_milestones[120-expected2] PASSED [ 84%]
tests/unit/modules/skill/test_skill_logic.py::test_reached_skill_milestones[150-expected3] PASSED [ 84%]
tests/unit/modules/skill/test_skill_logic.py::test_reached_skill_milestones[200-expected4] PASSED [ 84%]
tests/unit/modules/skill/test_skill_logic.py::test_faction_skill_unlocked[0-318-89-False] PASSED [ 84%]
tests/unit/modules/skill/test_skill_logic.py::test_faction_skill_unlocked[0-318-90-True] PASSED [ 84%]
tests/unit/modules/skill/test_skill_logic.py::test_faction_skill_unlocked[0-709-119-False] PASSED [ 84%]
tests/unit/modules/skill/test_skill_logic.py::test_faction_skill_unlocked[0-709-120-True] PASSED [ 85%]
tests/unit/modules/skill/test_skill_logic.py::test_faction_skill_unlocked[0-1055-150-True] PASSED [ 85%]
tests/unit/modules/skill/test_skill_logic.py::test_faction_skill_unlocked[0-999999-1-True] PASSED [ 85%]
tests/unit/modules/skill/test_skill_logic.py::test_faction_skill_unlocked[5-318-1-True] PASSED [ 85%]
tests/unit/modules/skill/test_skill_logic.py::test_validate_skill_exists PASSED [ 85%]
tests/unit/modules/skill/test_skills.py::test_skill_table_loads_many_skills PASSED [ 85%]
tests/unit/modules/skill/test_skills.py::test_skill_318_template_parity PASSED [ 85%]
tests/unit/modules/skill/test_skills.py::test_skill_709_template_parity PASSED [ 86%]
tests/unit/modules/skill/test_skills.py::test_skill_1055_template_parity PASSED [ 86%]
tests/unit/modules/skill/test_skills.py::test_unknown_skill_returns_none PASSED [ 86%]
tests/unit/modules/skill/test_skills.py::test_skill_table_cached PASSED  [ 86%]
tests/unit/modules/social/test_constants.py::test_tong_rank_values PASSED [ 86%]
tests/unit/modules/social/test_constants.py::test_tong_rank_names_cover_all_ranks PASSED [ 86%]
tests/unit/modules/social/test_constants.py::test_tong_count_limits PASSED [ 86%]
tests/unit/modules/social/test_constants.py::test_default_tong_rank_is_mass PASSED [ 86%]
tests/unit/modules/social/test_constants.py::test_is_valid_tong_rank[0-True] PASSED [ 87%]
tests/unit/modules/social/test_constants.py::test_is_valid_tong_rank[4-True] PASSED [ 87%]
tests/unit/modules/social/test_constants.py::test_is_valid_tong_rank[3-True] PASSED [ 87%]
tests/unit/modules/social/test_constants.py::test_is_valid_tong_rank[-1-False] PASSED [ 87%]
tests/unit/modules/social/test_constants.py::test_is_valid_tong_rank[5-False] PASSED [ 87%]
tests/unit/modules/social/test_constants.py::test_is_valid_tong_rank[100-False] PASSED [ 87%]
tests/unit/modules/social/test_relation_logic.py::test_relation_type_values PASSED [ 87%]
tests/unit/modules/social/test_relation_logic.py::test_relation_types_set PASSED [ 88%]
tests/unit/modules/social/test_relation_logic.py::test_is_valid_relation_type[friend-True] PASSED [ 88%]
tests/unit/modules/social/test_relation_logic.py::test_is_valid_relation_type[enemy-True] PASSED [ 88%]
tests/unit/modules/social/test_relation_logic.py::test_is_valid_relation_type[FRIEND-False] PASSED [ 88%]
tests/unit/modules/social/test_relation_logic.py::test_is_valid_relation_type[foe-False] PASSED [ 88%]
tests/unit/modules/social/test_relation_logic.py::test_is_valid_relation_type[-False] PASSED [ 88%]
tests/unit/modules/social/test_relation_logic.py::test_self_relation_rule PASSED [ 88%]
tests/unit/modules/social/test_relation_logic.py::test_relation_dedup_key_distinguishes_type PASSED [ 88%]
tests/unit/modules/social/test_relation_logic.py::test_relation_dedup_key_same_pair_same_type PASSED [ 89%]
tests/unit/modules/social/test_relation_logic.py::test_relation_direction_matters PASSED [ 89%]
tests/unit/modules/social/test_shitu.py::test_constants PASSED           [ 89%]
tests/unit/modules/social/test_shitu.py::test_degree_has_league_job PASSED [ 89%]
tests/unit/modules/social/test_shitu.py::test_degree_master PASSED       [ 89%]
tests/unit/modules/social/test_shitu.py::test_degree_premaster PASSED    [ 89%]
tests/unit/modules/social/test_shitu.py::test_degree_preapprentice PASSED [ 89%]
tests/unit/modules/social/test_shitu.py::test_master_load_tiers PASSED   [ 90%]
tests/unit/modules/social/test_shitu.py::test_can_accept_below_80 PASSED [ 90%]
tests/unit/modules/social/test_shitu.py::test_can_accept_full_load PASSED [ 90%]
tests/unit/modules/social/test_shitu.py::test_can_be_apprentice PASSED   [ 90%]
tests/unit/modules/social/test_shitu.py::test_shitu_limit_within_window_full PASSED [ 90%]
tests/unit/modules/social/test_shitu.py::test_shitu_limit_within_window_available PASSED [ 90%]
tests/unit/modules/social/test_shitu.py::test_shitu_limit_window_expired_resets PASSED [ 90%]
tests/unit/modules/social/test_shitu.py::test_graduation_bonus_first_master PASSED [ 91%]
tests/unit/modules/social/test_shitu.py::test_graduation_bonus_not_first_master PASSED [ 91%]
tests/unit/modules/social/test_shitu.py::test_can_break_after_24h PASSED [ 91%]
tests/unit/modules/social/test_social_wireup.py::test_contribute_split_basic PASSED [ 91%]
tests/unit/modules/social/test_social_wireup.py::test_contribute_week_cap PASSED [ 91%]
tests/unit/modules/social/test_social_wireup.py::test_contribute_negative_rejected PASSED [ 91%]
tests/unit/modules/social/test_social_wireup.py::test_kick_deducts_funds PASSED [ 91%]
tests/unit/modules/social/test_social_wireup.py::test_kick_build_shortfall_from_build_fund PASSED [ 91%]
tests/unit/modules/social/test_social_wireup.py::test_kick_rejected_insufficient_war_fund PASSED [ 92%]
tests/unit/modules/social/test_social_wireup.py::test_kick_rejected_insufficient_build_fund PASSED [ 92%]
tests/unit/modules/social/test_social_wireup.py::test_accept_apprentice_ok PASSED [ 92%]
tests/unit/modules/social/test_social_wireup.py::test_accept_apprentice_self_rejected PASSED [ 92%]
tests/unit/modules/social/test_social_wireup.py::test_accept_apprentice_too_high_level PASSED [ 92%]
tests/unit/modules/social/test_social_wireup.py::test_accept_master_too_low PASSED [ 92%]
tests/unit/modules/social/test_social_wireup.py::test_accept_load_full PASSED [ 92%]
tests/unit/modules/social/test_social_wireup.py::test_accept_shitu_limit_7days PASSED [ 93%]
tests/unit/modules/social/test_social_wireup.py::test_graduate_bonus_by_enter_level PASSED [ 93%]
tests/unit/modules/social/test_social_wireup.py::test_graduate_apprentice_too_low_rejected PASSED [ 93%]
tests/unit/modules/social/test_social_wireup.py::test_graduate_second_master_no_bonus PASSED [ 93%]
tests/unit/modules/social/test_social_wireup.py::test_graduate_non_active_rejected PASSED [ 93%]
tests/unit/modules/social/test_social_wireup.py::test_break_after_24h PASSED [ 93%]
tests/unit/modules/social/test_social_wireup.py::test_break_protected_under_24h PASSED [ 93%]
tests/unit/modules/social/test_tong_contribution.py::test_constants PASSED [ 94%]
tests/unit/modules/social/test_tong_contribution.py::test_split_basic PASSED [ 94%]
tests/unit/modules/social/test_tong_contribution.py::test_split_week_cap PASSED [ 94%]
tests/unit/modules/social/test_tong_contribution.py::test_split_week_cap_partial PASSED [ 94%]
tests/unit/modules/social/test_tong_contribution.py::test_split_week_cap_over PASSED [ 94%]
tests/unit/modules/social/test_tong_contribution.py::test_split_master_cap PASSED [ 94%]
tests/unit/modules/social/test_tong_contribution.py::test_cap_contribution_below_50 PASSED [ 94%]
tests/unit/modules/social/test_tong_contribution.py::test_cap_contribution_50_to_80 PASSED [ 94%]
tests/unit/modules/social/test_tong_contribution.py::test_cap_contribution_80_plus PASSED [ 95%]
tests/unit/modules/social/test_tong_contribution.py::test_cap_contribution_negative PASSED [ 95%]
tests/unit/modules/social/test_tong_contribution.py::test_kick_deduction PASSED [ 95%]
tests/unit/modules/social/test_tong_contribution.py::test_kick_deduction_zero PASSED [ 95%]
tests/unit/modules/social/test_union_zhaomu_logic.py::test_union_apply_status_values PASSED [ 95%]
tests/unit/modules/social/test_union_zhaomu_logic.py::test_union_apply_statuses_set PASSED [ 95%]
tests/unit/modules/social/test_union_zhaomu_logic.py::test_zhaomu_apply_status_values PASSED [ 95%]
tests/unit/modules/social/test_union_zhaomu_logic.py::test_zhaomu_apply_statuses_set PASSED [ 96%]
tests/unit/modules/social/test_union_zhaomu_logic.py::test_is_valid_union_apply_status[pending-True] PASSED [ 96%]
tests/unit/modules/social/test_union_zhaomu_logic.py::test_is_valid_union_apply_status[refused-True] PASSED [ 96%]
tests/unit/modules/social/test_union_zhaomu_logic.py::test_is_valid_union_apply_status[accepted-True] PASSED [ 96%]
tests/unit/modules/social/test_union_zhaomu_logic.py::test_is_valid_union_apply_status[PENDING-False] PASSED [ 96%]
tests/unit/modules/social/test_union_zhaomu_logic.py::test_is_valid_union_apply_status[-False] PASSED [ 96%]
tests/unit/modules/social/test_union_zhaomu_logic.py::test_is_valid_union_apply_status[done-False] PASSED [ 96%]
tests/unit/modules/social/test_union_zhaomu_logic.py::test_is_valid_zhaomu_apply_status[pending-True] PASSED [ 97%]
tests/unit/modules/social/test_union_zhaomu_logic.py::test_is_valid_zhaomu_apply_status[refused-True] PASSED [ 97%]
tests/unit/modules/social/test_union_zhaomu_logic.py::test_is_valid_zhaomu_apply_status[accepted-True] PASSED [ 97%]
tests/unit/modules/social/test_union_zhaomu_logic.py::test_is_valid_zhaomu_apply_status[xxx-False] PASSED [ 97%]
tests/unit/modules/social/test_union_zhaomu_logic.py::test_is_valid_zhaomu_apply_status[-False] PASSED [ 97%]
tests/unit/modules/task/test_constants.py::test_main_faction_task_ids PASSED [ 97%]
tests/unit/modules/task/test_constants.py::test_lv30_required_and_granted_values PASSED [ 97%]
tests/unit/modules/task/test_constants.py::test_zhuansheng_task_ids PASSED [ 97%]
tests/unit/modules/task/test_constants.py::test_zhuansheng_award_states PASSED [ 98%]
tests/unit/modules/task/test_constants.py::test_killer_and_150skill_task_ids PASSED [ 98%]
tests/unit/modules/task/test_task_state.py::test_task_default_value_is_zero PASSED [ 98%]
tests/unit/modules/task/test_task_state.py::test_resolve_task_value[None-0] PASSED [ 98%]
tests/unit/modules/task/test_task_state.py::test_resolve_task_value[0-0] PASSED [ 98%]
tests/unit/modules/task/test_task_state.py::test_resolve_task_value[60-60] PASSED [ 98%]
tests/unit/modules/task/test_task_state.py::test_resolve_task_value[108-108] PASSED [ 98%]
tests/unit/modules/task/test_task_state.py::test_resolve_task_value[255-255] PASSED [ 99%]
tests/unit/modules/task/test_task_state.py::test_is_valid_task_id[0-True] PASSED [ 99%]
tests/unit/modules/task/test_task_state.py::test_is_valid_task_id[1001-True] PASSED [ 99%]
tests/unit/modules/task/test_task_state.py::test_is_valid_task_id[2885-True] PASSED [ 99%]
tests/unit/modules/task/test_task_state.py::test_is_valid_task_id[-1-False] PASSED [ 99%]
tests/unit/modules/task/test_task_state.py::test_is_valid_task_value[0-True] PASSED [ 99%]
tests/unit/modules/task/test_task_state.py::test_is_valid_task_value[80-True] PASSED [ 99%]
tests/unit/modules/task/test_task_state.py::test_is_valid_task_value[-1-False] PASSED [100%]

======================= 736 passed in 194.21s (0:03:14) ========================
