<?xml version="1.0" encoding="utf-8"?>
<test-run id="2" testcasecount="12" result="Passed" total="12" passed="12" failed="0" inconclusive="0" skipped="0" asserts="0" engine-version="3.5.0.0" clr-version="4.0.30319.42000" start-time="2026-06-13 13:12:14Z" end-time="2026-06-13 13:12:14Z" duration="0.1247356">
  <test-suite type="TestSuite" id="1000" name="vltk-mobile" fullname="vltk-mobile" runstate="Runnable" testcasecount="2359" result="Passed" start-time="2026-06-13 13:12:14Z" end-time="2026-06-13 13:12:14Z" duration="0.124736" total="12" passed="12" failed="0" inconclusive="0" skipped="0" asserts="0">
    <properties>
      <property name="platform" value="EditMode" />
    </properties>
    <test-suite type="Assembly" id="3761" name="VLTK.Tests.EditMode.dll" fullname="/var/www/vltk-mobile/.worktrees/t_5151921f/Library/ScriptAssemblies/VLTK.Tests.EditMode.dll" runstate="Runnable" testcasecount="2358" result="Passed" start-time="2026-06-13 13:12:14Z" end-time="2026-06-13 13:12:14Z" duration="0.105410" total="12" passed="12" failed="0" inconclusive="0" skipped="0" asserts="0">
      <properties>
        <property name="_PID" value="1549361" />
        <property name="_APPDOMAIN" value="Unity Child Domain" />
        <property name="platform" value="EditMode" />
        <property name="EditorOnly" value="True" />
      </properties>
      <test-suite type="TestSuite" id="3762" name="VLTK" fullname="VLTK" runstate="Runnable" testcasecount="2358" result="Passed" start-time="2026-06-13 13:12:14Z" end-time="2026-06-13 13:12:14Z" duration="0.092718" total="12" passed="12" failed="0" inconclusive="0" skipped="0" asserts="0">
        <properties />
        <test-suite type="TestSuite" id="3763" name="Tests" fullname="VLTK.Tests" runstate="Runnable" testcasecount="2358" result="Passed" start-time="2026-06-13 13:12:14Z" end-time="2026-06-13 13:12:14Z" duration="0.080520" total="12" passed="12" failed="0" inconclusive="0" skipped="0" asserts="0">
          <properties />
          <test-suite type="TestSuite" id="3772" name="Backend" fullname="VLTK.Tests.Backend" runstate="Runnable" testcasecount="68" result="Passed" start-time="2026-06-13 13:12:14Z" end-time="2026-06-13 13:12:14Z" duration="0.058260" total="12" passed="12" failed="0" inconclusive="0" skipped="0" asserts="0">
            <properties />
            <test-suite type="TestFixture" id="3695" name="AuthMockGameBackendTests" fullname="VLTK.Tests.Backend.AuthMockGameBackendTests" classname="VLTK.Tests.Backend.AuthMockGameBackendTests" runstate="Runnable" testcasecount="12" result="Passed" start-time="2026-06-13 13:12:14Z" end-time="2026-06-13 13:12:14Z" duration="0.056015" total="12" passed="12" failed="0" inconclusive="0" skipped="0" asserts="0">
              <properties />
              <test-case id="3707" name="AuthFlow_LoginThenListThenGetPlayer_AllReturnSuccess" fullname="VLTK.Tests.Backend.AuthMockGameBackendTests.AuthFlow_LoginThenListThenGetPlayer_AllReturnSuccess" methodname="AuthFlow_LoginThenListThenGetPlayer_AllReturnSuccess" classname="VLTK.Tests.Backend.AuthMockGameBackendTests" runstate="Runnable" seed="216772930" result="Passed" start-time="2026-06-13 13:12:14Z" end-time="2026-06-13 13:12:14Z" duration="0.019013" asserts="0">
                <properties>
                  <property name="retryIteration" value="0" />
                  <property name="repeatIteration" value="0" />
                </properties>
                <output><![CDATA[VLTK.Backend.BackendConfig must be instantiated using the ScriptableObject.CreateInstance method instead of new BackendConfig.
]]></output>
              </test-case>
              <test-case id="3704" name="GetPlayerStateAsync_DifferentRoleIds_AllReturnValidResponse" fullname="VLTK.Tests.Backend.AuthMockGameBackendTests.GetPlayerStateAsync_DifferentRoleIds_AllReturnValidResponse" methodname="GetPlayerStateAsync_DifferentRoleIds_AllReturnValidResponse" classname="VLTK.Tests.Backend.AuthMockGameBackendTests" runstate="Runnable" seed="322786359" result="Passed" start-time="2026-06-13 13:12:14Z" end-time="2026-06-13 13:12:14Z" duration="0.002594" asserts="0">
                <properties>
                  <property name="retryIteration" value="0" />
                  <property name="repeatIteration" value="0" />
                </properties>
                <output><![CDATA[VLTK.Backend.BackendConfig must be instantiated using the ScriptableObject.CreateInstance method instead of new BackendConfig.
]]></output>
              </test-case>
              <test-case id="3706" name="GetPlayerStateAsync_NegativeRoleId_ValidationError" fullname="VLTK.Tests.Backend.AuthMockGameBackendTests.GetPlayerStateAsync_NegativeRoleId_ValidationError" methodname="GetPlayerStateAsync_NegativeRoleId_ValidationError" classname="VLTK.Tests.Backend.AuthMockGameBackendTests" runstate="Runnable" seed="1504970333" result="Passed" start-time="2026-06-13 13:12:14Z" end-time="2026-06-13 13:12:14Z" duration="0.001972" asserts="0">
                <properties>
                  <property name="retryIteration" value="0" />
                  <property name="repeatIteration" value="0" />
                </properties>
                <output><![CDATA[VLTK.Backend.BackendConfig must be instantiated using the ScriptableObject.CreateInstance method instead of new BackendConfig.
]]></output>
              </test-case>
              <test-case id="3703" name="GetPlayerStateAsync_ReturnsKimDefaultStats" fullname="VLTK.Tests.Backend.AuthMockGameBackendTests.GetPlayerStateAsync_ReturnsKimDefaultStats" methodname="GetPlayerStateAsync_ReturnsKimDefaultStats" classname="VLTK.Tests.Backend.AuthMockGameBackendTests" runstate="Runnable" seed="1605550859" result="Passed" start-time="2026-06-13 13:12:14Z" end-time="2026-06-13 13:12:14Z" duration="0.003284" asserts="0">
                <properties>
                  <property name="retryIteration" value="0" />
                  <property name="repeatIteration" value="0" />
                </properties>
                <output><![CDATA[VLTK.Backend.BackendConfig must be instantiated using the ScriptableObject.CreateInstance method instead of new BackendConfig.
]]></output>
              </test-case>
              <test-case id="3705" name="GetPlayerStateAsync_ZeroRoleId_ValidationError" fullname="VLTK.Tests.Backend.AuthMockGameBackendTests.GetPlayerStateAsync_ZeroRoleId_ValidationError" methodname="GetPlayerStateAsync_ZeroRoleId_ValidationError" classname="VLTK.Tests.Backend.AuthMockGameBackendTests" runstate="Runnable" seed="220998900" result="Passed" start-time="2026-06-13 13:12:14Z" end-time="2026-06-13 13:12:14Z" duration="0.001705" asserts="0">
                <properties>
                  <property name="retryIteration" value="0" />
                  <property name="repeatIteration" value="0" />
                </properties>
                <output><![CDATA[VLTK.Backend.BackendConfig must be instantiated using the ScriptableObject.CreateInstance method instead of new BackendConfig.
]]></output>
              </test-case>
              <test-case id="3701" name="ListRolesAsync_AccNameEchoesInResponse" fullname="VLTK.Tests.Backend.AuthMockGameBackendTests.ListRolesAsync_AccNameEchoesInResponse" methodname="ListRolesAsync_AccNameEchoesInResponse" classname="VLTK.Tests.Backend.AuthMockGameBackendTests" runstate="Runnable" seed="1458759295" result="Passed" start-time="2026-06-13 13:12:14Z" end-time="2026-06-13 13:12:14Z" duration="0.001485" asserts="0">
                <properties>
                  <property name="retryIteration" value="0" />
                  <property name="repeatIteration" value="0" />
                </properties>
                <output><![CDATA[VLTK.Backend.BackendConfig must be instantiated using the ScriptableObject.CreateInstance method instead of new BackendConfig.
]]></output>
              </test-case>
              <test-case id="3702" name="ListRolesAsync_EmptyAccName_ValidationError" fullname="VLTK.Tests.Backend.AuthMockGameBackendTests.ListRolesAsync_EmptyAccName_ValidationError" methodname="ListRolesAsync_EmptyAccName_ValidationError" classname="VLTK.Tests.Backend.AuthMockGameBackendTests" runstate="Runnable" seed="1671469742" result="Passed" start-time="2026-06-13 13:12:14Z" end-time="2026-06-13 13:12:14Z" duration="0.001375" asserts="0">
                <properties>
                  <property name="retryIteration" value="0" />
                  <property name="repeatIteration" value="0" />
                </properties>
                <output><![CDATA[VLTK.Backend.BackendConfig must be instantiated using the ScriptableObject.CreateInstance method instead of new BackendConfig.
]]></output>
              </test-case>
              <test-case id="3700" name="ListRolesAsync_ReturnsSeededRole" fullname="VLTK.Tests.Backend.AuthMockGameBackendTests.ListRolesAsync_ReturnsSeededRole" methodname="ListRolesAsync_ReturnsSeededRole" classname="VLTK.Tests.Backend.AuthMockGameBackendTests" runstate="Runnable" seed="1341213499" result="Passed" start-time="2026-06-13 13:12:14Z" end-time="2026-06-13 13:12:14Z" duration="0.001962" asserts="0">
                <properties>
                  <property name="retryIteration" value="0" />
                  <property name="repeatIteration" value="0" />
                </properties>
                <output><![CDATA[VLTK.Backend.BackendConfig must be instantiated using the ScriptableObject.CreateInstance method instead of new BackendConfig.
]]></output>
              </test-case>
              <test-case id="3697" name="LoginAsync_DoesNotHashPassword" fullname="VLTK.Tests.Backend.AuthMockGameBackendTests.LoginAsync_DoesNotHashPassword" methodname="LoginAsync_DoesNotHashPassword" classname="VLTK.Tests.Backend.AuthMockGameBackendTests" runstate="Runnable" seed="504674884" result="Passed" start-time="2026-06-13 13:12:14Z" end-time="2026-06-13 13:12:14Z" duration="0.001625" asserts="0">
                <properties>
                  <property name="retryIteration" value="0" />
                  <property name="repeatIteration" value="0" />
                </properties>
                <output><![CDATA[VLTK.Backend.BackendConfig must be instantiated using the ScriptableObject.CreateInstance method instead of new BackendConfig.
]]></output>
              </test-case>
              <test-case id="3698" name="LoginAsync_EmptyAccName_ValidationError" fullname="VLTK.Tests.Backend.AuthMockGameBackendTests.LoginAsync_EmptyAccName_ValidationError" methodname="LoginAsync_EmptyAccName_ValidationError" classname="VLTK.Tests.Backend.AuthMockGameBackendTests" runstate="Runnable" seed="2145119746" result="Passed" start-time="2026-06-13 13:12:14Z" end-time="2026-06-13 13:12:14Z" duration="0.001464" asserts="0">
                <properties>
                  <property name="retryIteration" value="0" />
                  <property name="repeatIteration" value="0" />
                </properties>
                <output><![CDATA[VLTK.Backend.BackendConfig must be instantiated using the ScriptableObject.CreateInstance method instead of new BackendConfig.
]]></output>
              </test-case>
              <test-case id="3699" name="LoginAsync_EmptyPassword_ValidationError" fullname="VLTK.Tests.Backend.AuthMockGameBackendTests.LoginAsync_EmptyPassword_ValidationError" methodname="LoginAsync_EmptyPassword_ValidationError" classname="VLTK.Tests.Backend.AuthMockGameBackendTests" runstate="Runnable" seed="1794841958" result="Passed" start-time="2026-06-13 13:12:14Z" end-time="2026-06-13 13:12:14Z" duration="0.001348" asserts="0">
                <properties>
                  <property name="retryIteration" value="0" />
                  <property name="repeatIteration" value="0" />
                </properties>
                <output><![CDATA[VLTK.Backend.BackendConfig must be instantiated using the ScriptableObject.CreateInstance method instead of new BackendConfig.
]]></output>
              </test-case>
              <test-case id="3696" name="LoginAsync_ReturnsEchoedAccName" fullname="VLTK.Tests.Backend.AuthMockGameBackendTests.LoginAsync_ReturnsEchoedAccName" methodname="LoginAsync_ReturnsEchoedAccName" classname="VLTK.Tests.Backend.AuthMockGameBackendTests" runstate="Runnable" seed="66400065" result="Passed" start-time="2026-06-13 13:12:14Z" end-time="2026-06-13 13:12:14Z" duration="0.001800" asserts="0">
                <properties>
                  <property name="retryIteration" value="0" />
                  <property name="repeatIteration" value="0" />
                </properties>
                <output><![CDATA[VLTK.Backend.BackendConfig must be instantiated using the ScriptableObject.CreateInstance method instead of new BackendConfig.
<b><color=#2EA3FF>MCP-FOR-UNITY</color></b>: [TestRunnerNoThrottle] Restored Interaction Mode after test run.
Saving results to: /home/zet/.hermes/profiles/vltk-fixer/home/.config/unity3d/vltk/vltk-mobile/TestResults.xml
]]></output>
              </test-case>
            </test-suite>
          </test-suite>
        </test-suite>
      </test-suite>
    </test-suite>
  </test-suite>
</test-run>