<?xml version="1.0" encoding="utf-8"?>
<test-run id="2" testcasecount="26" result="Passed" total="26" passed="26" failed="0" inconclusive="0" skipped="0" asserts="0" engine-version="3.5.0.0" clr-version="4.0.30319.42000" start-time="2026-06-13 13:10:39Z" end-time="2026-06-13 13:10:39Z" duration="0.1869674">
  <test-suite type="TestSuite" id="1000" name="vltk-mobile" fullname="vltk-mobile" runstate="Runnable" testcasecount="2359" result="Passed" start-time="2026-06-13 13:10:39Z" end-time="2026-06-13 13:10:39Z" duration="0.186967" total="26" passed="26" failed="0" inconclusive="0" skipped="0" asserts="0">
    <properties>
      <property name="platform" value="EditMode" />
    </properties>
    <test-suite type="Assembly" id="3761" name="VLTK.Tests.EditMode.dll" fullname="/var/www/vltk-mobile/.worktrees/t_5151921f/Library/ScriptAssemblies/VLTK.Tests.EditMode.dll" runstate="Runnable" testcasecount="2358" result="Passed" start-time="2026-06-13 13:10:39Z" end-time="2026-06-13 13:10:39Z" duration="0.167499" total="26" passed="26" failed="0" inconclusive="0" skipped="0" asserts="0">
      <properties>
        <property name="_PID" value="1546525" />
        <property name="_APPDOMAIN" value="Unity Child Domain" />
        <property name="platform" value="EditMode" />
        <property name="EditorOnly" value="True" />
      </properties>
      <test-suite type="TestSuite" id="3762" name="VLTK" fullname="VLTK" runstate="Runnable" testcasecount="2358" result="Passed" start-time="2026-06-13 13:10:39Z" end-time="2026-06-13 13:10:39Z" duration="0.154851" total="26" passed="26" failed="0" inconclusive="0" skipped="0" asserts="0">
        <properties />
        <test-suite type="TestSuite" id="3763" name="Tests" fullname="VLTK.Tests" runstate="Runnable" testcasecount="2358" result="Passed" start-time="2026-06-13 13:10:39Z" end-time="2026-06-13 13:10:39Z" duration="0.143047" total="26" passed="26" failed="0" inconclusive="0" skipped="0" asserts="0">
          <properties />
          <test-suite type="TestSuite" id="3772" name="Backend" fullname="VLTK.Tests.Backend" runstate="Runnable" testcasecount="68" result="Passed" start-time="2026-06-13 13:10:39Z" end-time="2026-06-13 13:10:39Z" duration="0.119438" total="26" passed="26" failed="0" inconclusive="0" skipped="0" asserts="0">
            <properties />
            <test-suite type="TestFixture" id="3708" name="AuthRestGameBackendTests" fullname="VLTK.Tests.Backend.AuthRestGameBackendTests" classname="VLTK.Tests.Backend.AuthRestGameBackendTests" runstate="Runnable" testcasecount="26" result="Passed" start-time="2026-06-13 13:10:39Z" end-time="2026-06-13 13:10:39Z" duration="0.117085" total="26" passed="26" failed="0" inconclusive="0" skipped="0" asserts="0">
              <properties />
              <test-case id="3729" name="GetPlayerStateAsync_404_NoPlayerYet" fullname="VLTK.Tests.Backend.AuthRestGameBackendTests.GetPlayerStateAsync_404_NoPlayerYet" methodname="GetPlayerStateAsync_404_NoPlayerYet" classname="VLTK.Tests.Backend.AuthRestGameBackendTests" runstate="Runnable" seed="1136868326" result="Passed" start-time="2026-06-13 13:10:39Z" end-time="2026-06-13 13:10:39Z" duration="0.019714" asserts="0">
                <properties>
                  <property name="retryIteration" value="0" />
                  <property name="repeatIteration" value="0" />
                </properties>
                <output><![CDATA[VLTK.Backend.BackendConfig must be instantiated using the ScriptableObject.CreateInstance method instead of new BackendConfig.
]]></output>
              </test-case>
              <test-case id="3730" name="GetPlayerStateAsync_500_ServerError" fullname="VLTK.Tests.Backend.AuthRestGameBackendTests.GetPlayerStateAsync_500_ServerError" methodname="GetPlayerStateAsync_500_ServerError" classname="VLTK.Tests.Backend.AuthRestGameBackendTests" runstate="Runnable" seed="1972279868" result="Passed" start-time="2026-06-13 13:10:39Z" end-time="2026-06-13 13:10:39Z" duration="0.002089" asserts="0">
                <properties>
                  <property name="retryIteration" value="0" />
                  <property name="repeatIteration" value="0" />
                </properties>
                <output><![CDATA[VLTK.Backend.BackendConfig must be instantiated using the ScriptableObject.CreateInstance method instead of new BackendConfig.
]]></output>
              </test-case>
              <test-case id="3728" name="GetPlayerStateAsync_HappyPath" fullname="VLTK.Tests.Backend.AuthRestGameBackendTests.GetPlayerStateAsync_HappyPath" methodname="GetPlayerStateAsync_HappyPath" classname="VLTK.Tests.Backend.AuthRestGameBackendTests" runstate="Runnable" seed="722783680" result="Passed" start-time="2026-06-13 13:10:39Z" end-time="2026-06-13 13:10:39Z" duration="0.023954" asserts="0">
                <properties>
                  <property name="retryIteration" value="0" />
                  <property name="repeatIteration" value="0" />
                </properties>
                <output><![CDATA[VLTK.Backend.BackendConfig must be instantiated using the ScriptableObject.CreateInstance method instead of new BackendConfig.
]]></output>
              </test-case>
              <test-case id="3731" name="GetPlayerStateAsync_MalformedJson_ReturnsParseError" fullname="VLTK.Tests.Backend.AuthRestGameBackendTests.GetPlayerStateAsync_MalformedJson_ReturnsParseError" methodname="GetPlayerStateAsync_MalformedJson_ReturnsParseError" classname="VLTK.Tests.Backend.AuthRestGameBackendTests" runstate="Runnable" seed="1436086278" result="Passed" start-time="2026-06-13 13:10:39Z" end-time="2026-06-13 13:10:39Z" duration="0.003834" asserts="0">
                <properties>
                  <property name="retryIteration" value="0" />
                  <property name="repeatIteration" value="0" />
                </properties>
                <output><![CDATA[VLTK.Backend.BackendConfig must be instantiated using the ScriptableObject.CreateInstance method instead of new BackendConfig.
]]></output>
              </test-case>
              <test-case id="3733" name="GetPlayerStateAsync_NegativeRoleId_ValidationError" fullname="VLTK.Tests.Backend.AuthRestGameBackendTests.GetPlayerStateAsync_NegativeRoleId_ValidationError" methodname="GetPlayerStateAsync_NegativeRoleId_ValidationError" classname="VLTK.Tests.Backend.AuthRestGameBackendTests" runstate="Runnable" seed="699255679" result="Passed" start-time="2026-06-13 13:10:39Z" end-time="2026-06-13 13:10:39Z" duration="0.001808" asserts="0">
                <properties>
                  <property name="retryIteration" value="0" />
                  <property name="repeatIteration" value="0" />
                </properties>
                <output><![CDATA[VLTK.Backend.BackendConfig must be instantiated using the ScriptableObject.CreateInstance method instead of new BackendConfig.
]]></output>
              </test-case>
              <test-case id="3732" name="GetPlayerStateAsync_NonPositiveRoleId_ValidationError" fullname="VLTK.Tests.Backend.AuthRestGameBackendTests.GetPlayerStateAsync_NonPositiveRoleId_ValidationError" methodname="GetPlayerStateAsync_NonPositiveRoleId_ValidationError" classname="VLTK.Tests.Backend.AuthRestGameBackendTests" runstate="Runnable" seed="1885347495" result="Passed" start-time="2026-06-13 13:10:39Z" end-time="2026-06-13 13:10:39Z" duration="0.001727" asserts="0">
                <properties>
                  <property name="retryIteration" value="0" />
                  <property name="repeatIteration" value="0" />
                </properties>
                <output><![CDATA[VLTK.Backend.BackendConfig must be instantiated using the ScriptableObject.CreateInstance method instead of new BackendConfig.
]]></output>
              </test-case>
              <test-case id="3724" name="ListRolesAsync_404_AccountNotFound" fullname="VLTK.Tests.Backend.AuthRestGameBackendTests.ListRolesAsync_404_AccountNotFound" methodname="ListRolesAsync_404_AccountNotFound" classname="VLTK.Tests.Backend.AuthRestGameBackendTests" runstate="Runnable" seed="1534529125" result="Passed" start-time="2026-06-13 13:10:39Z" end-time="2026-06-13 13:10:39Z" duration="0.002777" asserts="0">
                <properties>
                  <property name="retryIteration" value="0" />
                  <property name="repeatIteration" value="0" />
                </properties>
                <output><![CDATA[VLTK.Backend.BackendConfig must be instantiated using the ScriptableObject.CreateInstance method instead of new BackendConfig.
]]></output>
              </test-case>
              <test-case id="3725" name="ListRolesAsync_500_ServerError" fullname="VLTK.Tests.Backend.AuthRestGameBackendTests.ListRolesAsync_500_ServerError" methodname="ListRolesAsync_500_ServerError" classname="VLTK.Tests.Backend.AuthRestGameBackendTests" runstate="Runnable" seed="1502005207" result="Passed" start-time="2026-06-13 13:10:39Z" end-time="2026-06-13 13:10:39Z" duration="0.001452" asserts="0">
                <properties>
                  <property name="retryIteration" value="0" />
                  <property name="repeatIteration" value="0" />
                </properties>
                <output><![CDATA[VLTK.Backend.BackendConfig must be instantiated using the ScriptableObject.CreateInstance method instead of new BackendConfig.
]]></output>
              </test-case>
              <test-case id="3727" name="ListRolesAsync_EmptyAccName_ValidationErrorBeforeSend" fullname="VLTK.Tests.Backend.AuthRestGameBackendTests.ListRolesAsync_EmptyAccName_ValidationErrorBeforeSend" methodname="ListRolesAsync_EmptyAccName_ValidationErrorBeforeSend" classname="VLTK.Tests.Backend.AuthRestGameBackendTests" runstate="Runnable" seed="649733702" result="Passed" start-time="2026-06-13 13:10:39Z" end-time="2026-06-13 13:10:39Z" duration="0.001727" asserts="0">
                <properties>
                  <property name="retryIteration" value="0" />
                  <property name="repeatIteration" value="0" />
                </properties>
                <output><![CDATA[VLTK.Backend.BackendConfig must be instantiated using the ScriptableObject.CreateInstance method instead of new BackendConfig.
]]></output>
              </test-case>
              <test-case id="3721" name="ListRolesAsync_HappyPath_EmptyRoles" fullname="VLTK.Tests.Backend.AuthRestGameBackendTests.ListRolesAsync_HappyPath_EmptyRoles" methodname="ListRolesAsync_HappyPath_EmptyRoles" classname="VLTK.Tests.Backend.AuthRestGameBackendTests" runstate="Runnable" seed="82496209" result="Passed" start-time="2026-06-13 13:10:39Z" end-time="2026-06-13 13:10:39Z" duration="0.006606" asserts="0">
                <properties>
                  <property name="retryIteration" value="0" />
                  <property name="repeatIteration" value="0" />
                </properties>
                <output><![CDATA[VLTK.Backend.BackendConfig must be instantiated using the ScriptableObject.CreateInstance method instead of new BackendConfig.
]]></output>
              </test-case>
              <test-case id="3722" name="ListRolesAsync_HappyPath_OneRoleWithFactionName" fullname="VLTK.Tests.Backend.AuthRestGameBackendTests.ListRolesAsync_HappyPath_OneRoleWithFactionName" methodname="ListRolesAsync_HappyPath_OneRoleWithFactionName" classname="VLTK.Tests.Backend.AuthRestGameBackendTests" runstate="Runnable" seed="1074680198" result="Passed" start-time="2026-06-13 13:10:39Z" end-time="2026-06-13 13:10:39Z" duration="0.002508" asserts="0">
                <properties>
                  <property name="retryIteration" value="0" />
                  <property name="repeatIteration" value="0" />
                </properties>
                <output><![CDATA[VLTK.Backend.BackendConfig must be instantiated using the ScriptableObject.CreateInstance method instead of new BackendConfig.
]]></output>
              </test-case>
              <test-case id="3726" name="ListRolesAsync_MalformedJson_ReturnsParseError" fullname="VLTK.Tests.Backend.AuthRestGameBackendTests.ListRolesAsync_MalformedJson_ReturnsParseError" methodname="ListRolesAsync_MalformedJson_ReturnsParseError" classname="VLTK.Tests.Backend.AuthRestGameBackendTests" runstate="Runnable" seed="1879727906" result="Passed" start-time="2026-06-13 13:10:39Z" end-time="2026-06-13 13:10:39Z" duration="0.002031" asserts="0">
                <properties>
                  <property name="retryIteration" value="0" />
                  <property name="repeatIteration" value="0" />
                </properties>
                <output><![CDATA[VLTK.Backend.BackendConfig must be instantiated using the ScriptableObject.CreateInstance method instead of new BackendConfig.
]]></output>
              </test-case>
              <test-case id="3723" name="ListRolesAsync_UrlEncodesAccNameWithUnicode" fullname="VLTK.Tests.Backend.AuthRestGameBackendTests.ListRolesAsync_UrlEncodesAccNameWithUnicode" methodname="ListRolesAsync_UrlEncodesAccNameWithUnicode" classname="VLTK.Tests.Backend.AuthRestGameBackendTests" runstate="Runnable" seed="2104728289" result="Passed" start-time="2026-06-13 13:10:39Z" end-time="2026-06-13 13:10:39Z" duration="0.002011" asserts="0">
                <properties>
                  <property name="retryIteration" value="0" />
                  <property name="repeatIteration" value="0" />
                </properties>
                <output><![CDATA[VLTK.Backend.BackendConfig must be instantiated using the ScriptableObject.CreateInstance method instead of new BackendConfig.
]]></output>
              </test-case>
              <test-case id="3712" name="LoginAsync_401_ReturnsFailureWithCode" fullname="VLTK.Tests.Backend.AuthRestGameBackendTests.LoginAsync_401_ReturnsFailureWithCode" methodname="LoginAsync_401_ReturnsFailureWithCode" classname="VLTK.Tests.Backend.AuthRestGameBackendTests" runstate="Runnable" seed="1500034145" result="Passed" start-time="2026-06-13 13:10:39Z" end-time="2026-06-13 13:10:39Z" duration="0.004352" asserts="0">
                <properties>
                  <property name="retryIteration" value="0" />
                  <property name="repeatIteration" value="0" />
                </properties>
                <output><![CDATA[VLTK.Backend.BackendConfig must be instantiated using the ScriptableObject.CreateInstance method instead of new BackendConfig.
]]></output>
              </test-case>
              <test-case id="3713" name="LoginAsync_422_ValidationError" fullname="VLTK.Tests.Backend.AuthRestGameBackendTests.LoginAsync_422_ValidationError" methodname="LoginAsync_422_ValidationError" classname="VLTK.Tests.Backend.AuthRestGameBackendTests" runstate="Runnable" seed="263090610" result="Passed" start-time="2026-06-13 13:10:39Z" end-time="2026-06-13 13:10:39Z" duration="0.001882" asserts="0">
                <properties>
                  <property name="retryIteration" value="0" />
                  <property name="repeatIteration" value="0" />
                </properties>
                <output><![CDATA[VLTK.Backend.BackendConfig must be instantiated using the ScriptableObject.CreateInstance method instead of new BackendConfig.
]]></output>
              </test-case>
              <test-case id="3715" name="LoginAsync_429_RateLimit" fullname="VLTK.Tests.Backend.AuthRestGameBackendTests.LoginAsync_429_RateLimit" methodname="LoginAsync_429_RateLimit" classname="VLTK.Tests.Backend.AuthRestGameBackendTests" runstate="Runnable" seed="190830895" result="Passed" start-time="2026-06-13 13:10:39Z" end-time="2026-06-13 13:10:39Z" duration="0.001588" asserts="0">
                <properties>
                  <property name="retryIteration" value="0" />
                  <property name="repeatIteration" value="0" />
                </properties>
                <output><![CDATA[VLTK.Backend.BackendConfig must be instantiated using the ScriptableObject.CreateInstance method instead of new BackendConfig.
]]></output>
              </test-case>
              <test-case id="3714" name="LoginAsync_500_ServerError" fullname="VLTK.Tests.Backend.AuthRestGameBackendTests.LoginAsync_500_ServerError" methodname="LoginAsync_500_ServerError" classname="VLTK.Tests.Backend.AuthRestGameBackendTests" runstate="Runnable" seed="2082556622" result="Passed" start-time="2026-06-13 13:10:39Z" end-time="2026-06-13 13:10:39Z" duration="0.001463" asserts="0">
                <properties>
                  <property name="retryIteration" value="0" />
                  <property name="repeatIteration" value="0" />
                </properties>
                <output><![CDATA[VLTK.Backend.BackendConfig must be instantiated using the ScriptableObject.CreateInstance method instead of new BackendConfig.
]]></output>
              </test-case>
              <test-case id="3734" name="LoginAsync_CancelledToken_DoesNotThrow" fullname="VLTK.Tests.Backend.AuthRestGameBackendTests.LoginAsync_CancelledToken_DoesNotThrow" methodname="LoginAsync_CancelledToken_DoesNotThrow" classname="VLTK.Tests.Backend.AuthRestGameBackendTests" runstate="Runnable" seed="1630410545" result="Passed" start-time="2026-06-13 13:10:39Z" end-time="2026-06-13 13:10:39Z" duration="0.003500" asserts="0">
                <properties>
                  <property name="retryIteration" value="0" />
                  <property name="repeatIteration" value="0" />
                </properties>
                <output><![CDATA[VLTK.Backend.BackendConfig must be instantiated using the ScriptableObject.CreateInstance method instead of new BackendConfig.
]]></output>
              </test-case>
              <test-case id="3719" name="LoginAsync_EmptyAccName_ValidationErrorBeforeSend" fullname="VLTK.Tests.Backend.AuthRestGameBackendTests.LoginAsync_EmptyAccName_ValidationErrorBeforeSend" methodname="LoginAsync_EmptyAccName_ValidationErrorBeforeSend" classname="VLTK.Tests.Backend.AuthRestGameBackendTests" runstate="Runnable" seed="1412932690" result="Passed" start-time="2026-06-13 13:10:39Z" end-time="2026-06-13 13:10:39Z" duration="0.001634" asserts="0">
                <properties>
                  <property name="retryIteration" value="0" />
                  <property name="repeatIteration" value="0" />
                </properties>
                <output><![CDATA[VLTK.Backend.BackendConfig must be instantiated using the ScriptableObject.CreateInstance method instead of new BackendConfig.
]]></output>
              </test-case>
              <test-case id="3717" name="LoginAsync_EmptyBody_ReturnsEmptyBody" fullname="VLTK.Tests.Backend.AuthRestGameBackendTests.LoginAsync_EmptyBody_ReturnsEmptyBody" methodname="LoginAsync_EmptyBody_ReturnsEmptyBody" classname="VLTK.Tests.Backend.AuthRestGameBackendTests" runstate="Runnable" seed="1651402492" result="Passed" start-time="2026-06-13 13:10:39Z" end-time="2026-06-13 13:10:39Z" duration="0.001524" asserts="0">
                <properties>
                  <property name="retryIteration" value="0" />
                  <property name="repeatIteration" value="0" />
                </properties>
                <output><![CDATA[VLTK.Backend.BackendConfig must be instantiated using the ScriptableObject.CreateInstance method instead of new BackendConfig.
]]></output>
              </test-case>
              <test-case id="3720" name="LoginAsync_EmptyPassword_ValidationErrorBeforeSend" fullname="VLTK.Tests.Backend.AuthRestGameBackendTests.LoginAsync_EmptyPassword_ValidationErrorBeforeSend" methodname="LoginAsync_EmptyPassword_ValidationErrorBeforeSend" classname="VLTK.Tests.Backend.AuthRestGameBackendTests" runstate="Runnable" seed="725556983" result="Passed" start-time="2026-06-13 13:10:39Z" end-time="2026-06-13 13:10:39Z" duration="0.001381" asserts="0">
                <properties>
                  <property name="retryIteration" value="0" />
                  <property name="repeatIteration" value="0" />
                </properties>
                <output><![CDATA[VLTK.Backend.BackendConfig must be instantiated using the ScriptableObject.CreateInstance method instead of new BackendConfig.
]]></output>
              </test-case>
              <test-case id="3709" name="LoginAsync_HappyPath_SendsPostWithPlaintextPassword" fullname="VLTK.Tests.Backend.AuthRestGameBackendTests.LoginAsync_HappyPath_SendsPostWithPlaintextPassword" methodname="LoginAsync_HappyPath_SendsPostWithPlaintextPassword" classname="VLTK.Tests.Backend.AuthRestGameBackendTests" runstate="Runnable" seed="429139304" result="Passed" start-time="2026-06-13 13:10:39Z" end-time="2026-06-13 13:10:39Z" duration="0.002208" asserts="0">
                <properties>
                  <property name="retryIteration" value="0" />
                  <property name="repeatIteration" value="0" />
                </properties>
                <output><![CDATA[VLTK.Backend.BackendConfig must be instantiated using the ScriptableObject.CreateInstance method instead of new BackendConfig.
]]></output>
              </test-case>
              <test-case id="3716" name="LoginAsync_MalformedJson_ReturnsParseError" fullname="VLTK.Tests.Backend.AuthRestGameBackendTests.LoginAsync_MalformedJson_ReturnsParseError" methodname="LoginAsync_MalformedJson_ReturnsParseError" classname="VLTK.Tests.Backend.AuthRestGameBackendTests" runstate="Runnable" seed="1726454869" result="Passed" start-time="2026-06-13 13:10:39Z" end-time="2026-06-13 13:10:39Z" duration="0.001692" asserts="0">
                <properties>
                  <property name="retryIteration" value="0" />
                  <property name="repeatIteration" value="0" />
                </properties>
                <output><![CDATA[VLTK.Backend.BackendConfig must be instantiated using the ScriptableObject.CreateInstance method instead of new BackendConfig.
]]></output>
              </test-case>
              <test-case id="3710" name="LoginAsync_OmitsOtpAndClientIpWhenNull" fullname="VLTK.Tests.Backend.AuthRestGameBackendTests.LoginAsync_OmitsOtpAndClientIpWhenNull" methodname="LoginAsync_OmitsOtpAndClientIpWhenNull" classname="VLTK.Tests.Backend.AuthRestGameBackendTests" runstate="Runnable" seed="797281109" result="Passed" start-time="2026-06-13 13:10:39Z" end-time="2026-06-13 13:10:39Z" duration="0.001617" asserts="0">
                <properties>
                  <property name="retryIteration" value="0" />
                  <property name="repeatIteration" value="0" />
                </properties>
                <output><![CDATA[VLTK.Backend.BackendConfig must be instantiated using the ScriptableObject.CreateInstance method instead of new BackendConfig.
]]></output>
              </test-case>
              <test-case id="3711" name="LoginAsync_SendsOtpWhenProvided" fullname="VLTK.Tests.Backend.AuthRestGameBackendTests.LoginAsync_SendsOtpWhenProvided" methodname="LoginAsync_SendsOtpWhenProvided" classname="VLTK.Tests.Backend.AuthRestGameBackendTests" runstate="Runnable" seed="291233156" result="Passed" start-time="2026-06-13 13:10:39Z" end-time="2026-06-13 13:10:39Z" duration="0.001361" asserts="0">
                <properties>
                  <property name="retryIteration" value="0" />
                  <property name="repeatIteration" value="0" />
                </properties>
                <output><![CDATA[VLTK.Backend.BackendConfig must be instantiated using the ScriptableObject.CreateInstance method instead of new BackendConfig.
]]></output>
              </test-case>
              <test-case id="3718" name="LoginAsync_TransportError_ReturnsTransportError" fullname="VLTK.Tests.Backend.AuthRestGameBackendTests.LoginAsync_TransportError_ReturnsTransportError" methodname="LoginAsync_TransportError_ReturnsTransportError" classname="VLTK.Tests.Backend.AuthRestGameBackendTests" runstate="Runnable" seed="507174318" result="Passed" start-time="2026-06-13 13:10:39Z" end-time="2026-06-13 13:10:39Z" duration="0.001928" asserts="0">
                <properties>
                  <property name="retryIteration" value="0" />
                  <property name="repeatIteration" value="0" />
                </properties>
                <output><![CDATA[VLTK.Backend.BackendConfig must be instantiated using the ScriptableObject.CreateInstance method instead of new BackendConfig.
<b><color=#2EA3FF>MCP-FOR-UNITY</color></b>: [TestRunnerNoThrottle] Restored Interaction Mode after test run.
Saving results to: /home/zet/.hermes/profiles/vltk-fixer/home/.config/unity3d/vltk/vltk-mobile/TestResults.xml
]]></output>
              </test-case>
            </test-suite>
          </test-suite>
        </test-suite>
      </test-suite>
    </test-suite>
  </test-suite>
</test-run>