<?xml version="1.0" encoding="utf-8"?>
<test-run id="2" testcasecount="8" result="Passed" total="8" passed="8" failed="0" inconclusive="0" skipped="0" asserts="0" engine-version="3.5.0.0" clr-version="4.0.30319.42000" start-time="2026-06-13 13:14:15Z" end-time="2026-06-13 13:14:16Z" duration="0.1647384">
  <test-suite type="TestSuite" id="1000" name="vltk-mobile" fullname="vltk-mobile" runstate="Runnable" testcasecount="2359" result="Passed" start-time="2026-06-13 13:14:15Z" end-time="2026-06-13 13:14:16Z" duration="0.164738" total="8" passed="8" failed="0" inconclusive="0" skipped="0" asserts="0">
    <properties>
      <property name="platform" value="EditMode" />
    </properties>
    <test-suite type="Assembly" id="3761" name="VLTK.Tests.EditMode.dll" fullname="/var/www/vltk-mobile/.worktrees/t_5151921f/Library/ScriptAssemblies/VLTK.Tests.EditMode.dll" runstate="Runnable" testcasecount="2358" result="Passed" start-time="2026-06-13 13:14:15Z" end-time="2026-06-13 13:14:16Z" duration="0.144048" total="8" passed="8" failed="0" inconclusive="0" skipped="0" asserts="0">
      <properties>
        <property name="_PID" value="1553237" />
        <property name="_APPDOMAIN" value="Unity Child Domain" />
        <property name="platform" value="EditMode" />
        <property name="EditorOnly" value="True" />
      </properties>
      <test-suite type="TestSuite" id="3762" name="VLTK" fullname="VLTK" runstate="Runnable" testcasecount="2358" result="Passed" start-time="2026-06-13 13:14:15Z" end-time="2026-06-13 13:14:16Z" duration="0.128296" total="8" passed="8" failed="0" inconclusive="0" skipped="0" asserts="0">
        <properties />
        <test-suite type="TestSuite" id="3763" name="Tests" fullname="VLTK.Tests" runstate="Runnable" testcasecount="2358" result="Passed" start-time="2026-06-13 13:14:15Z" end-time="2026-06-13 13:14:16Z" duration="0.115612" total="8" passed="8" failed="0" inconclusive="0" skipped="0" asserts="0">
          <properties />
          <test-suite type="TestSuite" id="3772" name="Backend" fullname="VLTK.Tests.Backend" runstate="Runnable" testcasecount="68" result="Passed" start-time="2026-06-13 13:14:16Z" end-time="2026-06-13 13:14:16Z" duration="0.090354" total="8" passed="8" failed="0" inconclusive="0" skipped="0" asserts="0">
            <properties />
            <test-suite type="TestFixture" id="3686" name="AuthBackendClientTests" fullname="VLTK.Tests.Backend.AuthBackendClientTests" classname="VLTK.Tests.Backend.AuthBackendClientTests" runstate="Runnable" testcasecount="8" result="Passed" start-time="2026-06-13 13:14:16Z" end-time="2026-06-13 13:14:16Z" duration="0.087993" total="8" passed="8" failed="0" inconclusive="0" skipped="0" asserts="0">
              <properties />
              <test-case id="3693" name="AuthFlow_MockBackend_LoginListGetPlayer_FullChain" fullname="VLTK.Tests.Backend.AuthBackendClientTests.AuthFlow_MockBackend_LoginListGetPlayer_FullChain" methodname="AuthFlow_MockBackend_LoginListGetPlayer_FullChain" classname="VLTK.Tests.Backend.AuthBackendClientTests" runstate="Runnable" seed="941130126" result="Passed" start-time="2026-06-13 13:14:16Z" end-time="2026-06-13 13:14:16Z" duration="0.019581" asserts="0">
                <properties>
                  <property name="retryIteration" value="0" />
                  <property name="repeatIteration" value="0" />
                </properties>
                <output><![CDATA[VLTK.Backend.BackendConfig must be instantiated using the ScriptableObject.CreateInstance method instead of new BackendConfig.
]]></output>
              </test-case>
              <test-case id="3694" name="AuthFlow_RestBackend_LoginListGetPlayer_FullChain" fullname="VLTK.Tests.Backend.AuthBackendClientTests.AuthFlow_RestBackend_LoginListGetPlayer_FullChain" methodname="AuthFlow_RestBackend_LoginListGetPlayer_FullChain" classname="VLTK.Tests.Backend.AuthBackendClientTests" runstate="Runnable" seed="1539173402" result="Passed" start-time="2026-06-13 13:14:16Z" end-time="2026-06-13 13:14:16Z" duration="0.040894" asserts="0">
                <properties>
                  <property name="retryIteration" value="0" />
                  <property name="repeatIteration" value="0" />
                </properties>
                <output><![CDATA[VLTK.Backend.BackendConfig must be instantiated using the ScriptableObject.CreateInstance method instead of new BackendConfig.
]]></output>
              </test-case>
              <test-case id="3689" name="GetPlayerStateAsync_UseMock_RoutesToMockGameBackend" fullname="VLTK.Tests.Backend.AuthBackendClientTests.GetPlayerStateAsync_UseMock_RoutesToMockGameBackend" methodname="GetPlayerStateAsync_UseMock_RoutesToMockGameBackend" classname="VLTK.Tests.Backend.AuthBackendClientTests" runstate="Runnable" seed="1571722296" result="Passed" start-time="2026-06-13 13:14:16Z" end-time="2026-06-13 13:14:16Z" duration="0.001889" asserts="0">
                <properties>
                  <property name="retryIteration" value="0" />
                  <property name="repeatIteration" value="0" />
                </properties>
                <output><![CDATA[VLTK.Backend.BackendConfig must be instantiated using the ScriptableObject.CreateInstance method instead of new BackendConfig.
]]></output>
              </test-case>
              <test-case id="3692" name="GetPlayerStateAsync_UseRest_GoesThroughInjectedTransport" fullname="VLTK.Tests.Backend.AuthBackendClientTests.GetPlayerStateAsync_UseRest_GoesThroughInjectedTransport" methodname="GetPlayerStateAsync_UseRest_GoesThroughInjectedTransport" classname="VLTK.Tests.Backend.AuthBackendClientTests" runstate="Runnable" seed="71785173" result="Passed" start-time="2026-06-13 13:14:16Z" end-time="2026-06-13 13:14:16Z" duration="0.002327" asserts="0">
                <properties>
                  <property name="retryIteration" value="0" />
                  <property name="repeatIteration" value="0" />
                </properties>
                <output><![CDATA[VLTK.Backend.BackendConfig must be instantiated using the ScriptableObject.CreateInstance method instead of new BackendConfig.
]]></output>
              </test-case>
              <test-case id="3688" name="ListRolesAsync_UseMock_RoutesToMockGameBackend" fullname="VLTK.Tests.Backend.AuthBackendClientTests.ListRolesAsync_UseMock_RoutesToMockGameBackend" methodname="ListRolesAsync_UseMock_RoutesToMockGameBackend" classname="VLTK.Tests.Backend.AuthBackendClientTests" runstate="Runnable" seed="567811984" result="Passed" start-time="2026-06-13 13:14:16Z" end-time="2026-06-13 13:14:16Z" duration="0.001782" asserts="0">
                <properties>
                  <property name="retryIteration" value="0" />
                  <property name="repeatIteration" value="0" />
                </properties>
                <output><![CDATA[VLTK.Backend.BackendConfig must be instantiated using the ScriptableObject.CreateInstance method instead of new BackendConfig.
]]></output>
              </test-case>
              <test-case id="3691" name="ListRolesAsync_UseRest_GoesThroughInjectedTransport" fullname="VLTK.Tests.Backend.AuthBackendClientTests.ListRolesAsync_UseRest_GoesThroughInjectedTransport" methodname="ListRolesAsync_UseRest_GoesThroughInjectedTransport" classname="VLTK.Tests.Backend.AuthBackendClientTests" runstate="Runnable" seed="1806052590" result="Passed" start-time="2026-06-13 13:14:16Z" end-time="2026-06-13 13:14:16Z" duration="0.001725" asserts="0">
                <properties>
                  <property name="retryIteration" value="0" />
                  <property name="repeatIteration" value="0" />
                </properties>
                <output><![CDATA[VLTK.Backend.BackendConfig must be instantiated using the ScriptableObject.CreateInstance method instead of new BackendConfig.
]]></output>
              </test-case>
              <test-case id="3687" name="LoginAsync_UseMock_RoutesToMockGameBackend" fullname="VLTK.Tests.Backend.AuthBackendClientTests.LoginAsync_UseMock_RoutesToMockGameBackend" methodname="LoginAsync_UseMock_RoutesToMockGameBackend" classname="VLTK.Tests.Backend.AuthBackendClientTests" runstate="Runnable" seed="1841245751" result="Passed" start-time="2026-06-13 13:14:16Z" end-time="2026-06-13 13:14:16Z" duration="0.001617" asserts="0">
                <properties>
                  <property name="retryIteration" value="0" />
                  <property name="repeatIteration" value="0" />
                </properties>
                <output><![CDATA[VLTK.Backend.BackendConfig must be instantiated using the ScriptableObject.CreateInstance method instead of new BackendConfig.
]]></output>
              </test-case>
              <test-case id="3690" name="LoginAsync_UseRest_GoesThroughInjectedTransport" fullname="VLTK.Tests.Backend.AuthBackendClientTests.LoginAsync_UseRest_GoesThroughInjectedTransport" methodname="LoginAsync_UseRest_GoesThroughInjectedTransport" classname="VLTK.Tests.Backend.AuthBackendClientTests" runstate="Runnable" seed="273922190" result="Passed" start-time="2026-06-13 13:14:16Z" end-time="2026-06-13 13:14:16Z" duration="0.002065" asserts="0">
                <properties>
                  <property name="retryIteration" value="0" />
                  <property name="repeatIteration" value="0" />
                </properties>
                <output><![CDATA[VLTK.Backend.BackendConfig must be instantiated using the ScriptableObject.CreateInstance method instead of new BackendConfig.
<b><color=#2EA3FF>MCP-FOR-UNITY</color></b>: [TestRunnerNoThrottle] Restored Interaction Mode after test run.
Saving results to: /home/zet/.hermes/profiles/vltk-fixer/home/.config/unity3d/vltk/vltk-mobile/TestResults.xml
]]></output>
              </test-case>
            </test-suite>
          </test-suite>
        </test-suite>
      </test-suite>
    </test-suite>
  </test-suite>
</test-run>