<?xml version="1.0" encoding="utf-8"?>
<test-run id="2" testcasecount="96" result="Passed" total="96" passed="96" failed="0" inconclusive="0" skipped="0" asserts="0" engine-version="3.5.0.0" clr-version="4.0.30319.42000" start-time="2026-06-13 14:38:07Z" end-time="2026-06-13 14:38:34Z" duration="26.3166861">
  <test-suite type="TestSuite" id="3817" name="vltk-mobile" fullname="vltk-mobile" runstate="Runnable" testcasecount="2399" result="Passed" start-time="2026-06-13 14:38:07Z" end-time="2026-06-13 14:38:34Z" duration="26.316686" total="96" passed="96" failed="0" inconclusive="0" skipped="0" asserts="0">
    <properties>
      <property name="platform" value="EditMode" />
    </properties>
    <test-suite type="Assembly" id="3805" name="VLTK.Tests.EditMode.dll" fullname="/var/www/vltk-mobile/Library/ScriptAssemblies/VLTK.Tests.EditMode.dll" runstate="Runnable" testcasecount="2398" result="Passed" start-time="2026-06-13 14:38:08Z" end-time="2026-06-13 14:38:34Z" duration="26.215743" total="96" passed="96" failed="0" inconclusive="0" skipped="0" asserts="0">
      <properties>
        <property name="_PID" value="1659710" />
        <property name="_APPDOMAIN" value="Unity Child Domain" />
        <property name="platform" value="EditMode" />
        <property name="EditorOnly" value="True" />
      </properties>
      <test-suite type="TestSuite" id="3806" name="VLTK" fullname="VLTK" runstate="Runnable" testcasecount="2398" result="Passed" start-time="2026-06-13 14:38:08Z" end-time="2026-06-13 14:38:34Z" duration="26.119472" total="96" passed="96" failed="0" inconclusive="0" skipped="0" asserts="0">
        <properties />
        <test-suite type="TestSuite" id="3807" name="Tests" fullname="VLTK.Tests" runstate="Runnable" testcasecount="2398" result="Passed" start-time="2026-06-13 14:38:08Z" end-time="2026-06-13 14:38:34Z" duration="26.016411" total="96" passed="96" failed="0" inconclusive="0" skipped="0" asserts="0">
          <properties />
          <test-suite type="TestSuite" id="3816" name="Backend" fullname="VLTK.Tests.Backend" runstate="Runnable" testcasecount="96" result="Passed" start-time="2026-06-13 14:38:08Z" end-time="2026-06-13 14:38:34Z" duration="25.930525" total="96" passed="96" failed="0" inconclusive="0" skipped="0" asserts="0">
            <properties />
            <test-suite type="TestFixture" id="3698" name="AuthBackendClientTests" fullname="VLTK.Tests.Backend.AuthBackendClientTests" classname="VLTK.Tests.Backend.AuthBackendClientTests" runstate="Runnable" testcasecount="8" result="Passed" start-time="2026-06-13 14:38:08Z" end-time="2026-06-13 14:38:10Z" duration="2.497102" total="8" passed="8" failed="0" inconclusive="0" skipped="0" asserts="0">
              <properties />
              <test-case id="3705" name="AuthFlow_MockBackend_LoginListGetPlayer_FullChain" fullname="VLTK.Tests.Backend.AuthBackendClientTests.AuthFlow_MockBackend_LoginListGetPlayer_FullChain" methodname="AuthFlow_MockBackend_LoginListGetPlayer_FullChain" classname="VLTK.Tests.Backend.AuthBackendClientTests" runstate="Runnable" seed="270800222" result="Passed" start-time="2026-06-13 14:38:08Z" end-time="2026-06-13 14:38:08Z" duration="0.303746" asserts="0">
                <properties>
                  <property name="retryIteration" value="0" />
                  <property name="repeatIteration" value="0" />
                </properties>
                <output><![CDATA[VLTK.Backend.BackendConfig must be instantiated using the ScriptableObject.CreateInstance method instead of new BackendConfig.
]]></output>
              </test-case>
              <test-case id="3706" name="AuthFlow_RestBackend_LoginListGetPlayer_FullChain" fullname="VLTK.Tests.Backend.AuthBackendClientTests.AuthFlow_RestBackend_LoginListGetPlayer_FullChain" methodname="AuthFlow_RestBackend_LoginListGetPlayer_FullChain" classname="VLTK.Tests.Backend.AuthBackendClientTests" runstate="Runnable" seed="2019288866" result="Passed" start-time="2026-06-13 14:38:08Z" end-time="2026-06-13 14:38:09Z" duration="0.285300" asserts="0">
                <properties>
                  <property name="retryIteration" value="0" />
                  <property name="repeatIteration" value="0" />
                </properties>
                <output><![CDATA[VLTK.Backend.BackendConfig must be instantiated using the ScriptableObject.CreateInstance method instead of new BackendConfig.
]]></output>
              </test-case>
              <test-case id="3701" name="GetPlayerStateAsync_UseMock_RoutesToMockGameBackend" fullname="VLTK.Tests.Backend.AuthBackendClientTests.GetPlayerStateAsync_UseMock_RoutesToMockGameBackend" methodname="GetPlayerStateAsync_UseMock_RoutesToMockGameBackend" classname="VLTK.Tests.Backend.AuthBackendClientTests" runstate="Runnable" seed="1809966666" result="Passed" start-time="2026-06-13 14:38:09Z" end-time="2026-06-13 14:38:09Z" duration="0.299071" asserts="0">
                <properties>
                  <property name="retryIteration" value="0" />
                  <property name="repeatIteration" value="0" />
                </properties>
                <output><![CDATA[VLTK.Backend.BackendConfig must be instantiated using the ScriptableObject.CreateInstance method instead of new BackendConfig.
]]></output>
              </test-case>
              <test-case id="3704" name="GetPlayerStateAsync_UseRest_GoesThroughInjectedTransport" fullname="VLTK.Tests.Backend.AuthBackendClientTests.GetPlayerStateAsync_UseRest_GoesThroughInjectedTransport" methodname="GetPlayerStateAsync_UseRest_GoesThroughInjectedTransport" classname="VLTK.Tests.Backend.AuthBackendClientTests" runstate="Runnable" seed="1644799814" result="Passed" start-time="2026-06-13 14:38:09Z" end-time="2026-06-13 14:38:09Z" duration="0.298140" asserts="0">
                <properties>
                  <property name="retryIteration" value="0" />
                  <property name="repeatIteration" value="0" />
                </properties>
                <output><![CDATA[VLTK.Backend.BackendConfig must be instantiated using the ScriptableObject.CreateInstance method instead of new BackendConfig.
]]></output>
              </test-case>
              <test-case id="3700" name="ListRolesAsync_UseMock_RoutesToMockGameBackend" fullname="VLTK.Tests.Backend.AuthBackendClientTests.ListRolesAsync_UseMock_RoutesToMockGameBackend" methodname="ListRolesAsync_UseMock_RoutesToMockGameBackend" classname="VLTK.Tests.Backend.AuthBackendClientTests" runstate="Runnable" seed="1830936116" result="Passed" start-time="2026-06-13 14:38:09Z" end-time="2026-06-13 14:38:10Z" duration="0.300231" asserts="0">
                <properties>
                  <property name="retryIteration" value="0" />
                  <property name="repeatIteration" value="0" />
                </properties>
                <output><![CDATA[VLTK.Backend.BackendConfig must be instantiated using the ScriptableObject.CreateInstance method instead of new BackendConfig.
]]></output>
              </test-case>
              <test-case id="3703" name="ListRolesAsync_UseRest_GoesThroughInjectedTransport" fullname="VLTK.Tests.Backend.AuthBackendClientTests.ListRolesAsync_UseRest_GoesThroughInjectedTransport" methodname="ListRolesAsync_UseRest_GoesThroughInjectedTransport" classname="VLTK.Tests.Backend.AuthBackendClientTests" runstate="Runnable" seed="2106332234" result="Passed" start-time="2026-06-13 14:38:10Z" end-time="2026-06-13 14:38:10Z" duration="0.296338" asserts="0">
                <properties>
                  <property name="retryIteration" value="0" />
                  <property name="repeatIteration" value="0" />
                </properties>
                <output><![CDATA[VLTK.Backend.BackendConfig must be instantiated using the ScriptableObject.CreateInstance method instead of new BackendConfig.
]]></output>
              </test-case>
              <test-case id="3699" name="LoginAsync_UseMock_RoutesToMockGameBackend" fullname="VLTK.Tests.Backend.AuthBackendClientTests.LoginAsync_UseMock_RoutesToMockGameBackend" methodname="LoginAsync_UseMock_RoutesToMockGameBackend" classname="VLTK.Tests.Backend.AuthBackendClientTests" runstate="Runnable" seed="770018151" result="Passed" start-time="2026-06-13 14:38:10Z" end-time="2026-06-13 14:38:10Z" duration="0.298837" asserts="0">
                <properties>
                  <property name="retryIteration" value="0" />
                  <property name="repeatIteration" value="0" />
                </properties>
                <output><![CDATA[VLTK.Backend.BackendConfig must be instantiated using the ScriptableObject.CreateInstance method instead of new BackendConfig.
]]></output>
              </test-case>
              <test-case id="3702" name="LoginAsync_UseRest_GoesThroughInjectedTransport" fullname="VLTK.Tests.Backend.AuthBackendClientTests.LoginAsync_UseRest_GoesThroughInjectedTransport" methodname="LoginAsync_UseRest_GoesThroughInjectedTransport" classname="VLTK.Tests.Backend.AuthBackendClientTests" runstate="Runnable" seed="371249517" result="Passed" start-time="2026-06-13 14:38:10Z" end-time="2026-06-13 14:38:10Z" duration="0.300537" asserts="0">
                <properties>
                  <property name="retryIteration" value="0" />
                  <property name="repeatIteration" value="0" />
                </properties>
                <output><![CDATA[VLTK.Backend.BackendConfig must be instantiated using the ScriptableObject.CreateInstance method instead of new BackendConfig.
]]></output>
              </test-case>
            </test-suite>
            <test-suite type="TestFixture" id="3707" name="AuthMockGameBackendTests" fullname="VLTK.Tests.Backend.AuthMockGameBackendTests" classname="VLTK.Tests.Backend.AuthMockGameBackendTests" runstate="Runnable" testcasecount="12" result="Passed" start-time="2026-06-13 14:38:10Z" end-time="2026-06-13 14:38:14Z" duration="3.685163" total="12" passed="12" failed="0" inconclusive="0" skipped="0" asserts="0">
              <properties />
              <test-case id="3719" name="AuthFlow_LoginThenListThenGetPlayer_AllReturnSuccess" fullname="VLTK.Tests.Backend.AuthMockGameBackendTests.AuthFlow_LoginThenListThenGetPlayer_AllReturnSuccess" methodname="AuthFlow_LoginThenListThenGetPlayer_AllReturnSuccess" classname="VLTK.Tests.Backend.AuthMockGameBackendTests" runstate="Runnable" seed="759827791" result="Passed" start-time="2026-06-13 14:38:11Z" end-time="2026-06-13 14:38:11Z" duration="0.299287" asserts="0">
                <properties>
                  <property name="retryIteration" value="0" />
                  <property name="repeatIteration" value="0" />
                </properties>
                <output><![CDATA[VLTK.Backend.BackendConfig must be instantiated using the ScriptableObject.CreateInstance method instead of new BackendConfig.
]]></output>
              </test-case>
              <test-case id="3716" name="GetPlayerStateAsync_DifferentRoleIds_AllReturnValidResponse" fullname="VLTK.Tests.Backend.AuthMockGameBackendTests.GetPlayerStateAsync_DifferentRoleIds_AllReturnValidResponse" methodname="GetPlayerStateAsync_DifferentRoleIds_AllReturnValidResponse" classname="VLTK.Tests.Backend.AuthMockGameBackendTests" runstate="Runnable" seed="1620290203" result="Passed" start-time="2026-06-13 14:38:11Z" end-time="2026-06-13 14:38:11Z" duration="0.310575" asserts="0">
                <properties>
                  <property name="retryIteration" value="0" />
                  <property name="repeatIteration" value="0" />
                </properties>
                <output><![CDATA[VLTK.Backend.BackendConfig must be instantiated using the ScriptableObject.CreateInstance method instead of new BackendConfig.
]]></output>
              </test-case>
              <test-case id="3718" name="GetPlayerStateAsync_NegativeRoleId_ValidationError" fullname="VLTK.Tests.Backend.AuthMockGameBackendTests.GetPlayerStateAsync_NegativeRoleId_ValidationError" methodname="GetPlayerStateAsync_NegativeRoleId_ValidationError" classname="VLTK.Tests.Backend.AuthMockGameBackendTests" runstate="Runnable" seed="742514858" result="Passed" start-time="2026-06-13 14:38:11Z" end-time="2026-06-13 14:38:11Z" duration="0.287438" asserts="0">
                <properties>
                  <property name="retryIteration" value="0" />
                  <property name="repeatIteration" value="0" />
                </properties>
                <output><![CDATA[VLTK.Backend.BackendConfig must be instantiated using the ScriptableObject.CreateInstance method instead of new BackendConfig.
]]></output>
              </test-case>
              <test-case id="3715" name="GetPlayerStateAsync_ReturnsKimDefaultStats" fullname="VLTK.Tests.Backend.AuthMockGameBackendTests.GetPlayerStateAsync_ReturnsKimDefaultStats" methodname="GetPlayerStateAsync_ReturnsKimDefaultStats" classname="VLTK.Tests.Backend.AuthMockGameBackendTests" runstate="Runnable" seed="1510502001" result="Passed" start-time="2026-06-13 14:38:11Z" end-time="2026-06-13 14:38:12Z" duration="0.298529" asserts="0">
                <properties>
                  <property name="retryIteration" value="0" />
                  <property name="repeatIteration" value="0" />
                </properties>
                <output><![CDATA[VLTK.Backend.BackendConfig must be instantiated using the ScriptableObject.CreateInstance method instead of new BackendConfig.
]]></output>
              </test-case>
              <test-case id="3717" name="GetPlayerStateAsync_ZeroRoleId_ValidationError" fullname="VLTK.Tests.Backend.AuthMockGameBackendTests.GetPlayerStateAsync_ZeroRoleId_ValidationError" methodname="GetPlayerStateAsync_ZeroRoleId_ValidationError" classname="VLTK.Tests.Backend.AuthMockGameBackendTests" runstate="Runnable" seed="1646664786" result="Passed" start-time="2026-06-13 14:38:12Z" end-time="2026-06-13 14:38:12Z" duration="0.298441" asserts="0">
                <properties>
                  <property name="retryIteration" value="0" />
                  <property name="repeatIteration" value="0" />
                </properties>
                <output><![CDATA[VLTK.Backend.BackendConfig must be instantiated using the ScriptableObject.CreateInstance method instead of new BackendConfig.
]]></output>
              </test-case>
              <test-case id="3713" name="ListRolesAsync_AccNameEchoesInResponse" fullname="VLTK.Tests.Backend.AuthMockGameBackendTests.ListRolesAsync_AccNameEchoesInResponse" methodname="ListRolesAsync_AccNameEchoesInResponse" classname="VLTK.Tests.Backend.AuthMockGameBackendTests" runstate="Runnable" seed="1557964925" result="Passed" start-time="2026-06-13 14:38:12Z" end-time="2026-06-13 14:38:12Z" duration="0.299048" asserts="0">
                <properties>
                  <property name="retryIteration" value="0" />
                  <property name="repeatIteration" value="0" />
                </properties>
                <output><![CDATA[VLTK.Backend.BackendConfig must be instantiated using the ScriptableObject.CreateInstance method instead of new BackendConfig.
]]></output>
              </test-case>
              <test-case id="3714" name="ListRolesAsync_EmptyAccName_ValidationError" fullname="VLTK.Tests.Backend.AuthMockGameBackendTests.ListRolesAsync_EmptyAccName_ValidationError" methodname="ListRolesAsync_EmptyAccName_ValidationError" classname="VLTK.Tests.Backend.AuthMockGameBackendTests" runstate="Runnable" seed="1758594748" result="Passed" start-time="2026-06-13 14:38:12Z" end-time="2026-06-13 14:38:13Z" duration="0.299267" asserts="0">
                <properties>
                  <property name="retryIteration" value="0" />
                  <property name="repeatIteration" value="0" />
                </properties>
                <output><![CDATA[VLTK.Backend.BackendConfig must be instantiated using the ScriptableObject.CreateInstance method instead of new BackendConfig.
]]></output>
              </test-case>
              <test-case id="3712" name="ListRolesAsync_ReturnsSeededRole" fullname="VLTK.Tests.Backend.AuthMockGameBackendTests.ListRolesAsync_ReturnsSeededRole" methodname="ListRolesAsync_ReturnsSeededRole" classname="VLTK.Tests.Backend.AuthMockGameBackendTests" runstate="Runnable" seed="558492160" result="Passed" start-time="2026-06-13 14:38:13Z" end-time="2026-06-13 14:38:13Z" duration="0.299081" asserts="0">
                <properties>
                  <property name="retryIteration" value="0" />
                  <property name="repeatIteration" value="0" />
                </properties>
                <output><![CDATA[VLTK.Backend.BackendConfig must be instantiated using the ScriptableObject.CreateInstance method instead of new BackendConfig.
]]></output>
              </test-case>
              <test-case id="3709" name="LoginAsync_DoesNotHashPassword" fullname="VLTK.Tests.Backend.AuthMockGameBackendTests.LoginAsync_DoesNotHashPassword" methodname="LoginAsync_DoesNotHashPassword" classname="VLTK.Tests.Backend.AuthMockGameBackendTests" runstate="Runnable" seed="816701384" result="Passed" start-time="2026-06-13 14:38:13Z" end-time="2026-06-13 14:38:13Z" duration="0.299519" asserts="0">
                <properties>
                  <property name="retryIteration" value="0" />
                  <property name="repeatIteration" value="0" />
                </properties>
                <output><![CDATA[VLTK.Backend.BackendConfig must be instantiated using the ScriptableObject.CreateInstance method instead of new BackendConfig.
]]></output>
              </test-case>
              <test-case id="3710" name="LoginAsync_EmptyAccName_ValidationError" fullname="VLTK.Tests.Backend.AuthMockGameBackendTests.LoginAsync_EmptyAccName_ValidationError" methodname="LoginAsync_EmptyAccName_ValidationError" classname="VLTK.Tests.Backend.AuthMockGameBackendTests" runstate="Runnable" seed="756414595" result="Passed" start-time="2026-06-13 14:38:13Z" end-time="2026-06-13 14:38:14Z" duration="0.298630" asserts="0">
                <properties>
                  <property name="retryIteration" value="0" />
                  <property name="repeatIteration" value="0" />
                </properties>
                <output><![CDATA[VLTK.Backend.BackendConfig must be instantiated using the ScriptableObject.CreateInstance method instead of new BackendConfig.
]]></output>
              </test-case>
              <test-case id="3711" name="LoginAsync_EmptyPassword_ValidationError" fullname="VLTK.Tests.Backend.AuthMockGameBackendTests.LoginAsync_EmptyPassword_ValidationError" methodname="LoginAsync_EmptyPassword_ValidationError" classname="VLTK.Tests.Backend.AuthMockGameBackendTests" runstate="Runnable" seed="7775728" result="Passed" start-time="2026-06-13 14:38:14Z" end-time="2026-06-13 14:38:14Z" duration="0.299771" asserts="0">
                <properties>
                  <property name="retryIteration" value="0" />
                  <property name="repeatIteration" value="0" />
                </properties>
                <output><![CDATA[VLTK.Backend.BackendConfig must be instantiated using the ScriptableObject.CreateInstance method instead of new BackendConfig.
]]></output>
              </test-case>
              <test-case id="3708" name="LoginAsync_ReturnsEchoedAccName" fullname="VLTK.Tests.Backend.AuthMockGameBackendTests.LoginAsync_ReturnsEchoedAccName" methodname="LoginAsync_ReturnsEchoedAccName" classname="VLTK.Tests.Backend.AuthMockGameBackendTests" runstate="Runnable" seed="1346418712" result="Passed" start-time="2026-06-13 14:38:14Z" end-time="2026-06-13 14:38:14Z" duration="0.299616" asserts="0">
                <properties>
                  <property name="retryIteration" value="0" />
                  <property name="repeatIteration" value="0" />
                </properties>
                <output><![CDATA[VLTK.Backend.BackendConfig must be instantiated using the ScriptableObject.CreateInstance method instead of new BackendConfig.
]]></output>
              </test-case>
            </test-suite>
            <test-suite type="TestFixture" id="3720" name="AuthRestGameBackendTests" fullname="VLTK.Tests.Backend.AuthRestGameBackendTests" classname="VLTK.Tests.Backend.AuthRestGameBackendTests" runstate="Runnable" testcasecount="26" result="Passed" start-time="2026-06-13 14:38:14Z" end-time="2026-06-13 14:38:22Z" duration="8.079291" total="26" passed="26" failed="0" inconclusive="0" skipped="0" asserts="0">
              <properties />
              <test-case id="3741" name="GetPlayerStateAsync_404_NoPlayerYet" fullname="VLTK.Tests.Backend.AuthRestGameBackendTests.GetPlayerStateAsync_404_NoPlayerYet" methodname="GetPlayerStateAsync_404_NoPlayerYet" classname="VLTK.Tests.Backend.AuthRestGameBackendTests" runstate="Runnable" seed="192059905" result="Passed" start-time="2026-06-13 14:38:14Z" end-time="2026-06-13 14:38:15Z" duration="0.299125" asserts="0">
                <properties>
                  <property name="retryIteration" value="0" />
                  <property name="repeatIteration" value="0" />
                </properties>
                <output><![CDATA[VLTK.Backend.BackendConfig must be instantiated using the ScriptableObject.CreateInstance method instead of new BackendConfig.
]]></output>
              </test-case>
              <test-case id="3742" name="GetPlayerStateAsync_500_ServerError" fullname="VLTK.Tests.Backend.AuthRestGameBackendTests.GetPlayerStateAsync_500_ServerError" methodname="GetPlayerStateAsync_500_ServerError" classname="VLTK.Tests.Backend.AuthRestGameBackendTests" runstate="Runnable" seed="2134377150" result="Passed" start-time="2026-06-13 14:38:15Z" end-time="2026-06-13 14:38:15Z" duration="0.298714" asserts="0">
                <properties>
                  <property name="retryIteration" value="0" />
                  <property name="repeatIteration" value="0" />
                </properties>
                <output><![CDATA[VLTK.Backend.BackendConfig must be instantiated using the ScriptableObject.CreateInstance method instead of new BackendConfig.
]]></output>
              </test-case>
              <test-case id="3740" name="GetPlayerStateAsync_HappyPath" fullname="VLTK.Tests.Backend.AuthRestGameBackendTests.GetPlayerStateAsync_HappyPath" methodname="GetPlayerStateAsync_HappyPath" classname="VLTK.Tests.Backend.AuthRestGameBackendTests" runstate="Runnable" seed="1162013432" result="Passed" start-time="2026-06-13 14:38:15Z" end-time="2026-06-13 14:38:15Z" duration="0.299687" asserts="0">
                <properties>
                  <property name="retryIteration" value="0" />
                  <property name="repeatIteration" value="0" />
                </properties>
                <output><![CDATA[VLTK.Backend.BackendConfig must be instantiated using the ScriptableObject.CreateInstance method instead of new BackendConfig.
]]></output>
              </test-case>
              <test-case id="3743" name="GetPlayerStateAsync_MalformedJson_ReturnsParseError" fullname="VLTK.Tests.Backend.AuthRestGameBackendTests.GetPlayerStateAsync_MalformedJson_ReturnsParseError" methodname="GetPlayerStateAsync_MalformedJson_ReturnsParseError" classname="VLTK.Tests.Backend.AuthRestGameBackendTests" runstate="Runnable" seed="7274061" result="Passed" start-time="2026-06-13 14:38:15Z" end-time="2026-06-13 14:38:15Z" duration="0.298424" asserts="0">
                <properties>
                  <property name="retryIteration" value="0" />
                  <property name="repeatIteration" value="0" />
                </properties>
                <output><![CDATA[VLTK.Backend.BackendConfig must be instantiated using the ScriptableObject.CreateInstance method instead of new BackendConfig.
]]></output>
              </test-case>
              <test-case id="3745" name="GetPlayerStateAsync_NegativeRoleId_ValidationError" fullname="VLTK.Tests.Backend.AuthRestGameBackendTests.GetPlayerStateAsync_NegativeRoleId_ValidationError" methodname="GetPlayerStateAsync_NegativeRoleId_ValidationError" classname="VLTK.Tests.Backend.AuthRestGameBackendTests" runstate="Runnable" seed="115973775" result="Passed" start-time="2026-06-13 14:38:15Z" end-time="2026-06-13 14:38:16Z" duration="0.299397" asserts="0">
                <properties>
                  <property name="retryIteration" value="0" />
                  <property name="repeatIteration" value="0" />
                </properties>
                <output><![CDATA[VLTK.Backend.BackendConfig must be instantiated using the ScriptableObject.CreateInstance method instead of new BackendConfig.
]]></output>
              </test-case>
              <test-case id="3744" name="GetPlayerStateAsync_NonPositiveRoleId_ValidationError" fullname="VLTK.Tests.Backend.AuthRestGameBackendTests.GetPlayerStateAsync_NonPositiveRoleId_ValidationError" methodname="GetPlayerStateAsync_NonPositiveRoleId_ValidationError" classname="VLTK.Tests.Backend.AuthRestGameBackendTests" runstate="Runnable" seed="298217769" result="Passed" start-time="2026-06-13 14:38:16Z" end-time="2026-06-13 14:38:16Z" duration="0.298864" asserts="0">
                <properties>
                  <property name="retryIteration" value="0" />
                  <property name="repeatIteration" value="0" />
                </properties>
                <output><![CDATA[VLTK.Backend.BackendConfig must be instantiated using the ScriptableObject.CreateInstance method instead of new BackendConfig.
]]></output>
              </test-case>
              <test-case id="3736" name="ListRolesAsync_404_AccountNotFound" fullname="VLTK.Tests.Backend.AuthRestGameBackendTests.ListRolesAsync_404_AccountNotFound" methodname="ListRolesAsync_404_AccountNotFound" classname="VLTK.Tests.Backend.AuthRestGameBackendTests" runstate="Runnable" seed="2076068194" result="Passed" start-time="2026-06-13 14:38:16Z" end-time="2026-06-13 14:38:16Z" duration="0.298794" asserts="0">
                <properties>
                  <property name="retryIteration" value="0" />
                  <property name="repeatIteration" value="0" />
                </properties>
                <output><![CDATA[VLTK.Backend.BackendConfig must be instantiated using the ScriptableObject.CreateInstance method instead of new BackendConfig.
]]></output>
              </test-case>
              <test-case id="3737" name="ListRolesAsync_500_ServerError" fullname="VLTK.Tests.Backend.AuthRestGameBackendTests.ListRolesAsync_500_ServerError" methodname="ListRolesAsync_500_ServerError" classname="VLTK.Tests.Backend.AuthRestGameBackendTests" runstate="Runnable" seed="517060490" result="Passed" start-time="2026-06-13 14:38:16Z" end-time="2026-06-13 14:38:17Z" duration="0.298384" asserts="0">
                <properties>
                  <property name="retryIteration" value="0" />
                  <property name="repeatIteration" value="0" />
                </properties>
                <output><![CDATA[VLTK.Backend.BackendConfig must be instantiated using the ScriptableObject.CreateInstance method instead of new BackendConfig.
]]></output>
              </test-case>
              <test-case id="3739" name="ListRolesAsync_EmptyAccName_ValidationErrorBeforeSend" fullname="VLTK.Tests.Backend.AuthRestGameBackendTests.ListRolesAsync_EmptyAccName_ValidationErrorBeforeSend" methodname="ListRolesAsync_EmptyAccName_ValidationErrorBeforeSend" classname="VLTK.Tests.Backend.AuthRestGameBackendTests" runstate="Runnable" seed="292285634" result="Passed" start-time="2026-06-13 14:38:17Z" end-time="2026-06-13 14:38:17Z" duration="0.298693" asserts="0">
                <properties>
                  <property name="retryIteration" value="0" />
                  <property name="repeatIteration" value="0" />
                </properties>
                <output><![CDATA[VLTK.Backend.BackendConfig must be instantiated using the ScriptableObject.CreateInstance method instead of new BackendConfig.
]]></output>
              </test-case>
              <test-case id="3733" name="ListRolesAsync_HappyPath_EmptyRoles" fullname="VLTK.Tests.Backend.AuthRestGameBackendTests.ListRolesAsync_HappyPath_EmptyRoles" methodname="ListRolesAsync_HappyPath_EmptyRoles" classname="VLTK.Tests.Backend.AuthRestGameBackendTests" runstate="Runnable" seed="1717462459" result="Passed" start-time="2026-06-13 14:38:17Z" end-time="2026-06-13 14:38:17Z" duration="0.298106" asserts="0">
                <properties>
                  <property name="retryIteration" value="0" />
                  <property name="repeatIteration" value="0" />
                </properties>
                <output><![CDATA[VLTK.Backend.BackendConfig must be instantiated using the ScriptableObject.CreateInstance method instead of new BackendConfig.
]]></output>
              </test-case>
              <test-case id="3734" name="ListRolesAsync_HappyPath_OneRoleWithFactionName" fullname="VLTK.Tests.Backend.AuthRestGameBackendTests.ListRolesAsync_HappyPath_OneRoleWithFactionName" methodname="ListRolesAsync_HappyPath_OneRoleWithFactionName" classname="VLTK.Tests.Backend.AuthRestGameBackendTests" runstate="Runnable" seed="1131407397" result="Passed" start-time="2026-06-13 14:38:17Z" end-time="2026-06-13 14:38:18Z" duration="0.299236" asserts="0">
                <properties>
                  <property name="retryIteration" value="0" />
                  <property name="repeatIteration" value="0" />
                </properties>
                <output><![CDATA[VLTK.Backend.BackendConfig must be instantiated using the ScriptableObject.CreateInstance method instead of new BackendConfig.
]]></output>
              </test-case>
              <test-case id="3738" name="ListRolesAsync_MalformedJson_ReturnsParseError" fullname="VLTK.Tests.Backend.AuthRestGameBackendTests.ListRolesAsync_MalformedJson_ReturnsParseError" methodname="ListRolesAsync_MalformedJson_ReturnsParseError" classname="VLTK.Tests.Backend.AuthRestGameBackendTests" runstate="Runnable" seed="825795720" result="Passed" start-time="2026-06-13 14:38:18Z" end-time="2026-06-13 14:38:18Z" duration="0.298927" asserts="0">
                <properties>
                  <property name="retryIteration" value="0" />
                  <property name="repeatIteration" value="0" />
                </properties>
                <output><![CDATA[VLTK.Backend.BackendConfig must be instantiated using the ScriptableObject.CreateInstance method instead of new BackendConfig.
]]></output>
              </test-case>
              <test-case id="3735" name="ListRolesAsync_UrlEncodesAccNameWithUnicode" fullname="VLTK.Tests.Backend.AuthRestGameBackendTests.ListRolesAsync_UrlEncodesAccNameWithUnicode" methodname="ListRolesAsync_UrlEncodesAccNameWithUnicode" classname="VLTK.Tests.Backend.AuthRestGameBackendTests" runstate="Runnable" seed="727014091" result="Passed" start-time="2026-06-13 14:38:18Z" end-time="2026-06-13 14:38:18Z" duration="0.450073" asserts="0">
                <properties>
                  <property name="retryIteration" value="0" />
                  <property name="repeatIteration" value="0" />
                </properties>
                <output><![CDATA[VLTK.Backend.BackendConfig must be instantiated using the ScriptableObject.CreateInstance method instead of new BackendConfig.
]]></output>
              </test-case>
              <test-case id="3724" name="LoginAsync_401_ReturnsFailureWithCode" fullname="VLTK.Tests.Backend.AuthRestGameBackendTests.LoginAsync_401_ReturnsFailureWithCode" methodname="LoginAsync_401_ReturnsFailureWithCode" classname="VLTK.Tests.Backend.AuthRestGameBackendTests" runstate="Runnable" seed="1020772948" result="Passed" start-time="2026-06-13 14:38:18Z" end-time="2026-06-13 14:38:19Z" duration="0.319591" asserts="0">
                <properties>
                  <property name="retryIteration" value="0" />
                  <property name="repeatIteration" value="0" />
                </properties>
                <output><![CDATA[VLTK.Backend.BackendConfig must be instantiated using the ScriptableObject.CreateInstance method instead of new BackendConfig.
]]></output>
              </test-case>
              <test-case id="3725" name="LoginAsync_422_ValidationError" fullname="VLTK.Tests.Backend.AuthRestGameBackendTests.LoginAsync_422_ValidationError" methodname="LoginAsync_422_ValidationError" classname="VLTK.Tests.Backend.AuthRestGameBackendTests" runstate="Runnable" seed="848324597" result="Passed" start-time="2026-06-13 14:38:19Z" end-time="2026-06-13 14:38:19Z" duration="0.298836" asserts="0">
                <properties>
                  <property name="retryIteration" value="0" />
                  <property name="repeatIteration" value="0" />
                </properties>
                <output><![CDATA[VLTK.Backend.BackendConfig must be instantiated using the ScriptableObject.CreateInstance method instead of new BackendConfig.
]]></output>
              </test-case>
              <test-case id="3727" name="LoginAsync_429_RateLimit" fullname="VLTK.Tests.Backend.AuthRestGameBackendTests.LoginAsync_429_RateLimit" methodname="LoginAsync_429_RateLimit" classname="VLTK.Tests.Backend.AuthRestGameBackendTests" runstate="Runnable" seed="1683876534" result="Passed" start-time="2026-06-13 14:38:19Z" end-time="2026-06-13 14:38:19Z" duration="0.298408" asserts="0">
                <properties>
                  <property name="retryIteration" value="0" />
                  <property name="repeatIteration" value="0" />
                </properties>
                <output><![CDATA[VLTK.Backend.BackendConfig must be instantiated using the ScriptableObject.CreateInstance method instead of new BackendConfig.
]]></output>
              </test-case>
              <test-case id="3726" name="LoginAsync_500_ServerError" fullname="VLTK.Tests.Backend.AuthRestGameBackendTests.LoginAsync_500_ServerError" methodname="LoginAsync_500_ServerError" classname="VLTK.Tests.Backend.AuthRestGameBackendTests" runstate="Runnable" seed="1881809433" result="Passed" start-time="2026-06-13 14:38:19Z" end-time="2026-06-13 14:38:19Z" duration="0.311215" asserts="0">
                <properties>
                  <property name="retryIteration" value="0" />
                  <property name="repeatIteration" value="0" />
                </properties>
                <output><![CDATA[VLTK.Backend.BackendConfig must be instantiated using the ScriptableObject.CreateInstance method instead of new BackendConfig.
]]></output>
              </test-case>
              <test-case id="3746" name="LoginAsync_CancelledToken_DoesNotThrow" fullname="VLTK.Tests.Backend.AuthRestGameBackendTests.LoginAsync_CancelledToken_DoesNotThrow" methodname="LoginAsync_CancelledToken_DoesNotThrow" classname="VLTK.Tests.Backend.AuthRestGameBackendTests" runstate="Runnable" seed="1584100741" result="Passed" start-time="2026-06-13 14:38:19Z" end-time="2026-06-13 14:38:20Z" duration="0.301573" asserts="0">
                <properties>
                  <property name="retryIteration" value="0" />
                  <property name="repeatIteration" value="0" />
                </properties>
                <output><![CDATA[VLTK.Backend.BackendConfig must be instantiated using the ScriptableObject.CreateInstance method instead of new BackendConfig.
]]></output>
              </test-case>
              <test-case id="3731" name="LoginAsync_EmptyAccName_ValidationErrorBeforeSend" fullname="VLTK.Tests.Backend.AuthRestGameBackendTests.LoginAsync_EmptyAccName_ValidationErrorBeforeSend" methodname="LoginAsync_EmptyAccName_ValidationErrorBeforeSend" classname="VLTK.Tests.Backend.AuthRestGameBackendTests" runstate="Runnable" seed="1599653328" result="Passed" start-time="2026-06-13 14:38:20Z" end-time="2026-06-13 14:38:20Z" duration="0.298450" asserts="0">
                <properties>
                  <property name="retryIteration" value="0" />
                  <property name="repeatIteration" value="0" />
                </properties>
                <output><![CDATA[VLTK.Backend.BackendConfig must be instantiated using the ScriptableObject.CreateInstance method instead of new BackendConfig.
]]></output>
              </test-case>
              <test-case id="3729" name="LoginAsync_EmptyBody_ReturnsEmptyBody" fullname="VLTK.Tests.Backend.AuthRestGameBackendTests.LoginAsync_EmptyBody_ReturnsEmptyBody" methodname="LoginAsync_EmptyBody_ReturnsEmptyBody" classname="VLTK.Tests.Backend.AuthRestGameBackendTests" runstate="Runnable" seed="797665863" result="Passed" start-time="2026-06-13 14:38:20Z" end-time="2026-06-13 14:38:20Z" duration="0.299526" asserts="0">
                <properties>
                  <property name="retryIteration" value="0" />
                  <property name="repeatIteration" value="0" />
                </properties>
                <output><![CDATA[VLTK.Backend.BackendConfig must be instantiated using the ScriptableObject.CreateInstance method instead of new BackendConfig.
]]></output>
              </test-case>
              <test-case id="3732" name="LoginAsync_EmptyPassword_ValidationErrorBeforeSend" fullname="VLTK.Tests.Backend.AuthRestGameBackendTests.LoginAsync_EmptyPassword_ValidationErrorBeforeSend" methodname="LoginAsync_EmptyPassword_ValidationErrorBeforeSend" classname="VLTK.Tests.Backend.AuthRestGameBackendTests" runstate="Runnable" seed="1770558748" result="Passed" start-time="2026-06-13 14:38:20Z" end-time="2026-06-13 14:38:21Z" duration="0.299044" asserts="0">
                <properties>
                  <property name="retryIteration" value="0" />
                  <property name="repeatIteration" value="0" />
                </properties>
                <output><![CDATA[VLTK.Backend.BackendConfig must be instantiated using the ScriptableObject.CreateInstance method instead of new BackendConfig.
]]></output>
              </test-case>
              <test-case id="3721" name="LoginAsync_HappyPath_SendsPostWithPlaintextPassword" fullname="VLTK.Tests.Backend.AuthRestGameBackendTests.LoginAsync_HappyPath_SendsPostWithPlaintextPassword" methodname="LoginAsync_HappyPath_SendsPostWithPlaintextPassword" classname="VLTK.Tests.Backend.AuthRestGameBackendTests" runstate="Runnable" seed="1306343590" result="Passed" start-time="2026-06-13 14:38:21Z" end-time="2026-06-13 14:38:21Z" duration="0.303223" asserts="0">
                <properties>
                  <property name="retryIteration" value="0" />
                  <property name="repeatIteration" value="0" />
                </properties>
                <output><![CDATA[VLTK.Backend.BackendConfig must be instantiated using the ScriptableObject.CreateInstance method instead of new BackendConfig.
]]></output>
              </test-case>
              <test-case id="3728" name="LoginAsync_MalformedJson_ReturnsParseError" fullname="VLTK.Tests.Backend.AuthRestGameBackendTests.LoginAsync_MalformedJson_ReturnsParseError" methodname="LoginAsync_MalformedJson_ReturnsParseError" classname="VLTK.Tests.Backend.AuthRestGameBackendTests" runstate="Runnable" seed="1341429465" result="Passed" start-time="2026-06-13 14:38:21Z" end-time="2026-06-13 14:38:21Z" duration="0.299500" asserts="0">
                <properties>
                  <property name="retryIteration" value="0" />
                  <property name="repeatIteration" value="0" />
                </properties>
                <output><![CDATA[VLTK.Backend.BackendConfig must be instantiated using the ScriptableObject.CreateInstance method instead of new BackendConfig.
]]></output>
              </test-case>
              <test-case id="3722" name="LoginAsync_OmitsOtpAndClientIpWhenNull" fullname="VLTK.Tests.Backend.AuthRestGameBackendTests.LoginAsync_OmitsOtpAndClientIpWhenNull" methodname="LoginAsync_OmitsOtpAndClientIpWhenNull" classname="VLTK.Tests.Backend.AuthRestGameBackendTests" runstate="Runnable" seed="1684699315" result="Passed" start-time="2026-06-13 14:38:21Z" end-time="2026-06-13 14:38:22Z" duration="0.298955" asserts="0">
                <properties>
                  <property name="retryIteration" value="0" />
                  <property name="repeatIteration" value="0" />
                </properties>
                <output><![CDATA[VLTK.Backend.BackendConfig must be instantiated using the ScriptableObject.CreateInstance method instead of new BackendConfig.
]]></output>
              </test-case>
              <test-case id="3723" name="LoginAsync_SendsOtpWhenProvided" fullname="VLTK.Tests.Backend.AuthRestGameBackendTests.LoginAsync_SendsOtpWhenProvided" methodname="LoginAsync_SendsOtpWhenProvided" classname="VLTK.Tests.Backend.AuthRestGameBackendTests" runstate="Runnable" seed="716187229" result="Passed" start-time="2026-06-13 14:38:22Z" end-time="2026-06-13 14:38:22Z" duration="0.298282" asserts="0">
                <properties>
                  <property name="retryIteration" value="0" />
                  <property name="repeatIteration" value="0" />
                </properties>
                <output><![CDATA[VLTK.Backend.BackendConfig must be instantiated using the ScriptableObject.CreateInstance method instead of new BackendConfig.
]]></output>
              </test-case>
              <test-case id="3730" name="LoginAsync_TransportError_ReturnsTransportError" fullname="VLTK.Tests.Backend.AuthRestGameBackendTests.LoginAsync_TransportError_ReturnsTransportError" methodname="LoginAsync_TransportError_ReturnsTransportError" classname="VLTK.Tests.Backend.AuthRestGameBackendTests" runstate="Runnable" seed="1972356171" result="Passed" start-time="2026-06-13 14:38:22Z" end-time="2026-06-13 14:38:22Z" duration="0.307665" asserts="0">
                <properties>
                  <property name="retryIteration" value="0" />
                  <property name="repeatIteration" value="0" />
                </properties>
                <output><![CDATA[VLTK.Backend.BackendConfig must be instantiated using the ScriptableObject.CreateInstance method instead of new BackendConfig.
]]></output>
              </test-case>
            </test-suite>
            <test-suite type="TestFixture" id="3747" name="BackendClientRunnerTests" fullname="VLTK.Tests.Backend.BackendClientRunnerTests" classname="VLTK.Tests.Backend.BackendClientRunnerTests" runstate="Runnable" testcasecount="4" result="Passed" start-time="2026-06-13 14:38:22Z" end-time="2026-06-13 14:38:23Z" duration="0.396829" total="4" passed="4" failed="0" inconclusive="0" skipped="0" asserts="0">
              <properties />
              <test-case id="3750" name="DefaultAccName_NotEmpty" fullname="VLTK.Tests.Backend.BackendClientRunnerTests.DefaultAccName_NotEmpty" methodname="DefaultAccName_NotEmpty" classname="VLTK.Tests.Backend.BackendClientRunnerTests" runstate="Runnable" seed="185969507" result="Passed" start-time="2026-06-13 14:38:22Z" end-time="2026-06-13 14:38:22Z" duration="0.006004" asserts="0">
                <properties>
                  <property name="retryIteration" value="0" />
                  <property name="repeatIteration" value="0" />
                </properties>
              </test-case>
              <test-case id="3751" name="DefaultEnterMapId_IsPhuongTuong" fullname="VLTK.Tests.Backend.BackendClientRunnerTests.DefaultEnterMapId_IsPhuongTuong" methodname="DefaultEnterMapId_IsPhuongTuong" classname="VLTK.Tests.Backend.BackendClientRunnerTests" runstate="Runnable" seed="1846302756" result="Passed" start-time="2026-06-13 14:38:22Z" end-time="2026-06-13 14:38:22Z" duration="0.000760" asserts="0">
                <properties>
                  <property name="retryIteration" value="0" />
                  <property name="repeatIteration" value="0" />
                </properties>
              </test-case>
              <test-case id="3749" name="RunAsync_CalledTwice_OnlyExecutesOnce" fullname="VLTK.Tests.Backend.BackendClientRunnerTests.RunAsync_CalledTwice_OnlyExecutesOnce" methodname="RunAsync_CalledTwice_OnlyExecutesOnce" classname="VLTK.Tests.Backend.BackendClientRunnerTests" runstate="Runnable" seed="2092100688" result="Passed" start-time="2026-06-13 14:38:22Z" end-time="2026-06-13 14:38:22Z" duration="0.014764" asserts="0">
                <properties>
                  <property name="retryIteration" value="0" />
                  <property name="repeatIteration" value="0" />
                </properties>
                <output><![CDATA[[BackendClientRunner] config: baseUrl=http://127.0.0.1:8020 apiPrefix=/v1 useMock=True timeout=10s
[BackendClientRunner] login OK: accName=test_idempotent serviceFlag=0 extPoint=0
[BackendClientRunner] list roles OK: account=test_idempotent count=1 firstRoleId=1 name=Vo_Si_Mock faction=Thiếu Lâm
[BackendClientRunner] enter map OK: roleId=1 mapId=1 pos=(1500,1500)
]]></output>
              </test-case>
              <test-case id="3748" name="RunAsync_MockMode_CompletesLoginListRolesEnterMap" fullname="VLTK.Tests.Backend.BackendClientRunnerTests.RunAsync_MockMode_CompletesLoginListRolesEnterMap" methodname="RunAsync_MockMode_CompletesLoginListRolesEnterMap" classname="VLTK.Tests.Backend.BackendClientRunnerTests" runstate="Runnable" seed="1332398500" result="Passed" start-time="2026-06-13 14:38:22Z" end-time="2026-06-13 14:38:23Z" duration="0.276112" asserts="0">
                <properties>
                  <property name="retryIteration" value="0" />
                  <property name="repeatIteration" value="0" />
                </properties>
                <output><![CDATA[[BackendClientRunner] config: baseUrl=http://127.0.0.1:8020 apiPrefix=/v1 useMock=True timeout=10s
[BackendClientRunner] login OK: accName=test_runner_acc serviceFlag=0 extPoint=0
[BackendClientRunner] list roles OK: account=test_runner_acc count=1 firstRoleId=1 name=Vo_Si_Mock faction=Thiếu Lâm
[BackendClientRunner] enter map OK: roleId=1 mapId=1 pos=(100,200)
]]></output>
              </test-case>
            </test-suite>
            <test-suite type="TestFixture" id="3752" name="BackendClientTests" fullname="VLTK.Tests.Backend.BackendClientTests" classname="VLTK.Tests.Backend.BackendClientTests" runstate="Runnable" testcasecount="3" result="Passed" start-time="2026-06-13 14:38:23Z" end-time="2026-06-13 14:38:23Z" duration="0.103113" total="3" passed="3" failed="0" inconclusive="0" skipped="0" asserts="0">
              <properties />
              <test-case id="3755" name="InjectTransport_UsesProvidedTransport" fullname="VLTK.Tests.Backend.BackendClientTests.InjectTransport_UsesProvidedTransport" methodname="InjectTransport_UsesProvidedTransport" classname="VLTK.Tests.Backend.BackendClientTests" runstate="Runnable" seed="1132686239" result="Passed" start-time="2026-06-13 14:38:23Z" end-time="2026-06-13 14:38:23Z" duration="0.001421" asserts="0">
                <properties>
                  <property name="retryIteration" value="0" />
                  <property name="repeatIteration" value="0" />
                </properties>
                <output><![CDATA[VLTK.Backend.BackendConfig must be instantiated using the ScriptableObject.CreateInstance method instead of new BackendConfig.
]]></output>
              </test-case>
              <test-case id="3754" name="UseMockFalse_PicksRestGameBackend" fullname="VLTK.Tests.Backend.BackendClientTests.UseMockFalse_PicksRestGameBackend" methodname="UseMockFalse_PicksRestGameBackend" classname="VLTK.Tests.Backend.BackendClientTests" runstate="Runnable" seed="152232487" result="Passed" start-time="2026-06-13 14:38:23Z" end-time="2026-06-13 14:38:23Z" duration="0.000825" asserts="0">
                <properties>
                  <property name="retryIteration" value="0" />
                  <property name="repeatIteration" value="0" />
                </properties>
                <output><![CDATA[VLTK.Backend.BackendConfig must be instantiated using the ScriptableObject.CreateInstance method instead of new BackendConfig.
]]></output>
              </test-case>
              <test-case id="3753" name="UseMockTrue_PicksMockGameBackend" fullname="VLTK.Tests.Backend.BackendClientTests.UseMockTrue_PicksMockGameBackend" methodname="UseMockTrue_PicksMockGameBackend" classname="VLTK.Tests.Backend.BackendClientTests" runstate="Runnable" seed="314435513" result="Passed" start-time="2026-06-13 14:38:23Z" end-time="2026-06-13 14:38:23Z" duration="0.000683" asserts="0">
                <properties>
                  <property name="retryIteration" value="0" />
                  <property name="repeatIteration" value="0" />
                </properties>
                <output><![CDATA[VLTK.Backend.BackendConfig must be instantiated using the ScriptableObject.CreateInstance method instead of new BackendConfig.
]]></output>
              </test-case>
            </test-suite>
            <test-suite type="TestFixture" id="3756" name="BackendConfigTests" fullname="VLTK.Tests.Backend.BackendConfigTests" classname="VLTK.Tests.Backend.BackendConfigTests" runstate="Runnable" testcasecount="6" result="Passed" start-time="2026-06-13 14:38:23Z" end-time="2026-06-13 14:38:23Z" duration="0.106549" total="6" passed="6" failed="0" inconclusive="0" skipped="0" asserts="0">
              <properties />
              <test-case id="3762" name="ApplyJsonOverride_IgnoresEmptyValues" fullname="VLTK.Tests.Backend.BackendConfigTests.ApplyJsonOverride_IgnoresEmptyValues" methodname="ApplyJsonOverride_IgnoresEmptyValues" classname="VLTK.Tests.Backend.BackendConfigTests" runstate="Runnable" seed="1168493493" result="Passed" start-time="2026-06-13 14:38:23Z" end-time="2026-06-13 14:38:23Z" duration="0.001462" asserts="0">
                <properties>
                  <property name="retryIteration" value="0" />
                  <property name="repeatIteration" value="0" />
                </properties>
                <output><![CDATA[VLTK.Backend.BackendConfig must be instantiated using the ScriptableObject.CreateInstance method instead of new BackendConfig.
]]></output>
              </test-case>
              <test-case id="3761" name="ApplyJsonOverride_UpdatesFields" fullname="VLTK.Tests.Backend.BackendConfigTests.ApplyJsonOverride_UpdatesFields" methodname="ApplyJsonOverride_UpdatesFields" classname="VLTK.Tests.Backend.BackendConfigTests" runstate="Runnable" seed="171851" result="Passed" start-time="2026-06-13 14:38:23Z" end-time="2026-06-13 14:38:23Z" duration="0.001447" asserts="0">
                <properties>
                  <property name="retryIteration" value="0" />
                  <property name="repeatIteration" value="0" />
                </properties>
                <output><![CDATA[VLTK.Backend.BackendConfig must be instantiated using the ScriptableObject.CreateInstance method instead of new BackendConfig.
]]></output>
              </test-case>
              <test-case id="3757" name="Defaults_AreOfflineSafe" fullname="VLTK.Tests.Backend.BackendConfigTests.Defaults_AreOfflineSafe" methodname="Defaults_AreOfflineSafe" classname="VLTK.Tests.Backend.BackendConfigTests" runstate="Runnable" seed="2010315675" result="Passed" start-time="2026-06-13 14:38:23Z" end-time="2026-06-13 14:38:23Z" duration="0.000637" asserts="0">
                <properties>
                  <property name="retryIteration" value="0" />
                  <property name="repeatIteration" value="0" />
                </properties>
              </test-case>
              <test-case id="3758" name="ResolveApiUrl_ConcatenatesPath" fullname="VLTK.Tests.Backend.BackendConfigTests.ResolveApiUrl_ConcatenatesPath" methodname="ResolveApiUrl_ConcatenatesPath" classname="VLTK.Tests.Backend.BackendConfigTests" runstate="Runnable" seed="267780439" result="Passed" start-time="2026-06-13 14:38:23Z" end-time="2026-06-13 14:38:23Z" duration="0.001964" asserts="0">
                <properties>
                  <property name="retryIteration" value="0" />
                  <property name="repeatIteration" value="0" />
                </properties>
                <output><![CDATA[VLTK.Backend.BackendConfig must be instantiated using the ScriptableObject.CreateInstance method instead of new BackendConfig.
VLTK.Backend.BackendConfig must be instantiated using the ScriptableObject.CreateInstance method instead of new BackendConfig.
]]></output>
              </test-case>
              <test-case id="3759" name="ResolveApiUrl_HandlesEmptyApiPrefix" fullname="VLTK.Tests.Backend.BackendConfigTests.ResolveApiUrl_HandlesEmptyApiPrefix" methodname="ResolveApiUrl_HandlesEmptyApiPrefix" classname="VLTK.Tests.Backend.BackendConfigTests" runstate="Runnable" seed="1577547682" result="Passed" start-time="2026-06-13 14:38:23Z" end-time="2026-06-13 14:38:23Z" duration="0.001197" asserts="0">
                <properties>
                  <property name="retryIteration" value="0" />
                  <property name="repeatIteration" value="0" />
                </properties>
                <output><![CDATA[VLTK.Backend.BackendConfig must be instantiated using the ScriptableObject.CreateInstance method instead of new BackendConfig.
]]></output>
              </test-case>
              <test-case id="3760" name="ResolveRootUrl_ForHealth" fullname="VLTK.Tests.Backend.BackendConfigTests.ResolveRootUrl_ForHealth" methodname="ResolveRootUrl_ForHealth" classname="VLTK.Tests.Backend.BackendConfigTests" runstate="Runnable" seed="1840852090" result="Passed" start-time="2026-06-13 14:38:23Z" end-time="2026-06-13 14:38:23Z" duration="0.001328" asserts="0">
                <properties>
                  <property name="retryIteration" value="0" />
                  <property name="repeatIteration" value="0" />
                </properties>
                <output><![CDATA[VLTK.Backend.BackendConfig must be instantiated using the ScriptableObject.CreateInstance method instead of new BackendConfig.
]]></output>
              </test-case>
            </test-suite>
            <test-suite type="TestFixture" id="3763" name="EnterMapAsyncTests" fullname="VLTK.Tests.Backend.EnterMapAsyncTests" classname="VLTK.Tests.Backend.EnterMapAsyncTests" runstate="Runnable" testcasecount="7" result="Passed" start-time="2026-06-13 14:38:23Z" end-time="2026-06-13 14:38:25Z" duration="2.182067" total="7" passed="7" failed="0" inconclusive="0" skipped="0" asserts="0">
              <properties />
              <test-case id="3770" name="Mock_NullRequest_ReturnsInvalidArg" fullname="VLTK.Tests.Backend.EnterMapAsyncTests.Mock_NullRequest_ReturnsInvalidArg" methodname="Mock_NullRequest_ReturnsInvalidArg" classname="VLTK.Tests.Backend.EnterMapAsyncTests" runstate="Runnable" seed="728505391" result="Passed" start-time="2026-06-13 14:38:23Z" end-time="2026-06-13 14:38:23Z" duration="0.298558" asserts="0">
                <properties>
                  <property name="retryIteration" value="0" />
                  <property name="repeatIteration" value="0" />
                </properties>
                <output><![CDATA[VLTK.Backend.BackendConfig must be instantiated using the ScriptableObject.CreateInstance method instead of new BackendConfig.
]]></output>
              </test-case>
              <test-case id="3769" name="Mock_ReturnsSceneResponseEchoingRequest" fullname="VLTK.Tests.Backend.EnterMapAsyncTests.Mock_ReturnsSceneResponseEchoingRequest" methodname="Mock_ReturnsSceneResponseEchoingRequest" classname="VLTK.Tests.Backend.EnterMapAsyncTests" runstate="Runnable" seed="348320358" result="Passed" start-time="2026-06-13 14:38:23Z" end-time="2026-06-13 14:38:23Z" duration="0.299350" asserts="0">
                <properties>
                  <property name="retryIteration" value="0" />
                  <property name="repeatIteration" value="0" />
                </properties>
                <output><![CDATA[VLTK.Backend.BackendConfig must be instantiated using the ScriptableObject.CreateInstance method instead of new BackendConfig.
]]></output>
              </test-case>
              <test-case id="3764" name="Rest_BuildsPostUrlAndSendsJsonBody" fullname="VLTK.Tests.Backend.EnterMapAsyncTests.Rest_BuildsPostUrlAndSendsJsonBody" methodname="Rest_BuildsPostUrlAndSendsJsonBody" classname="VLTK.Tests.Backend.EnterMapAsyncTests" runstate="Runnable" seed="698197418" result="Passed" start-time="2026-06-13 14:38:23Z" end-time="2026-06-13 14:38:24Z" duration="0.298468" asserts="0">
                <properties>
                  <property name="retryIteration" value="0" />
                  <property name="repeatIteration" value="0" />
                </properties>
                <output><![CDATA[VLTK.Backend.BackendConfig must be instantiated using the ScriptableObject.CreateInstance method instead of new BackendConfig.
]]></output>
              </test-case>
              <test-case id="3766" name="Rest_HttpError500_ReturnsFailure" fullname="VLTK.Tests.Backend.EnterMapAsyncTests.Rest_HttpError500_ReturnsFailure" methodname="Rest_HttpError500_ReturnsFailure" classname="VLTK.Tests.Backend.EnterMapAsyncTests" runstate="Runnable" seed="297914473" result="Passed" start-time="2026-06-13 14:38:24Z" end-time="2026-06-13 14:38:24Z" duration="0.298521" asserts="0">
                <properties>
                  <property name="retryIteration" value="0" />
                  <property name="repeatIteration" value="0" />
                </properties>
                <output><![CDATA[VLTK.Backend.BackendConfig must be instantiated using the ScriptableObject.CreateInstance method instead of new BackendConfig.
]]></output>
              </test-case>
              <test-case id="3768" name="Rest_MalformedJson_ReturnsParseError" fullname="VLTK.Tests.Backend.EnterMapAsyncTests.Rest_MalformedJson_ReturnsParseError" methodname="Rest_MalformedJson_ReturnsParseError" classname="VLTK.Tests.Backend.EnterMapAsyncTests" runstate="Runnable" seed="1611342891" result="Passed" start-time="2026-06-13 14:38:24Z" end-time="2026-06-13 14:38:24Z" duration="0.299271" asserts="0">
                <properties>
                  <property name="retryIteration" value="0" />
                  <property name="repeatIteration" value="0" />
                </properties>
                <output><![CDATA[VLTK.Backend.BackendConfig must be instantiated using the ScriptableObject.CreateInstance method instead of new BackendConfig.
]]></output>
              </test-case>
              <test-case id="3765" name="Rest_NullRequest_ReturnsInvalidArgFailure" fullname="VLTK.Tests.Backend.EnterMapAsyncTests.Rest_NullRequest_ReturnsInvalidArgFailure" methodname="Rest_NullRequest_ReturnsInvalidArgFailure" classname="VLTK.Tests.Backend.EnterMapAsyncTests" runstate="Runnable" seed="1125575484" result="Passed" start-time="2026-06-13 14:38:24Z" end-time="2026-06-13 14:38:25Z" duration="0.297662" asserts="0">
                <properties>
                  <property name="retryIteration" value="0" />
                  <property name="repeatIteration" value="0" />
                </properties>
                <output><![CDATA[VLTK.Backend.BackendConfig must be instantiated using the ScriptableObject.CreateInstance method instead of new BackendConfig.
]]></output>
              </test-case>
              <test-case id="3767" name="Rest_TransportError_ReturnsTransportError" fullname="VLTK.Tests.Backend.EnterMapAsyncTests.Rest_TransportError_ReturnsTransportError" methodname="Rest_TransportError_ReturnsTransportError" classname="VLTK.Tests.Backend.EnterMapAsyncTests" runstate="Runnable" seed="1120308893" result="Passed" start-time="2026-06-13 14:38:25Z" end-time="2026-06-13 14:38:25Z" duration="0.298744" asserts="0">
                <properties>
                  <property name="retryIteration" value="0" />
                  <property name="repeatIteration" value="0" />
                </properties>
                <output><![CDATA[VLTK.Backend.BackendConfig must be instantiated using the ScriptableObject.CreateInstance method instead of new BackendConfig.
]]></output>
              </test-case>
            </test-suite>
            <test-suite type="TestFixture" id="3771" name="GetMapPositionAsyncTests" fullname="VLTK.Tests.Backend.GetMapPositionAsyncTests" classname="VLTK.Tests.Backend.GetMapPositionAsyncTests" runstate="Runnable" testcasecount="8" result="Passed" start-time="2026-06-13 14:38:25Z" end-time="2026-06-13 14:38:27Z" duration="2.491285" total="8" passed="8" failed="0" inconclusive="0" skipped="0" asserts="0">
              <properties />
              <test-case id="3779" name="Mock_NegativeRoleId_ReturnsInvalidArg" fullname="VLTK.Tests.Backend.GetMapPositionAsyncTests.Mock_NegativeRoleId_ReturnsInvalidArg" methodname="Mock_NegativeRoleId_ReturnsInvalidArg" classname="VLTK.Tests.Backend.GetMapPositionAsyncTests" runstate="Runnable" seed="1906645257" result="Passed" start-time="2026-06-13 14:38:25Z" end-time="2026-06-13 14:38:25Z" duration="0.299260" asserts="0">
                <properties>
                  <property name="retryIteration" value="0" />
                  <property name="repeatIteration" value="0" />
                </properties>
                <output><![CDATA[VLTK.Backend.BackendConfig must be instantiated using the ScriptableObject.CreateInstance method instead of new BackendConfig.
]]></output>
              </test-case>
              <test-case id="3777" name="Mock_ReturnsDefaultSceneAtPhuongTuong" fullname="VLTK.Tests.Backend.GetMapPositionAsyncTests.Mock_ReturnsDefaultSceneAtPhuongTuong" methodname="Mock_ReturnsDefaultSceneAtPhuongTuong" classname="VLTK.Tests.Backend.GetMapPositionAsyncTests" runstate="Runnable" seed="1035799511" result="Passed" start-time="2026-06-13 14:38:25Z" end-time="2026-06-13 14:38:26Z" duration="0.298367" asserts="0">
                <properties>
                  <property name="retryIteration" value="0" />
                  <property name="repeatIteration" value="0" />
                </properties>
                <output><![CDATA[VLTK.Backend.BackendConfig must be instantiated using the ScriptableObject.CreateInstance method instead of new BackendConfig.
]]></output>
              </test-case>
              <test-case id="3778" name="Mock_RoleIdZero_ReturnsInvalidArg" fullname="VLTK.Tests.Backend.GetMapPositionAsyncTests.Mock_RoleIdZero_ReturnsInvalidArg" methodname="Mock_RoleIdZero_ReturnsInvalidArg" classname="VLTK.Tests.Backend.GetMapPositionAsyncTests" runstate="Runnable" seed="629776852" result="Passed" start-time="2026-06-13 14:38:26Z" end-time="2026-06-13 14:38:26Z" duration="0.299282" asserts="0">
                <properties>
                  <property name="retryIteration" value="0" />
                  <property name="repeatIteration" value="0" />
                </properties>
                <output><![CDATA[VLTK.Backend.BackendConfig must be instantiated using the ScriptableObject.CreateInstance method instead of new BackendConfig.
]]></output>
              </test-case>
              <test-case id="3772" name="Rest_BuildsGetUrlWithRoleIdInPath" fullname="VLTK.Tests.Backend.GetMapPositionAsyncTests.Rest_BuildsGetUrlWithRoleIdInPath" methodname="Rest_BuildsGetUrlWithRoleIdInPath" classname="VLTK.Tests.Backend.GetMapPositionAsyncTests" runstate="Runnable" seed="2026576589" result="Passed" start-time="2026-06-13 14:38:26Z" end-time="2026-06-13 14:38:26Z" duration="0.298840" asserts="0">
                <properties>
                  <property name="retryIteration" value="0" />
                  <property name="repeatIteration" value="0" />
                </properties>
                <output><![CDATA[VLTK.Backend.BackendConfig must be instantiated using the ScriptableObject.CreateInstance method instead of new BackendConfig.
]]></output>
              </test-case>
              <test-case id="3775" name="Rest_HttpError404_ReturnsFailure" fullname="VLTK.Tests.Backend.GetMapPositionAsyncTests.Rest_HttpError404_ReturnsFailure" methodname="Rest_HttpError404_ReturnsFailure" classname="VLTK.Tests.Backend.GetMapPositionAsyncTests" runstate="Runnable" seed="647056050" result="Passed" start-time="2026-06-13 14:38:26Z" end-time="2026-06-13 14:38:27Z" duration="0.299735" asserts="0">
                <properties>
                  <property name="retryIteration" value="0" />
                  <property name="repeatIteration" value="0" />
                </properties>
                <output><![CDATA[VLTK.Backend.BackendConfig must be instantiated using the ScriptableObject.CreateInstance method instead of new BackendConfig.
]]></output>
              </test-case>
              <test-case id="3774" name="Rest_RoleIdNegative_ReturnsInvalidArg" fullname="VLTK.Tests.Backend.GetMapPositionAsyncTests.Rest_RoleIdNegative_ReturnsInvalidArg" methodname="Rest_RoleIdNegative_ReturnsInvalidArg" classname="VLTK.Tests.Backend.GetMapPositionAsyncTests" runstate="Runnable" seed="1385709857" result="Passed" start-time="2026-06-13 14:38:27Z" end-time="2026-06-13 14:38:27Z" duration="0.297985" asserts="0">
                <properties>
                  <property name="retryIteration" value="0" />
                  <property name="repeatIteration" value="0" />
                </properties>
                <output><![CDATA[VLTK.Backend.BackendConfig must be instantiated using the ScriptableObject.CreateInstance method instead of new BackendConfig.
]]></output>
              </test-case>
              <test-case id="3773" name="Rest_RoleIdZero_ReturnsInvalidArg" fullname="VLTK.Tests.Backend.GetMapPositionAsyncTests.Rest_RoleIdZero_ReturnsInvalidArg" methodname="Rest_RoleIdZero_ReturnsInvalidArg" classname="VLTK.Tests.Backend.GetMapPositionAsyncTests" runstate="Runnable" seed="1943247522" result="Passed" start-time="2026-06-13 14:38:27Z" end-time="2026-06-13 14:38:27Z" duration="0.298775" asserts="0">
                <properties>
                  <property name="retryIteration" value="0" />
                  <property name="repeatIteration" value="0" />
                </properties>
                <output><![CDATA[VLTK.Backend.BackendConfig must be instantiated using the ScriptableObject.CreateInstance method instead of new BackendConfig.
]]></output>
              </test-case>
              <test-case id="3776" name="Rest_TransportError_ReturnsTransportError" fullname="VLTK.Tests.Backend.GetMapPositionAsyncTests.Rest_TransportError_ReturnsTransportError" methodname="Rest_TransportError_ReturnsTransportError" classname="VLTK.Tests.Backend.GetMapPositionAsyncTests" runstate="Runnable" seed="469956021" result="Passed" start-time="2026-06-13 14:38:27Z" end-time="2026-06-13 14:38:27Z" duration="0.297842" asserts="0">
                <properties>
                  <property name="retryIteration" value="0" />
                  <property name="repeatIteration" value="0" />
                </properties>
                <output><![CDATA[VLTK.Backend.BackendConfig must be instantiated using the ScriptableObject.CreateInstance method instead of new BackendConfig.
]]></output>
              </test-case>
            </test-suite>
            <test-suite type="TestFixture" id="3780" name="ListItemsAsyncTests" fullname="VLTK.Tests.Backend.ListItemsAsyncTests" classname="VLTK.Tests.Backend.ListItemsAsyncTests" runstate="Runnable" testcasecount="9" result="Passed" start-time="2026-06-13 14:38:27Z" end-time="2026-06-13 14:38:30Z" duration="2.793289" total="9" passed="9" failed="0" inconclusive="0" skipped="0" asserts="0">
              <properties />
              <test-case id="3789" name="Mock_NegativeRoleId_ReturnsInvalidArg" fullname="VLTK.Tests.Backend.ListItemsAsyncTests.Mock_NegativeRoleId_ReturnsInvalidArg" methodname="Mock_NegativeRoleId_ReturnsInvalidArg" classname="VLTK.Tests.Backend.ListItemsAsyncTests" runstate="Runnable" seed="1833267476" result="Passed" start-time="2026-06-13 14:38:28Z" end-time="2026-06-13 14:38:28Z" duration="0.298220" asserts="0">
                <properties>
                  <property name="retryIteration" value="0" />
                  <property name="repeatIteration" value="0" />
                </properties>
                <output><![CDATA[VLTK.Backend.BackendConfig must be instantiated using the ScriptableObject.CreateInstance method instead of new BackendConfig.
]]></output>
              </test-case>
              <test-case id="3787" name="Mock_ReturnsSeededBag" fullname="VLTK.Tests.Backend.ListItemsAsyncTests.Mock_ReturnsSeededBag" methodname="Mock_ReturnsSeededBag" classname="VLTK.Tests.Backend.ListItemsAsyncTests" runstate="Runnable" seed="1756097952" result="Passed" start-time="2026-06-13 14:38:28Z" end-time="2026-06-13 14:38:28Z" duration="0.297814" asserts="0">
                <properties>
                  <property name="retryIteration" value="0" />
                  <property name="repeatIteration" value="0" />
                </properties>
                <output><![CDATA[VLTK.Backend.BackendConfig must be instantiated using the ScriptableObject.CreateInstance method instead of new BackendConfig.
]]></output>
              </test-case>
              <test-case id="3788" name="Mock_RoleIdZero_ReturnsInvalidArg" fullname="VLTK.Tests.Backend.ListItemsAsyncTests.Mock_RoleIdZero_ReturnsInvalidArg" methodname="Mock_RoleIdZero_ReturnsInvalidArg" classname="VLTK.Tests.Backend.ListItemsAsyncTests" runstate="Runnable" seed="715347526" result="Passed" start-time="2026-06-13 14:38:28Z" end-time="2026-06-13 14:38:28Z" duration="0.299639" asserts="0">
                <properties>
                  <property name="retryIteration" value="0" />
                  <property name="repeatIteration" value="0" />
                </properties>
                <output><![CDATA[VLTK.Backend.BackendConfig must be instantiated using the ScriptableObject.CreateInstance method instead of new BackendConfig.
]]></output>
              </test-case>
              <test-case id="3781" name="Rest_BuildsGetUrlWithRoleIdInPath" fullname="VLTK.Tests.Backend.ListItemsAsyncTests.Rest_BuildsGetUrlWithRoleIdInPath" methodname="Rest_BuildsGetUrlWithRoleIdInPath" classname="VLTK.Tests.Backend.ListItemsAsyncTests" runstate="Runnable" seed="142821895" result="Passed" start-time="2026-06-13 14:38:28Z" end-time="2026-06-13 14:38:29Z" duration="0.299566" asserts="0">
                <properties>
                  <property name="retryIteration" value="0" />
                  <property name="repeatIteration" value="0" />
                </properties>
                <output><![CDATA[VLTK.Backend.BackendConfig must be instantiated using the ScriptableObject.CreateInstance method instead of new BackendConfig.
]]></output>
              </test-case>
              <test-case id="3786" name="Rest_EmptyBag_ReturnsEmptyList" fullname="VLTK.Tests.Backend.ListItemsAsyncTests.Rest_EmptyBag_ReturnsEmptyList" methodname="Rest_EmptyBag_ReturnsEmptyList" classname="VLTK.Tests.Backend.ListItemsAsyncTests" runstate="Runnable" seed="1026632195" result="Passed" start-time="2026-06-13 14:38:29Z" end-time="2026-06-13 14:38:29Z" duration="0.298950" asserts="0">
                <properties>
                  <property name="retryIteration" value="0" />
                  <property name="repeatIteration" value="0" />
                </properties>
                <output><![CDATA[VLTK.Backend.BackendConfig must be instantiated using the ScriptableObject.CreateInstance method instead of new BackendConfig.
]]></output>
              </test-case>
              <test-case id="3784" name="Rest_HttpError500_ReturnsFailure" fullname="VLTK.Tests.Backend.ListItemsAsyncTests.Rest_HttpError500_ReturnsFailure" methodname="Rest_HttpError500_ReturnsFailure" classname="VLTK.Tests.Backend.ListItemsAsyncTests" runstate="Runnable" seed="480812563" result="Passed" start-time="2026-06-13 14:38:29Z" end-time="2026-06-13 14:38:29Z" duration="0.298465" asserts="0">
                <properties>
                  <property name="retryIteration" value="0" />
                  <property name="repeatIteration" value="0" />
                </properties>
                <output><![CDATA[VLTK.Backend.BackendConfig must be instantiated using the ScriptableObject.CreateInstance method instead of new BackendConfig.
]]></output>
              </test-case>
              <test-case id="3783" name="Rest_NegativeRoleId_ReturnsInvalidArg" fullname="VLTK.Tests.Backend.ListItemsAsyncTests.Rest_NegativeRoleId_ReturnsInvalidArg" methodname="Rest_NegativeRoleId_ReturnsInvalidArg" classname="VLTK.Tests.Backend.ListItemsAsyncTests" runstate="Runnable" seed="442659398" result="Passed" start-time="2026-06-13 14:38:29Z" end-time="2026-06-13 14:38:30Z" duration="0.300027" asserts="0">
                <properties>
                  <property name="retryIteration" value="0" />
                  <property name="repeatIteration" value="0" />
                </properties>
                <output><![CDATA[VLTK.Backend.BackendConfig must be instantiated using the ScriptableObject.CreateInstance method instead of new BackendConfig.
]]></output>
              </test-case>
              <test-case id="3782" name="Rest_RoleIdZero_ReturnsInvalidArg" fullname="VLTK.Tests.Backend.ListItemsAsyncTests.Rest_RoleIdZero_ReturnsInvalidArg" methodname="Rest_RoleIdZero_ReturnsInvalidArg" classname="VLTK.Tests.Backend.ListItemsAsyncTests" runstate="Runnable" seed="683967354" result="Passed" start-time="2026-06-13 14:38:30Z" end-time="2026-06-13 14:38:30Z" duration="0.297903" asserts="0">
                <properties>
                  <property name="retryIteration" value="0" />
                  <property name="repeatIteration" value="0" />
                </properties>
                <output><![CDATA[VLTK.Backend.BackendConfig must be instantiated using the ScriptableObject.CreateInstance method instead of new BackendConfig.
]]></output>
              </test-case>
              <test-case id="3785" name="Rest_TransportError_ReturnsTransportError" fullname="VLTK.Tests.Backend.ListItemsAsyncTests.Rest_TransportError_ReturnsTransportError" methodname="Rest_TransportError_ReturnsTransportError" classname="VLTK.Tests.Backend.ListItemsAsyncTests" runstate="Runnable" seed="804935899" result="Passed" start-time="2026-06-13 14:38:30Z" end-time="2026-06-13 14:38:30Z" duration="0.298993" asserts="0">
                <properties>
                  <property name="retryIteration" value="0" />
                  <property name="repeatIteration" value="0" />
                </properties>
                <output><![CDATA[VLTK.Backend.BackendConfig must be instantiated using the ScriptableObject.CreateInstance method instead of new BackendConfig.
]]></output>
              </test-case>
            </test-suite>
            <test-suite type="TestFixture" id="3790" name="MockGameBackendTests" fullname="VLTK.Tests.Backend.MockGameBackendTests" classname="VLTK.Tests.Backend.MockGameBackendTests" runstate="Runnable" testcasecount="4" result="Passed" start-time="2026-06-13 14:38:30Z" end-time="2026-06-13 14:38:31Z" duration="0.996628" total="4" passed="4" failed="0" inconclusive="0" skipped="0" asserts="0">
              <properties />
              <test-case id="3791" name="GetHealthAsync_ReturnsOk" fullname="VLTK.Tests.Backend.MockGameBackendTests.GetHealthAsync_ReturnsOk" methodname="GetHealthAsync_ReturnsOk" classname="VLTK.Tests.Backend.MockGameBackendTests" runstate="Runnable" seed="1269771474" result="Passed" start-time="2026-06-13 14:38:30Z" end-time="2026-06-13 14:38:31Z" duration="0.297279" asserts="0">
                <properties>
                  <property name="retryIteration" value="0" />
                  <property name="repeatIteration" value="0" />
                </properties>
                <output><![CDATA[VLTK.Backend.BackendConfig must be instantiated using the ScriptableObject.CreateInstance method instead of new BackendConfig.
]]></output>
              </test-case>
              <test-case id="3794" name="IsConfigured_TrueWithConfig" fullname="VLTK.Tests.Backend.MockGameBackendTests.IsConfigured_TrueWithConfig" methodname="IsConfigured_TrueWithConfig" classname="VLTK.Tests.Backend.MockGameBackendTests" runstate="Runnable" seed="852373231" result="Passed" start-time="2026-06-13 14:38:31Z" end-time="2026-06-13 14:38:31Z" duration="0.001646" asserts="0">
                <properties>
                  <property name="retryIteration" value="0" />
                  <property name="repeatIteration" value="0" />
                </properties>
                <output><![CDATA[VLTK.Backend.BackendConfig must be instantiated using the ScriptableObject.CreateInstance method instead of new BackendConfig.
]]></output>
              </test-case>
              <test-case id="3793" name="ListMapsAsync_FilterByMapType" fullname="VLTK.Tests.Backend.MockGameBackendTests.ListMapsAsync_FilterByMapType" methodname="ListMapsAsync_FilterByMapType" classname="VLTK.Tests.Backend.MockGameBackendTests" runstate="Runnable" seed="2090279144" result="Passed" start-time="2026-06-13 14:38:31Z" end-time="2026-06-13 14:38:31Z" duration="0.296608" asserts="0">
                <properties>
                  <property name="retryIteration" value="0" />
                  <property name="repeatIteration" value="0" />
                </properties>
                <output><![CDATA[VLTK.Backend.BackendConfig must be instantiated using the ScriptableObject.CreateInstance method instead of new BackendConfig.
]]></output>
              </test-case>
              <test-case id="3792" name="ListMapsAsync_ReturnsSeededMaps" fullname="VLTK.Tests.Backend.MockGameBackendTests.ListMapsAsync_ReturnsSeededMaps" methodname="ListMapsAsync_ReturnsSeededMaps" classname="VLTK.Tests.Backend.MockGameBackendTests" runstate="Runnable" seed="1210920195" result="Passed" start-time="2026-06-13 14:38:31Z" end-time="2026-06-13 14:38:31Z" duration="0.298324" asserts="0">
                <properties>
                  <property name="retryIteration" value="0" />
                  <property name="repeatIteration" value="0" />
                </properties>
                <output><![CDATA[VLTK.Backend.BackendConfig must be instantiated using the ScriptableObject.CreateInstance method instead of new BackendConfig.
]]></output>
              </test-case>
            </test-suite>
            <test-suite type="TestFixture" id="3795" name="RestGameBackendTests" fullname="VLTK.Tests.Backend.RestGameBackendTests" classname="VLTK.Tests.Backend.RestGameBackendTests" runstate="Runnable" testcasecount="9" result="Passed" start-time="2026-06-13 14:38:31Z" end-time="2026-06-13 14:38:34Z" duration="2.494061" total="9" passed="9" failed="0" inconclusive="0" skipped="0" asserts="0">
              <properties />
              <test-case id="3803" name="Cancellation_ReturnsCancelledCode" fullname="VLTK.Tests.Backend.RestGameBackendTests.Cancellation_ReturnsCancelledCode" methodname="Cancellation_ReturnsCancelledCode" classname="VLTK.Tests.Backend.RestGameBackendTests" runstate="Runnable" seed="732483470" result="Passed" start-time="2026-06-13 14:38:31Z" end-time="2026-06-13 14:38:32Z" duration="0.298464" asserts="0">
                <properties>
                  <property name="retryIteration" value="0" />
                  <property name="repeatIteration" value="0" />
                </properties>
                <output><![CDATA[VLTK.Backend.BackendConfig must be instantiated using the ScriptableObject.CreateInstance method instead of new BackendConfig.
]]></output>
              </test-case>
              <test-case id="3796" name="GetHealthAsync_BuildsUrlWithoutV1" fullname="VLTK.Tests.Backend.RestGameBackendTests.GetHealthAsync_BuildsUrlWithoutV1" methodname="GetHealthAsync_BuildsUrlWithoutV1" classname="VLTK.Tests.Backend.RestGameBackendTests" runstate="Runnable" seed="1763992198" result="Passed" start-time="2026-06-13 14:38:32Z" end-time="2026-06-13 14:38:32Z" duration="0.300626" asserts="0">
                <properties>
                  <property name="retryIteration" value="0" />
                  <property name="repeatIteration" value="0" />
                </properties>
                <output><![CDATA[VLTK.Backend.BackendConfig must be instantiated using the ScriptableObject.CreateInstance method instead of new BackendConfig.
]]></output>
              </test-case>
              <test-case id="3800" name="HttpError_401_ReturnsFailureWithCode" fullname="VLTK.Tests.Backend.RestGameBackendTests.HttpError_401_ReturnsFailureWithCode" methodname="HttpError_401_ReturnsFailureWithCode" classname="VLTK.Tests.Backend.RestGameBackendTests" runstate="Runnable" seed="1710142851" result="Passed" start-time="2026-06-13 14:38:32Z" end-time="2026-06-13 14:38:32Z" duration="0.299351" asserts="0">
                <properties>
                  <property name="retryIteration" value="0" />
                  <property name="repeatIteration" value="0" />
                </properties>
                <output><![CDATA[VLTK.Backend.BackendConfig must be instantiated using the ScriptableObject.CreateInstance method instead of new BackendConfig.
]]></output>
              </test-case>
              <test-case id="3799" name="HttpError_500_ReturnsFailure" fullname="VLTK.Tests.Backend.RestGameBackendTests.HttpError_500_ReturnsFailure" methodname="HttpError_500_ReturnsFailure" classname="VLTK.Tests.Backend.RestGameBackendTests" runstate="Runnable" seed="1162740203" result="Passed" start-time="2026-06-13 14:38:32Z" end-time="2026-06-13 14:38:33Z" duration="0.298418" asserts="0">
                <properties>
                  <property name="retryIteration" value="0" />
                  <property name="repeatIteration" value="0" />
                </properties>
                <output><![CDATA[VLTK.Backend.BackendConfig must be instantiated using the ScriptableObject.CreateInstance method instead of new BackendConfig.
]]></output>
              </test-case>
              <test-case id="3804" name="IsConfigured_TrueWithValidConfig" fullname="VLTK.Tests.Backend.RestGameBackendTests.IsConfigured_TrueWithValidConfig" methodname="IsConfigured_TrueWithValidConfig" classname="VLTK.Tests.Backend.RestGameBackendTests" runstate="Runnable" seed="829487914" result="Passed" start-time="2026-06-13 14:38:33Z" end-time="2026-06-13 14:38:33Z" duration="0.000900" asserts="0">
                <properties>
                  <property name="retryIteration" value="0" />
                  <property name="repeatIteration" value="0" />
                </properties>
                <output><![CDATA[VLTK.Backend.BackendConfig must be instantiated using the ScriptableObject.CreateInstance method instead of new BackendConfig.
]]></output>
              </test-case>
              <test-case id="3798" name="ListMapsAsync_AppendsMapTypeQuery" fullname="VLTK.Tests.Backend.RestGameBackendTests.ListMapsAsync_AppendsMapTypeQuery" methodname="ListMapsAsync_AppendsMapTypeQuery" classname="VLTK.Tests.Backend.RestGameBackendTests" runstate="Runnable" seed="1790459158" result="Passed" start-time="2026-06-13 14:38:33Z" end-time="2026-06-13 14:38:33Z" duration="0.297002" asserts="0">
                <properties>
                  <property name="retryIteration" value="0" />
                  <property name="repeatIteration" value="0" />
                </properties>
                <output><![CDATA[VLTK.Backend.BackendConfig must be instantiated using the ScriptableObject.CreateInstance method instead of new BackendConfig.
]]></output>
              </test-case>
              <test-case id="3797" name="ListMapsAsync_BuildsUrlAndParsesEnvelope" fullname="VLTK.Tests.Backend.RestGameBackendTests.ListMapsAsync_BuildsUrlAndParsesEnvelope" methodname="ListMapsAsync_BuildsUrlAndParsesEnvelope" classname="VLTK.Tests.Backend.RestGameBackendTests" runstate="Runnable" seed="1548739004" result="Passed" start-time="2026-06-13 14:38:33Z" end-time="2026-06-13 14:38:33Z" duration="0.299359" asserts="0">
                <properties>
                  <property name="retryIteration" value="0" />
                  <property name="repeatIteration" value="0" />
                </properties>
                <output><![CDATA[VLTK.Backend.BackendConfig must be instantiated using the ScriptableObject.CreateInstance method instead of new BackendConfig.
]]></output>
              </test-case>
              <test-case id="3802" name="MalformedJson_ReturnsParseError" fullname="VLTK.Tests.Backend.RestGameBackendTests.MalformedJson_ReturnsParseError" methodname="MalformedJson_ReturnsParseError" classname="VLTK.Tests.Backend.RestGameBackendTests" runstate="Runnable" seed="410295424" result="Passed" start-time="2026-06-13 14:38:33Z" end-time="2026-06-13 14:38:33Z" duration="0.298486" asserts="0">
                <properties>
                  <property name="retryIteration" value="0" />
                  <property name="repeatIteration" value="0" />
                </properties>
                <output><![CDATA[VLTK.Backend.BackendConfig must be instantiated using the ScriptableObject.CreateInstance method instead of new BackendConfig.
]]></output>
              </test-case>
              <test-case id="3801" name="TransportError_ReturnsTransportErrorCode" fullname="VLTK.Tests.Backend.RestGameBackendTests.TransportError_ReturnsTransportErrorCode" methodname="TransportError_ReturnsTransportErrorCode" classname="VLTK.Tests.Backend.RestGameBackendTests" runstate="Runnable" seed="987069915" result="Passed" start-time="2026-06-13 14:38:33Z" end-time="2026-06-13 14:38:34Z" duration="0.299716" asserts="0">
                <properties>
                  <property name="retryIteration" value="0" />
                  <property name="repeatIteration" value="0" />
                </properties>
                <output><![CDATA[VLTK.Backend.BackendConfig must be instantiated using the ScriptableObject.CreateInstance method instead of new BackendConfig.
<b><color=#2EA3FF>MCP-FOR-UNITY</color></b>: [TestRunnerNoThrottle] Restored Interaction Mode after test run.
Saving results to: /home/zet/.config/unity3d/vltk/vltk-mobile/TestResults.xml
]]></output>
              </test-case>
            </test-suite>
          </test-suite>
        </test-suite>
      </test-suite>
    </test-suite>
  </test-suite>
</test-run>