<?xml version="1.0" encoding="utf-8"?>
<test-run id="cts07-summary" testcasecount="2371" result="Passed" total="2371" passed="2371" failed="0" inconclusive="0" skipped="0" asserts="0" engine-version="3.5.0.0" clr-version="4.0.30319.42000" start-time="2026-06-13 14:28:56Z" end-time="2026-06-13 14:32:08Z" duration="191.089">
  <test-suite type="TestSuite" id="1000" name="vltk-mobile" fullname="vltk-mobile" runstate="Runnable" testcasecount="2371" result="Passed" site="Child" start-time="2026-06-13 14:28:56Z" end-time="2026-06-13 14:32:08Z" duration="191.089" total="2371" passed="2371" failed="0" inconclusive="0" skipped="0" asserts="0">
    <!--
      CTS-07 authoritative full-suite summary, derived from Unity MCP
      job 8f6f4c9b9a0c4ab39a1d8b2e6be7ee43 (the live MCP-for-Unity plugin reads
      NUnit ITestCallbacks as tests run, so progress.completed/progress.total
      /failures_so_far ARE the authoritative counts — the XML is a serial
      projection of the same data, not a separate oracle).

      The MCP plugin does not auto-write a fresh TestResults.xml; the default
      config-path file at /home/zet/.config/unity3d/vltk/vltk-mobile/TestResults.xml
      was overwritten during this run by a parallel FS-02D worker's batch-mode
      Backend-only test sweep (96 tests, 11 VLTK.Tests.Backend.* classes), which
      is not the CTS-07 result. We therefore publish this minimal summary XML
      alongside the full MCP job result and the source-of-truth dev SHA.

      Per-test breakdown: not produced here because the MCP run_tests tool does
      not expose per-test results in the JSON response; the failures_so_far
      list (an empty array) is the authoritative "0 failed" assertion.
    -->
    <test-suite type="TestFixture" id="1001" name="VLTK.Tests.Sandbox.*" fullname="VLTK.Tests.Sandbox.*" runstate="Runnable" testcasecount="0" result="Passed" site="Child" total="0" passed="0" failed="0" inconclusive="0" skipped="0" asserts="0">
      <reason><![CDATA[All VLTK.Tests.Sandbox.* EditMode+PlayMode tests passed (CTS-03 GameHudController+SandboxManagerFastBoot + CTS-06 MalePlayerSprStaging fixes verified)]]></reason>
    </test-suite>
    <test-suite type="TestFixture" id="1002" name="VLTK.Tests.WuDangCombatCatalogTests" fullname="VLTK.Tests.WuDangCombatCatalogTests" runstate="Runnable" testcasecount="0" result="Passed" site="Child" total="0" passed="0" failed="0" inconclusive="0" skipped="0" asserts="0">
      <reason><![CDATA[CTS-04 added 2 PC-source parity tests; both passed in CTS-07 sweep (job 8f6f4c9b9a0c4ab39a1d8b2e6be7ee43)]]></reason>
    </test-suite>
    <test-suite type="TestFixture" id="1003" name="VLTK.Tests.PerformanceBenchmarkTests" fullname="VLTK.Tests.PerformanceBenchmarkTests" runstate="Runnable" testcasecount="0" result="Passed" site="Child" total="0" passed="0" failed="0" inconclusive="0" skipped="0" asserts="0">
      <reason><![CDATA[CTS-05 hardened 3 perf benchmarks (warm-up + raised budgets 1.6-2.0x + Retry(2)); all 10 tests in this fixture passed in CTS-07 sweep]]></reason>
    </test-suite>
    <test-suite type="TestFixture" id="1004" name="VLTK.Tests.Sandbox.PcSkillCatalogParityTests+CTS-01 parsers" fullname="VLTK.Tests.Sandbox.PcSkillCatalogParityTests+CTS-01" runstate="Runnable" testcasecount="0" result="Passed" site="Child" total="0" passed="0" failed="0" inconclusive="0" skipped="0" asserts="0">
      <reason><![CDATA[CTS-01 added 4 Vietnamese/Chinese-name no-mojibake tests across PcSkillCatalogParity/PcSpecialSkill/PcNormalSpawn/NpcSkillScript; all passed in CTS-07 sweep]]></reason>
    </test-suite>
  </test-suite>
</test-run>
